{"/var/home/oplfun/projects/online-picket-line/opl-browser-plugin/api-service.js": {"path":"/var/home/oplfun/projects/online-picket-line/opl-browser-plugin/api-service.js","statementMap":{"0":{"start":{"line":5,"column":29},"end":{"line":5,"column":59}},"1":{"start":{"line":8,"column":12},"end":{"line":8,"column":18}},"2":{"start":{"line":9,"column":12},"end":{"line":9,"column":41}},"3":{"start":{"line":9,"column":18},"end":{"line":9,"column":41}},"4":{"start":{"line":10,"column":12},"end":{"line":10,"column":62}},"5":{"start":{"line":10,"column":30},"end":{"line":10,"column":52}},"6":{"start":{"line":11,"column":12},"end":{"line":11,"column":105}},"7":{"start":{"line":11,"column":31},"end":{"line":11,"column":65}},"8":{"start":{"line":11,"column":67},"end":{"line":11,"column":100}},"9":{"start":{"line":12,"column":12},"end":{"line":15,"column":4}},"10":{"start":{"line":13,"column":12},"end":{"line":13,"column":28}},"11":{"start":{"line":14,"column":2},"end":{"line":14,"column":41}},"12":{"start":{"line":16,"column":12},"end":{"line":16,"column":51}},"13":{"start":{"line":16,"column":23},"end":{"line":16,"column":34}},"14":{"start":{"line":17,"column":12},"end":{"line":17,"column":74}},"15":{"start":{"line":25,"column":16},"end":{"line":33,"column":3}},"16":{"start":{"line":36,"column":20},"end":{"line":36,"column":34}},"17":{"start":{"line":37,"column":26},"end":{"line":37,"column":28}},"18":{"start":{"line":39,"column":2},"end":{"line":41,"column":3}},"19":{"start":{"line":40,"column":4},"end":{"line":40,"column":56}},"20":{"start":{"line":44,"column":2},"end":{"line":44,"column":25}},"21":{"start":{"line":48,"column":26},"end":{"line":71,"column":4}},"22":{"start":{"line":49,"column":19},"end":{"line":49,"column":23}},"23":{"start":{"line":50,"column":19},"end":{"line":50,"column":20}},"24":{"start":{"line":52,"column":2},"end":{"line":70,"column":4}},"25":{"start":{"line":53,"column":16},"end":{"line":53,"column":26}},"26":{"start":{"line":56,"column":4},"end":{"line":58,"column":5}},"27":{"start":{"line":57,"column":6},"end":{"line":57,"column":24}},"28":{"start":{"line":60,"column":4},"end":{"line":69,"column":5}},"29":{"start":{"line":61,"column":6},"end":{"line":61,"column":34}},"30":{"start":{"line":62,"column":6},"end":{"line":62,"column":23}},"31":{"start":{"line":63,"column":6},"end":{"line":63,"column":24}},"32":{"start":{"line":66,"column":23},"end":{"line":66,"column":117}},"33":{"start":{"line":67,"column":6},"end":{"line":67,"column":50}},"34":{"start":{"line":68,"column":6},"end":{"line":68,"column":22}},"35":{"start":{"line":74,"column":29},"end":{"line":83,"column":1}},"36":{"start":{"line":75,"column":16},"end":{"line":75,"column":33}},"37":{"start":{"line":76,"column":2},"end":{"line":78,"column":3}},"38":{"start":{"line":76,"column":15},"end":{"line":76,"column":16}},"39":{"start":{"line":77,"column":4},"end":{"line":77,"column":18}},"40":{"start":{"line":79,"column":19},"end":{"line":79,"column":44}},"41":{"start":{"line":82,"column":2},"end":{"line":82,"column":24}},"42":{"start":{"line":85,"column":18},"end":{"line":85,"column":39}},"43":{"start":{"line":86,"column":23},"end":{"line":86,"column":29}},"44":{"start":{"line":87,"column":23},"end":{"line":87,"column":37}},"45":{"start":{"line":92,"column":4},"end":{"line":92,"column":40}},"46":{"start":{"line":93,"column":4},"end":{"line":93,"column":41}},"47":{"start":{"line":94,"column":4},"end":{"line":94,"column":52}},"48":{"start":{"line":102,"column":4},"end":{"line":102,"column":40}},"49":{"start":{"line":103,"column":4},"end":{"line":103,"column":52}},"50":{"start":{"line":111,"column":4},"end":{"line":114,"column":7}},"51":{"start":{"line":122,"column":4},"end":{"line":124,"column":5}},"52":{"start":{"line":123,"column":6},"end":{"line":123,"column":64}},"53":{"start":{"line":126,"column":4},"end":{"line":139,"column":5}},"54":{"start":{"line":127,"column":28},"end":{"line":127,"column":46}},"55":{"start":{"line":128,"column":25},"end":{"line":128,"column":44}},"56":{"start":{"line":131,"column":6},"end":{"line":133,"column":7}},"57":{"start":{"line":132,"column":8},"end":{"line":132,"column":49}},"58":{"start":{"line":135,"column":6},"end":{"line":135,"column":24}},"59":{"start":{"line":137,"column":6},"end":{"line":137,"column":61}},"60":{"start":{"line":138,"column":6},"end":{"line":138,"column":52}},"61":{"start":{"line":160,"column":4},"end":{"line":251,"column":5}},"62":{"start":{"line":162,"column":6},"end":{"line":164,"column":7}},"63":{"start":{"line":163,"column":8},"end":{"line":163,"column":64}},"64":{"start":{"line":167,"column":21},"end":{"line":167,"column":47}},"65":{"start":{"line":168,"column":6},"end":{"line":171,"column":7}},"66":{"start":{"line":169,"column":8},"end":{"line":169,"column":50}},"67":{"start":{"line":170,"column":8},"end":{"line":170,"column":22}},"68":{"start":{"line":174,"column":6},"end":{"line":174,"column":24}},"69":{"start":{"line":177,"column":25},"end":{"line":177,"column":51}},"70":{"start":{"line":180,"column":16},"end":{"line":180,"column":91}},"71":{"start":{"line":181,"column":6},"end":{"line":183,"column":7}},"72":{"start":{"line":182,"column":8},"end":{"line":182,"column":37}},"73":{"start":{"line":186,"column":21},"end":{"line":186,"column":37}},"74":{"start":{"line":188,"column":22},"end":{"line":192,"column":7}},"75":{"start":{"line":194,"column":23},"end":{"line":197,"column":8}},"76":{"start":{"line":199,"column":6},"end":{"line":207,"column":7}},"77":{"start":{"line":201,"column":8},"end":{"line":201,"column":69}},"78":{"start":{"line":202,"column":23},"end":{"line":202,"column":53}},"79":{"start":{"line":203,"column":8},"end":{"line":205,"column":9}},"80":{"start":{"line":204,"column":10},"end":{"line":204,"column":24}},"81":{"start":{"line":209,"column":6},"end":{"line":212,"column":7}},"82":{"start":{"line":210,"column":27},"end":{"line":210,"column":71}},"83":{"start":{"line":211,"column":8},"end":{"line":211,"column":75}},"84":{"start":{"line":214,"column":6},"end":{"line":216,"column":7}},"85":{"start":{"line":215,"column":8},"end":{"line":215,"column":94}},"86":{"start":{"line":218,"column":6},"end":{"line":220,"column":7}},"87":{"start":{"line":219,"column":8},"end":{"line":219,"column":89}},"88":{"start":{"line":222,"column":19},"end":{"line":222,"column":40}},"89":{"start":{"line":225,"column":26},"end":{"line":225,"column":64}},"90":{"start":{"line":226,"column":6},"end":{"line":228,"column":7}},"91":{"start":{"line":227,"column":8},"end":{"line":227,"column":46}},"92":{"start":{"line":231,"column":30},"end":{"line":231,"column":70}},"93":{"start":{"line":234,"column":6},"end":{"line":234,"column":48}},"94":{"start":{"line":236,"column":6},"end":{"line":236,"column":93}},"95":{"start":{"line":238,"column":6},"end":{"line":238,"column":29}},"96":{"start":{"line":240,"column":6},"end":{"line":240,"column":60}},"97":{"start":{"line":243,"column":21},"end":{"line":243,"column":51}},"98":{"start":{"line":244,"column":6},"end":{"line":247,"column":7}},"99":{"start":{"line":245,"column":8},"end":{"line":245,"column":64}},"100":{"start":{"line":246,"column":8},"end":{"line":246,"column":22}},"101":{"start":{"line":250,"column":6},"end":{"line":250,"column":16}},"102":{"start":{"line":260,"column":4},"end":{"line":262,"column":5}},"103":{"start":{"line":261,"column":6},"end":{"line":261,"column":16}},"104":{"start":{"line":264,"column":20},"end":{"line":264,"column":22}},"105":{"start":{"line":267,"column":4},"end":{"line":297,"column":5}},"106":{"start":{"line":269,"column":6},"end":{"line":271,"column":7}},"107":{"start":{"line":270,"column":8},"end":{"line":270,"column":17}},"108":{"start":{"line":274,"column":28},"end":{"line":274,"column":55}},"109":{"start":{"line":276,"column":21},"end":{"line":294,"column":7}},"110":{"start":{"line":284,"column":69},"end":{"line":284,"column":103}},"111":{"start":{"line":296,"column":6},"end":{"line":296,"column":27}},"112":{"start":{"line":299,"column":4},"end":{"line":299,"column":19}},"113":{"start":{"line":309,"column":4},"end":{"line":309,"column":79}},"114":{"start":{"line":318,"column":4},"end":{"line":318,"column":39}},"115":{"start":{"line":318,"column":17},"end":{"line":318,"column":39}},"116":{"start":{"line":320,"column":24},"end":{"line":320,"column":44}},"117":{"start":{"line":321,"column":4},"end":{"line":321,"column":56}},"118":{"start":{"line":321,"column":40},"end":{"line":321,"column":56}},"119":{"start":{"line":322,"column":4},"end":{"line":322,"column":58}},"120":{"start":{"line":322,"column":41},"end":{"line":322,"column":58}},"121":{"start":{"line":323,"column":4},"end":{"line":323,"column":56}},"122":{"start":{"line":323,"column":40},"end":{"line":323,"column":56}},"123":{"start":{"line":324,"column":4},"end":{"line":324,"column":58}},"124":{"start":{"line":324,"column":41},"end":{"line":324,"column":58}},"125":{"start":{"line":326,"column":4},"end":{"line":326,"column":26}},"126":{"start":{"line":335,"column":4},"end":{"line":345,"column":5}},"127":{"start":{"line":336,"column":6},"end":{"line":336,"column":32}},"128":{"start":{"line":339,"column":6},"end":{"line":344,"column":7}},"129":{"start":{"line":340,"column":8},"end":{"line":340,"column":47}},"130":{"start":{"line":342,"column":8},"end":{"line":342,"column":56}},"131":{"start":{"line":343,"column":8},"end":{"line":343,"column":20}},"132":{"start":{"line":354,"column":4},"end":{"line":374,"column":7}},"133":{"start":{"line":355,"column":6},"end":{"line":373,"column":9}},"134":{"start":{"line":356,"column":23},"end":{"line":356,"column":40}},"135":{"start":{"line":357,"column":26},"end":{"line":357,"column":48}},"136":{"start":{"line":359,"column":8},"end":{"line":362,"column":9}},"137":{"start":{"line":360,"column":10},"end":{"line":360,"column":24}},"138":{"start":{"line":361,"column":10},"end":{"line":361,"column":17}},"139":{"start":{"line":364,"column":20},"end":{"line":364,"column":30}},"140":{"start":{"line":365,"column":20},"end":{"line":365,"column":35}},"141":{"start":{"line":367,"column":8},"end":{"line":370,"column":9}},"142":{"start":{"line":368,"column":10},"end":{"line":368,"column":24}},"143":{"start":{"line":369,"column":10},"end":{"line":369,"column":17}},"144":{"start":{"line":372,"column":8},"end":{"line":372,"column":24}},"145":{"start":{"line":382,"column":4},"end":{"line":387,"column":7}},"146":{"start":{"line":383,"column":6},"end":{"line":386,"column":18}},"147":{"start":{"line":394,"column":4},"end":{"line":396,"column":7}},"148":{"start":{"line":395,"column":6},"end":{"line":395,"column":91}},"149":{"start":{"line":404,"column":4},"end":{"line":408,"column":7}},"150":{"start":{"line":405,"column":6},"end":{"line":407,"column":9}},"151":{"start":{"line":406,"column":8},"end":{"line":406,"column":48}},"152":{"start":{"line":416,"column":4},"end":{"line":418,"column":7}},"153":{"start":{"line":417,"column":6},"end":{"line":417,"column":68}},"154":{"start":{"line":424,"column":0},"end":{"line":481,"column":5}},"155":{"start":{"line":428,"column":21},"end":{"line":445,"column":3}},"156":{"start":{"line":430,"column":20},"end":{"line":430,"column":30}},"157":{"start":{"line":431,"column":23},"end":{"line":431,"column":41}},"158":{"start":{"line":432,"column":6},"end":{"line":432,"column":28}},"159":{"start":{"line":437,"column":20},"end":{"line":437,"column":37}},"160":{"start":{"line":438,"column":16},"end":{"line":438,"column":17}},"161":{"start":{"line":439,"column":6},"end":{"line":441,"column":7}},"162":{"start":{"line":439,"column":19},"end":{"line":439,"column":20}},"163":{"start":{"line":440,"column":8},"end":{"line":440,"column":29}},"164":{"start":{"line":442,"column":23},"end":{"line":442,"column":48}},"165":{"start":{"line":443,"column":6},"end":{"line":443,"column":38}},"166":{"start":{"line":448,"column":27},"end":{"line":458,"column":3}},"167":{"start":{"line":449,"column":30},"end":{"line":449,"column":85}},"168":{"start":{"line":451,"column":4},"end":{"line":456,"column":5}},"169":{"start":{"line":452,"column":22},"end":{"line":452,"column":37}},"170":{"start":{"line":453,"column":6},"end":{"line":455,"column":7}},"171":{"start":{"line":454,"column":8},"end":{"line":454,"column":21}},"172":{"start":{"line":457,"column":4},"end":{"line":457,"column":16}},"173":{"start":{"line":461,"column":2},"end":{"line":472,"column":3}},"174":{"start":{"line":462,"column":4},"end":{"line":471,"column":5}},"175":{"start":{"line":463,"column":6},"end":{"line":468,"column":9}},"176":{"start":{"line":475,"column":2},"end":{"line":479,"column":27}},"177":{"start":{"line":476,"column":4},"end":{"line":478,"column":5}},"178":{"start":{"line":477,"column":6},"end":{"line":477,"column":82}},"179":{"start":{"line":484,"column":0},"end":{"line":486,"column":1}},"180":{"start":{"line":485,"column":2},"end":{"line":485,"column":30}}},"fnMap":{"0":{"name":"(anonymous_0)","decl":{"start":{"line":9,"column":12},"end":{"line":9,"column":13}},"loc":{"start":{"line":9,"column":18},"end":{"line":9,"column":41}},"line":9},"1":{"name":"(anonymous_1)","decl":{"start":{"line":10,"column":25},"end":{"line":10,"column":26}},"loc":{"start":{"line":10,"column":30},"end":{"line":10,"column":52}},"line":10},"2":{"name":"(anonymous_2)","decl":{"start":{"line":11,"column":13},"end":{"line":11,"column":14}},"loc":{"start":{"line":11,"column":19},"end":{"line":11,"column":102}},"line":11},"3":{"name":"(anonymous_3)","decl":{"start":{"line":12,"column":13},"end":{"line":12,"column":14}},"loc":{"start":{"line":12,"column":19},"end":{"line":15,"column":1}},"line":12},"4":{"name":"(anonymous_4)","decl":{"start":{"line":16,"column":13},"end":{"line":16,"column":14}},"loc":{"start":{"line":16,"column":23},"end":{"line":16,"column":34}},"line":16},"5":{"name":"_assembleKey","decl":{"start":{"line":20,"column":9},"end":{"line":20,"column":21}},"loc":{"start":{"line":20,"column":24},"end":{"line":45,"column":1}},"line":20},"6":{"name":"(anonymous_6)","decl":{"start":{"line":48,"column":27},"end":{"line":48,"column":28}},"loc":{"start":{"line":48,"column":33},"end":{"line":71,"column":1}},"line":48},"7":{"name":"(anonymous_7)","decl":{"start":{"line":52,"column":9},"end":{"line":52,"column":10}},"loc":{"start":{"line":52,"column":20},"end":{"line":70,"column":3}},"line":52},"8":{"name":"(anonymous_8)","decl":{"start":{"line":74,"column":29},"end":{"line":74,"column":30}},"loc":{"start":{"line":74,"column":35},"end":{"line":83,"column":1}},"line":74},"9":{"name":"(anonymous_9)","decl":{"start":{"line":91,"column":2},"end":{"line":91,"column":3}},"loc":{"start":{"line":91,"column":16},"end":{"line":95,"column":3}},"line":91},"10":{"name":"(anonymous_10)","decl":{"start":{"line":100,"column":2},"end":{"line":100,"column":3}},"loc":{"start":{"line":100,"column":15},"end":{"line":104,"column":3}},"line":100},"11":{"name":"(anonymous_11)","decl":{"start":{"line":110,"column":2},"end":{"line":110,"column":3}},"loc":{"start":{"line":110,"column":22},"end":{"line":115,"column":3}},"line":110},"12":{"name":"(anonymous_12)","decl":{"start":{"line":121,"column":2},"end":{"line":121,"column":3}},"loc":{"start":{"line":121,"column":14},"end":{"line":140,"column":3}},"line":121},"13":{"name":"(anonymous_13)","decl":{"start":{"line":159,"column":2},"end":{"line":159,"column":3}},"loc":{"start":{"line":159,"column":26},"end":{"line":252,"column":3}},"line":159},"14":{"name":"(anonymous_14)","decl":{"start":{"line":259,"column":2},"end":{"line":259,"column":3}},"loc":{"start":{"line":259,"column":47},"end":{"line":300,"column":3}},"line":259},"15":{"name":"(anonymous_15)","decl":{"start":{"line":284,"column":60},"end":{"line":284,"column":61}},"loc":{"start":{"line":284,"column":69},"end":{"line":284,"column":103}},"line":284},"16":{"name":"(anonymous_16)","decl":{"start":{"line":307,"column":2},"end":{"line":307,"column":3}},"loc":{"start":{"line":307,"column":32},"end":{"line":310,"column":3}},"line":307},"17":{"name":"(anonymous_17)","decl":{"start":{"line":317,"column":2},"end":{"line":317,"column":3}},"loc":{"start":{"line":317,"column":28},"end":{"line":327,"column":3}},"line":317},"18":{"name":"(anonymous_18)","decl":{"start":{"line":334,"column":2},"end":{"line":334,"column":3}},"loc":{"start":{"line":334,"column":22},"end":{"line":346,"column":3}},"line":334},"19":{"name":"(anonymous_19)","decl":{"start":{"line":353,"column":2},"end":{"line":353,"column":3}},"loc":{"start":{"line":353,"column":44},"end":{"line":375,"column":3}},"line":353},"20":{"name":"(anonymous_20)","decl":{"start":{"line":354,"column":23},"end":{"line":354,"column":24}},"loc":{"start":{"line":354,"column":36},"end":{"line":374,"column":5}},"line":354},"21":{"name":"(anonymous_21)","decl":{"start":{"line":355,"column":63},"end":{"line":355,"column":64}},"loc":{"start":{"line":355,"column":75},"end":{"line":373,"column":7}},"line":355},"22":{"name":"(anonymous_22)","decl":{"start":{"line":381,"column":2},"end":{"line":381,"column":3}},"loc":{"start":{"line":381,"column":28},"end":{"line":388,"column":3}},"line":381},"23":{"name":"(anonymous_23)","decl":{"start":{"line":382,"column":23},"end":{"line":382,"column":24}},"loc":{"start":{"line":382,"column":36},"end":{"line":387,"column":5}},"line":382},"24":{"name":"(anonymous_24)","decl":{"start":{"line":393,"column":2},"end":{"line":393,"column":3}},"loc":{"start":{"line":393,"column":21},"end":{"line":397,"column":3}},"line":393},"25":{"name":"(anonymous_25)","decl":{"start":{"line":394,"column":23},"end":{"line":394,"column":24}},"loc":{"start":{"line":394,"column":36},"end":{"line":396,"column":5}},"line":394},"26":{"name":"(anonymous_26)","decl":{"start":{"line":403,"column":2},"end":{"line":403,"column":3}},"loc":{"start":{"line":403,"column":24},"end":{"line":409,"column":3}},"line":403},"27":{"name":"(anonymous_27)","decl":{"start":{"line":404,"column":23},"end":{"line":404,"column":24}},"loc":{"start":{"line":404,"column":36},"end":{"line":408,"column":5}},"line":404},"28":{"name":"(anonymous_28)","decl":{"start":{"line":405,"column":49},"end":{"line":405,"column":50}},"loc":{"start":{"line":405,"column":61},"end":{"line":407,"column":7}},"line":405},"29":{"name":"(anonymous_29)","decl":{"start":{"line":415,"column":2},"end":{"line":415,"column":3}},"loc":{"start":{"line":415,"column":28},"end":{"line":419,"column":3}},"line":415},"30":{"name":"(anonymous_30)","decl":{"start":{"line":416,"column":23},"end":{"line":416,"column":24}},"loc":{"start":{"line":416,"column":36},"end":{"line":418,"column":5}},"line":416},"31":{"name":"(anonymous_31)","decl":{"start":{"line":424,"column":1},"end":{"line":424,"column":2}},"loc":{"start":{"line":424,"column":12},"end":{"line":481,"column":1}},"line":424},"32":{"name":"(anonymous_32)","decl":{"start":{"line":429,"column":19},"end":{"line":429,"column":20}},"loc":{"start":{"line":429,"column":30},"end":{"line":433,"column":5}},"line":429},"33":{"name":"(anonymous_33)","decl":{"start":{"line":436,"column":17},"end":{"line":436,"column":18}},"loc":{"start":{"line":436,"column":28},"end":{"line":444,"column":5}},"line":436},"34":{"name":"(anonymous_34)","decl":{"start":{"line":448,"column":27},"end":{"line":448,"column":28}},"loc":{"start":{"line":448,"column":38},"end":{"line":458,"column":3}},"line":448},"35":{"name":"(anonymous_35)","decl":{"start":{"line":475,"column":13},"end":{"line":475,"column":14}},"loc":{"start":{"line":475,"column":19},"end":{"line":479,"column":3}},"line":475}},"branchMap":{"0":{"loc":{"start":{"line":39,"column":2},"end":{"line":41,"column":3}},"type":"if","locations":[{"start":{"line":39,"column":2},"end":{"line":41,"column":3}},{"start":{},"end":{}}],"line":39},"1":{"loc":{"start":{"line":56,"column":4},"end":{"line":58,"column":5}},"type":"if","locations":[{"start":{"line":56,"column":4},"end":{"line":58,"column":5}},{"start":{},"end":{}}],"line":56},"2":{"loc":{"start":{"line":56,"column":8},"end":{"line":56,"column":49}},"type":"binary-expr","locations":[{"start":{"line":56,"column":8},"end":{"line":56,"column":18}},{"start":{"line":56,"column":22},"end":{"line":56,"column":49}}],"line":56},"3":{"loc":{"start":{"line":122,"column":4},"end":{"line":124,"column":5}},"type":"if","locations":[{"start":{"line":122,"column":4},"end":{"line":124,"column":5}},{"start":{},"end":{}}],"line":122},"4":{"loc":{"start":{"line":131,"column":6},"end":{"line":133,"column":7}},"type":"if","locations":[{"start":{"line":131,"column":6},"end":{"line":133,"column":7}},{"start":{},"end":{}}],"line":131},"5":{"loc":{"start":{"line":131,"column":10},"end":{"line":131,"column":66}},"type":"binary-expr","locations":[{"start":{"line":131,"column":10},"end":{"line":131,"column":40}},{"start":{"line":131,"column":44},"end":{"line":131,"column":66}}],"line":131},"6":{"loc":{"start":{"line":162,"column":6},"end":{"line":164,"column":7}},"type":"if","locations":[{"start":{"line":162,"column":6},"end":{"line":164,"column":7}},{"start":{},"end":{}}],"line":162},"7":{"loc":{"start":{"line":168,"column":6},"end":{"line":171,"column":7}},"type":"if","locations":[{"start":{"line":168,"column":6},"end":{"line":171,"column":7}},{"start":{},"end":{}}],"line":168},"8":{"loc":{"start":{"line":181,"column":6},"end":{"line":183,"column":7}},"type":"if","locations":[{"start":{"line":181,"column":6},"end":{"line":183,"column":7}},{"start":{},"end":{}}],"line":181},"9":{"loc":{"start":{"line":199,"column":6},"end":{"line":207,"column":7}},"type":"if","locations":[{"start":{"line":199,"column":6},"end":{"line":207,"column":7}},{"start":{},"end":{}}],"line":199},"10":{"loc":{"start":{"line":203,"column":8},"end":{"line":205,"column":9}},"type":"if","locations":[{"start":{"line":203,"column":8},"end":{"line":205,"column":9}},{"start":{},"end":{}}],"line":203},"11":{"loc":{"start":{"line":209,"column":6},"end":{"line":212,"column":7}},"type":"if","locations":[{"start":{"line":209,"column":6},"end":{"line":212,"column":7}},{"start":{},"end":{}}],"line":209},"12":{"loc":{"start":{"line":210,"column":27},"end":{"line":210,"column":71}},"type":"binary-expr","locations":[{"start":{"line":210,"column":27},"end":{"line":210,"column":62}},{"start":{"line":210,"column":66},"end":{"line":210,"column":71}}],"line":210},"13":{"loc":{"start":{"line":214,"column":6},"end":{"line":216,"column":7}},"type":"if","locations":[{"start":{"line":214,"column":6},"end":{"line":216,"column":7}},{"start":{},"end":{}}],"line":214},"14":{"loc":{"start":{"line":218,"column":6},"end":{"line":220,"column":7}},"type":"if","locations":[{"start":{"line":218,"column":6},"end":{"line":220,"column":7}},{"start":{},"end":{}}],"line":218},"15":{"loc":{"start":{"line":226,"column":6},"end":{"line":228,"column":7}},"type":"if","locations":[{"start":{"line":226,"column":6},"end":{"line":228,"column":7}},{"start":{},"end":{}}],"line":226},"16":{"loc":{"start":{"line":244,"column":6},"end":{"line":247,"column":7}},"type":"if","locations":[{"start":{"line":244,"column":6},"end":{"line":247,"column":7}},{"start":{},"end":{}}],"line":244},"17":{"loc":{"start":{"line":260,"column":4},"end":{"line":262,"column":5}},"type":"if","locations":[{"start":{"line":260,"column":4},"end":{"line":262,"column":5}},{"start":{},"end":{}}],"line":260},"18":{"loc":{"start":{"line":260,"column":8},"end":{"line":260,"column":59}},"type":"binary-expr","locations":[{"start":{"line":260,"column":8},"end":{"line":260,"column":22}},{"start":{"line":260,"column":26},"end":{"line":260,"column":59}}],"line":260},"19":{"loc":{"start":{"line":269,"column":6},"end":{"line":271,"column":7}},"type":"if","locations":[{"start":{"line":269,"column":6},"end":{"line":271,"column":7}},{"start":{},"end":{}}],"line":269},"20":{"loc":{"start":{"line":274,"column":28},"end":{"line":274,"column":55}},"type":"binary-expr","locations":[{"start":{"line":274,"column":28},"end":{"line":274,"column":49}},{"start":{"line":274,"column":53},"end":{"line":274,"column":55}}],"line":274},"21":{"loc":{"start":{"line":277,"column":12},"end":{"line":277,"column":94}},"type":"binary-expr","locations":[{"start":{"line":277,"column":12},"end":{"line":277,"column":28}},{"start":{"line":277,"column":32},"end":{"line":277,"column":94}}],"line":277},"22":{"loc":{"start":{"line":278,"column":15},"end":{"line":278,"column":52}},"type":"binary-expr","locations":[{"start":{"line":278,"column":15},"end":{"line":278,"column":41}},{"start":{"line":278,"column":45},"end":{"line":278,"column":52}}],"line":278},"23":{"loc":{"start":{"line":279,"column":21},"end":{"line":279,"column":71}},"type":"binary-expr","locations":[{"start":{"line":279,"column":21},"end":{"line":279,"column":46}},{"start":{"line":279,"column":50},"end":{"line":279,"column":71}}],"line":279},"24":{"loc":{"start":{"line":281,"column":14},"end":{"line":281,"column":80}},"type":"binary-expr","locations":[{"start":{"line":281,"column":14},"end":{"line":281,"column":38}},{"start":{"line":281,"column":42},"end":{"line":281,"column":80}}],"line":281},"25":{"loc":{"start":{"line":282,"column":16},"end":{"line":282,"column":48}},"type":"binary-expr","locations":[{"start":{"line":282,"column":16},"end":{"line":282,"column":36}},{"start":{"line":282,"column":40},"end":{"line":282,"column":48}}],"line":282},"26":{"loc":{"start":{"line":283,"column":19},"end":{"line":283,"column":74}},"type":"binary-expr","locations":[{"start":{"line":283,"column":19},"end":{"line":283,"column":38}},{"start":{"line":283,"column":42},"end":{"line":283,"column":68}},{"start":{"line":283,"column":72},"end":{"line":283,"column":74}}],"line":283},"27":{"loc":{"start":{"line":284,"column":22},"end":{"line":284,"column":54}},"type":"binary-expr","locations":[{"start":{"line":284,"column":22},"end":{"line":284,"column":48}},{"start":{"line":284,"column":52},"end":{"line":284,"column":54}}],"line":284},"28":{"loc":{"start":{"line":285,"column":19},"end":{"line":285,"column":73}},"type":"cond-expr","locations":[{"start":{"line":285,"column":44},"end":{"line":285,"column":68}},{"start":{"line":285,"column":71},"end":{"line":285,"column":73}}],"line":285},"29":{"loc":{"start":{"line":286,"column":17},"end":{"line":286,"column":44}},"type":"binary-expr","locations":[{"start":{"line":286,"column":17},"end":{"line":286,"column":38}},{"start":{"line":286,"column":42},"end":{"line":286,"column":44}}],"line":286},"30":{"loc":{"start":{"line":287,"column":19},"end":{"line":287,"column":69}},"type":"binary-expr","locations":[{"start":{"line":287,"column":19},"end":{"line":287,"column":36}},{"start":{"line":287,"column":40},"end":{"line":287,"column":63}},{"start":{"line":287,"column":67},"end":{"line":287,"column":69}}],"line":287},"31":{"loc":{"start":{"line":288,"column":17},"end":{"line":288,"column":63}},"type":"binary-expr","locations":[{"start":{"line":288,"column":17},"end":{"line":288,"column":32}},{"start":{"line":288,"column":36},"end":{"line":288,"column":57}},{"start":{"line":288,"column":61},"end":{"line":288,"column":63}}],"line":288},"32":{"loc":{"start":{"line":289,"column":21},"end":{"line":289,"column":52}},"type":"binary-expr","locations":[{"start":{"line":289,"column":21},"end":{"line":289,"column":46}},{"start":{"line":289,"column":50},"end":{"line":289,"column":52}}],"line":289},"33":{"loc":{"start":{"line":290,"column":17},"end":{"line":290,"column":44}},"type":"binary-expr","locations":[{"start":{"line":290,"column":17},"end":{"line":290,"column":38}},{"start":{"line":290,"column":42},"end":{"line":290,"column":44}}],"line":290},"34":{"loc":{"start":{"line":318,"column":4},"end":{"line":318,"column":39}},"type":"if","locations":[{"start":{"line":318,"column":4},"end":{"line":318,"column":39}},{"start":{},"end":{}}],"line":318},"35":{"loc":{"start":{"line":321,"column":4},"end":{"line":321,"column":56}},"type":"if","locations":[{"start":{"line":321,"column":4},"end":{"line":321,"column":56}},{"start":{},"end":{}}],"line":321},"36":{"loc":{"start":{"line":322,"column":4},"end":{"line":322,"column":58}},"type":"if","locations":[{"start":{"line":322,"column":4},"end":{"line":322,"column":58}},{"start":{},"end":{}}],"line":322},"37":{"loc":{"start":{"line":323,"column":4},"end":{"line":323,"column":56}},"type":"if","locations":[{"start":{"line":323,"column":4},"end":{"line":323,"column":56}},{"start":{},"end":{}}],"line":323},"38":{"loc":{"start":{"line":324,"column":4},"end":{"line":324,"column":58}},"type":"if","locations":[{"start":{"line":324,"column":4},"end":{"line":324,"column":58}},{"start":{},"end":{}}],"line":324},"39":{"loc":{"start":{"line":353,"column":22},"end":{"line":353,"column":42}},"type":"default-arg","locations":[{"start":{"line":353,"column":37},"end":{"line":353,"column":42}}],"line":353},"40":{"loc":{"start":{"line":359,"column":8},"end":{"line":362,"column":9}},"type":"if","locations":[{"start":{"line":359,"column":8},"end":{"line":362,"column":9}},{"start":{},"end":{}}],"line":359},"41":{"loc":{"start":{"line":359,"column":12},"end":{"line":359,"column":33}},"type":"binary-expr","locations":[{"start":{"line":359,"column":12},"end":{"line":359,"column":19}},{"start":{"line":359,"column":23},"end":{"line":359,"column":33}}],"line":359},"42":{"loc":{"start":{"line":367,"column":8},"end":{"line":370,"column":9}},"type":"if","locations":[{"start":{"line":367,"column":8},"end":{"line":370,"column":9}},{"start":{},"end":{}}],"line":367},"43":{"loc":{"start":{"line":367,"column":12},"end":{"line":367,"column":49}},"type":"binary-expr","locations":[{"start":{"line":367,"column":12},"end":{"line":367,"column":25}},{"start":{"line":367,"column":29},"end":{"line":367,"column":49}}],"line":367},"44":{"loc":{"start":{"line":406,"column":16},"end":{"line":406,"column":46}},"type":"binary-expr","locations":[{"start":{"line":406,"column":16},"end":{"line":406,"column":38}},{"start":{"line":406,"column":42},"end":{"line":406,"column":46}}],"line":406},"45":{"loc":{"start":{"line":443,"column":13},"end":{"line":443,"column":37}},"type":"binary-expr","locations":[{"start":{"line":443,"column":13},"end":{"line":443,"column":26}},{"start":{"line":443,"column":30},"end":{"line":443,"column":37}}],"line":443},"46":{"loc":{"start":{"line":453,"column":6},"end":{"line":455,"column":7}},"type":"if","locations":[{"start":{"line":453,"column":6},"end":{"line":455,"column":7}},{"start":{},"end":{}}],"line":453},"47":{"loc":{"start":{"line":453,"column":10},"end":{"line":453,"column":73}},"type":"binary-expr","locations":[{"start":{"line":453,"column":10},"end":{"line":453,"column":38}},{"start":{"line":453,"column":42},"end":{"line":453,"column":73}}],"line":453},"48":{"loc":{"start":{"line":461,"column":2},"end":{"line":472,"column":3}},"type":"if","locations":[{"start":{"line":461,"column":2},"end":{"line":472,"column":3}},{"start":{},"end":{}}],"line":461},"49":{"loc":{"start":{"line":476,"column":4},"end":{"line":478,"column":5}},"type":"if","locations":[{"start":{"line":476,"column":4},"end":{"line":478,"column":5}},{"start":{},"end":{}}],"line":476},"50":{"loc":{"start":{"line":476,"column":8},"end":{"line":476,"column":56}},"type":"binary-expr","locations":[{"start":{"line":476,"column":8},"end":{"line":476,"column":27}},{"start":{"line":476,"column":31},"end":{"line":476,"column":56}}],"line":476},"51":{"loc":{"start":{"line":484,"column":0},"end":{"line":486,"column":1}},"type":"if","locations":[{"start":{"line":484,"column":0},"end":{"line":486,"column":1}},{"start":{},"end":{}}],"line":484},"52":{"loc":{"start":{"line":484,"column":4},"end":{"line":484,"column":51}},"type":"binary-expr","locations":[{"start":{"line":484,"column":4},"end":{"line":484,"column":33}},{"start":{"line":484,"column":37},"end":{"line":484,"column":51}}],"line":484}},"s":{"0":1,"1":1,"2":1,"3":1,"4":1,"5":2,"6":1,"7":1,"8":1,"9":1,"10":1,"11":1,"12":1,"13":1,"14":1,"15":1,"16":1,"17":1,"18":1,"19":0,"20":1,"21":1,"22":1,"23":1,"24":1,"25":4,"26":4,"27":3,"28":1,"29":1,"30":1,"31":1,"32":0,"33":0,"34":0,"35":1,"36":31,"37":31,"38":31,"39":31000,"40":31,"41":31,"42":1,"43":1,"44":1,"45":27,"46":27,"47":27,"48":4,"49":4,"50":1,"51":4,"52":0,"53":4,"54":4,"55":4,"56":4,"57":0,"58":4,"59":0,"60":0,"61":5,"62":5,"63":0,"64":5,"65":5,"66":1,"67":1,"68":4,"69":4,"70":4,"71":4,"72":1,"73":4,"74":4,"75":4,"76":4,"77":1,"78":1,"79":1,"80":1,"81":3,"82":1,"83":1,"84":2,"85":1,"86":1,"87":0,"88":1,"89":1,"90":1,"91":1,"92":1,"93":1,"94":1,"95":1,"96":2,"97":2,"98":2,"99":0,"100":0,"101":2,"102":13,"103":2,"104":11,"105":11,"106":16,"107":3,"108":13,"109":13,"110":28,"111":13,"112":11,"113":33,"114":0,"115":0,"116":0,"117":0,"118":0,"119":0,"120":0,"121":0,"122":0,"123":0,"124":0,"125":0,"126":0,"127":0,"128":0,"129":0,"130":0,"131":0,"132":11,"133":11,"134":11,"135":11,"136":11,"137":6,"138":6,"139":5,"140":5,"141":5,"142":2,"143":2,"144":3,"145":2,"146":2,"147":1,"148":1,"149":5,"150":5,"151":5,"152":2,"153":2,"154":1,"155":1,"156":0,"157":0,"158":0,"159":0,"160":0,"161":0,"162":0,"163":0,"164":0,"165":0,"166":1,"167":0,"168":0,"169":0,"170":0,"171":0,"172":0,"173":1,"174":1,"175":1,"176":1,"177":0,"178":0,"179":1,"180":1},"f":{"0":1,"1":2,"2":1,"3":1,"4":1,"5":1,"6":1,"7":4,"8":31,"9":27,"10":4,"11":1,"12":4,"13":5,"14":13,"15":28,"16":33,"17":0,"18":0,"19":11,"20":11,"21":11,"22":2,"23":2,"24":1,"25":1,"26":5,"27":5,"28":5,"29":2,"30":2,"31":1,"32":0,"33":0,"34":0,"35":0},"b":{"0":[0,1],"1":[3,1],"2":[4,3],"3":[0,4],"4":[0,4],"5":[4,4],"6":[0,5],"7":[1,4],"8":[1,3],"9":[1,3],"10":[1,0],"11":[1,2],"12":[1,0],"13":[1,1],"14":[0,1],"15":[1,0],"16":[0,2],"17":[2,11],"18":[13,12],"19":[3,13],"20":[13,0],"21":[13,0],"22":[13,1],"23":[13,7],"24":[13,0],"25":[13,0],"26":[13,1,0],"27":[13,0],"28":[6,7],"29":[13,6],"30":[13,10,10],"31":[13,10,10],"32":[13,10],"33":[13,7],"34":[0,0],"35":[0,0],"36":[0,0],"37":[0,0],"38":[0,0],"39":[6],"40":[6,5],"41":[11,5],"42":[2,3],"43":[5,3],"44":[5,3],"45":[0,0],"46":[0,0],"47":[0,0],"48":[1,0],"49":[0,0],"50":[0,0],"51":[1,0],"52":[1,1]},"_coverageSchema":"1a1c01bbd47fc00a2c39e90264f33305004495a9","hash":"ad196d5023ff786c98bcbb4fe36b6eb3dfd46e2c"}
,"/var/home/oplfun/projects/online-picket-line/opl-browser-plugin/api-test.js": {"path":"/var/home/oplfun/projects/online-picket-line/opl-browser-plugin/api-test.js","statementMap":{"0":{"start":{"line":5,"column":18},"end":{"line":5,"column":37}},"1":{"start":{"line":7,"column":2},"end":{"line":7,"column":49}},"2":{"start":{"line":9,"column":2},"end":{"line":37,"column":3}},"3":{"start":{"line":10,"column":21},"end":{"line":15,"column":6}},"4":{"start":{"line":17,"column":4},"end":{"line":17,"column":53}},"5":{"start":{"line":18,"column":4},"end":{"line":18,"column":85}},"6":{"start":{"line":20,"column":4},"end":{"line":34,"column":5}},"7":{"start":{"line":21,"column":19},"end":{"line":21,"column":40}},"8":{"start":{"line":22,"column":6},"end":{"line":22,"column":52}},"9":{"start":{"line":23,"column":6},"end":{"line":23,"column":69}},"10":{"start":{"line":24,"column":6},"end":{"line":24,"column":61}},"11":{"start":{"line":27,"column":6},"end":{"line":29,"column":7}},"12":{"start":{"line":28,"column":8},"end":{"line":28,"column":66}},"13":{"start":{"line":31,"column":6},"end":{"line":31,"column":81}},"14":{"start":{"line":32,"column":24},"end":{"line":32,"column":45}},"15":{"start":{"line":33,"column":6},"end":{"line":33,"column":46}},"16":{"start":{"line":36,"column":4},"end":{"line":36,"column":43}},"17":{"start":{"line":43,"column":18},"end":{"line":43,"column":37}},"18":{"start":{"line":44,"column":20},"end":{"line":50,"column":3}},"19":{"start":{"line":52,"column":2},"end":{"line":66,"column":3}},"20":{"start":{"line":53,"column":4},"end":{"line":65,"column":5}},"21":{"start":{"line":54,"column":6},"end":{"line":54,"column":44}},"22":{"start":{"line":55,"column":23},"end":{"line":57,"column":8}},"23":{"start":{"line":58,"column":6},"end":{"line":58,"column":53}},"24":{"start":{"line":59,"column":6},"end":{"line":62,"column":7}},"25":{"start":{"line":60,"column":21},"end":{"line":60,"column":42}},"26":{"start":{"line":61,"column":8},"end":{"line":61,"column":65}},"27":{"start":{"line":64,"column":6},"end":{"line":64,"column":57}},"28":{"start":{"line":70,"column":0},"end":{"line":70,"column":17}}},"fnMap":{"0":{"name":"testCurrentAPI","decl":{"start":{"line":4,"column":15},"end":{"line":4,"column":29}},"loc":{"start":{"line":4,"column":32},"end":{"line":38,"column":1}},"line":4},"1":{"name":"testAlternativeEndpoints","decl":{"start":{"line":42,"column":15},"end":{"line":42,"column":39}},"loc":{"start":{"line":42,"column":42},"end":{"line":67,"column":1}},"line":42}},"branchMap":{"0":{"loc":{"start":{"line":20,"column":4},"end":{"line":34,"column":5}},"type":"if","locations":[{"start":{"line":20,"column":4},"end":{"line":34,"column":5}},{"start":{"line":30,"column":11},"end":{"line":34,"column":5}}],"line":20},"1":{"loc":{"start":{"line":23,"column":40},"end":{"line":23,"column":67}},"type":"binary-expr","locations":[{"start":{"line":23,"column":40},"end":{"line":23,"column":62}},{"start":{"line":23,"column":66},"end":{"line":23,"column":67}}],"line":23},"2":{"loc":{"start":{"line":24,"column":32},"end":{"line":24,"column":59}},"type":"binary-expr","locations":[{"start":{"line":24,"column":32},"end":{"line":24,"column":54}},{"start":{"line":24,"column":58},"end":{"line":24,"column":59}}],"line":24},"3":{"loc":{"start":{"line":27,"column":6},"end":{"line":29,"column":7}},"type":"if","locations":[{"start":{"line":27,"column":6},"end":{"line":29,"column":7}},{"start":{},"end":{}}],"line":27},"4":{"loc":{"start":{"line":27,"column":10},"end":{"line":27,"column":53}},"type":"binary-expr","locations":[{"start":{"line":27,"column":10},"end":{"line":27,"column":24}},{"start":{"line":27,"column":28},"end":{"line":27,"column":53}}],"line":27},"5":{"loc":{"start":{"line":59,"column":6},"end":{"line":62,"column":7}},"type":"if","locations":[{"start":{"line":59,"column":6},"end":{"line":62,"column":7}},{"start":{},"end":{}}],"line":59}},"s":{"0":0,"1":0,"2":0,"3":0,"4":0,"5":0,"6":0,"7":0,"8":0,"9":0,"10":0,"11":0,"12":0,"13":0,"14":0,"15":0,"16":0,"17":0,"18":0,"19":0,"20":0,"21":0,"22":0,"23":0,"24":0,"25":0,"26":0,"27":0,"28":0},"f":{"0":0,"1":0},"b":{"0":[0,0],"1":[0,0],"2":[0,0],"3":[0,0],"4":[0,0],"5":[0,0]}}
,"/var/home/oplfun/projects/online-picket-line/opl-browser-plugin/background.js": {"path":"/var/home/oplfun/projects/online-picket-line/opl-browser-plugin/background.js","statementMap":{"0":{"start":{"line":2,"column":0},"end":{"line":2,"column":37}},"1":{"start":{"line":3,"column":0},"end":{"line":3,"column":32}},"2":{"start":{"line":5,"column":19},"end":{"line":5,"column":35}},"3":{"start":{"line":7,"column":24},"end":{"line":7,"column":33}},"4":{"start":{"line":12,"column":0},"end":{"line":22,"column":3}},"5":{"start":{"line":13,"column":2},"end":{"line":13,"column":64}},"6":{"start":{"line":14,"column":2},"end":{"line":14,"column":30}},"7":{"start":{"line":17,"column":2},"end":{"line":21,"column":5}},"8":{"start":{"line":18,"column":4},"end":{"line":20,"column":5}},"9":{"start":{"line":19,"column":6},"end":{"line":19,"column":52}},"10":{"start":{"line":24,"column":0},"end":{"line":29,"column":3}},"11":{"start":{"line":25,"column":2},"end":{"line":28,"column":3}},"12":{"start":{"line":26,"column":4},"end":{"line":26,"column":53}},"13":{"start":{"line":27,"column":4},"end":{"line":27,"column":26}},"14":{"start":{"line":36,"column":2},"end":{"line":66,"column":3}},"15":{"start":{"line":37,"column":20},"end":{"line":37,"column":54}},"16":{"start":{"line":38,"column":4},"end":{"line":38,"column":59}},"17":{"start":{"line":41,"column":4},"end":{"line":45,"column":7}},"18":{"start":{"line":47,"column":4},"end":{"line":47,"column":38}},"19":{"start":{"line":49,"column":4},"end":{"line":49,"column":61}},"20":{"start":{"line":52,"column":19},"end":{"line":52,"column":68}},"21":{"start":{"line":53,"column":28},"end":{"line":53,"column":59}},"22":{"start":{"line":55,"column":20},"end":{"line":57,"column":5}},"23":{"start":{"line":59,"column":4},"end":{"line":61,"column":5}},"24":{"start":{"line":60,"column":6},"end":{"line":60,"column":44}},"25":{"start":{"line":63,"column":4},"end":{"line":63,"column":44}},"26":{"start":{"line":65,"column":4},"end":{"line":65,"column":17}},"27":{"start":{"line":82,"column":2},"end":{"line":84,"column":3}},"28":{"start":{"line":83,"column":4},"end":{"line":83,"column":16}},"29":{"start":{"line":86,"column":2},"end":{"line":134,"column":3}},"30":{"start":{"line":87,"column":22},"end":{"line":87,"column":39}},"31":{"start":{"line":90,"column":4},"end":{"line":131,"column":5}},"32":{"start":{"line":92,"column":6},"end":{"line":94,"column":7}},"33":{"start":{"line":93,"column":8},"end":{"line":93,"column":17}},"34":{"start":{"line":97,"column":6},"end":{"line":130,"column":7}},"35":{"start":{"line":98,"column":8},"end":{"line":108,"column":9}},"36":{"start":{"line":99,"column":10},"end":{"line":107,"column":11}},"37":{"start":{"line":100,"column":26},"end":{"line":100,"column":50}},"38":{"start":{"line":101,"column":12},"end":{"line":103,"column":13}},"39":{"start":{"line":102,"column":14},"end":{"line":102,"column":28}},"40":{"start":{"line":105,"column":12},"end":{"line":105,"column":60}},"41":{"start":{"line":106,"column":12},"end":{"line":106,"column":21}},"42":{"start":{"line":111,"column":25},"end":{"line":111,"column":60}},"43":{"start":{"line":112,"column":24},"end":{"line":112,"column":84}},"44":{"start":{"line":114,"column":8},"end":{"line":121,"column":9}},"45":{"start":{"line":115,"column":30},"end":{"line":115,"column":50}},"46":{"start":{"line":118,"column":10},"end":{"line":120,"column":11}},"47":{"start":{"line":119,"column":12},"end":{"line":119,"column":26}},"48":{"start":{"line":124,"column":8},"end":{"line":129,"column":9}},"49":{"start":{"line":125,"column":31},"end":{"line":125,"column":79}},"50":{"start":{"line":126,"column":10},"end":{"line":128,"column":11}},"51":{"start":{"line":127,"column":12},"end":{"line":127,"column":26}},"52":{"start":{"line":133,"column":4},"end":{"line":133,"column":48}},"53":{"start":{"line":136,"column":2},"end":{"line":136,"column":14}},"54":{"start":{"line":140,"column":0},"end":{"line":209,"column":3}},"55":{"start":{"line":141,"column":2},"end":{"line":208,"column":3}},"56":{"start":{"line":143,"column":4},"end":{"line":150,"column":5}},"57":{"start":{"line":144,"column":26},"end":{"line":144,"column":60}},"58":{"start":{"line":145,"column":6},"end":{"line":149,"column":7}},"59":{"start":{"line":146,"column":8},"end":{"line":146,"column":46}},"60":{"start":{"line":147,"column":8},"end":{"line":147,"column":39}},"61":{"start":{"line":148,"column":8},"end":{"line":148,"column":20}},"62":{"start":{"line":152,"column":4},"end":{"line":162,"column":7}},"63":{"start":{"line":153,"column":22},"end":{"line":153,"column":48}},"64":{"start":{"line":154,"column":20},"end":{"line":154,"column":58}},"65":{"start":{"line":156,"column":6},"end":{"line":161,"column":9}},"66":{"start":{"line":157,"column":8},"end":{"line":160,"column":11}},"67":{"start":{"line":165,"column":4},"end":{"line":165,"column":16}},"68":{"start":{"line":166,"column":9},"end":{"line":208,"column":3}},"69":{"start":{"line":167,"column":4},"end":{"line":171,"column":5}},"70":{"start":{"line":168,"column":6},"end":{"line":168,"column":54}},"71":{"start":{"line":170,"column":6},"end":{"line":170,"column":69}},"72":{"start":{"line":170,"column":23},"end":{"line":170,"column":60}},"73":{"start":{"line":172,"column":4},"end":{"line":172,"column":36}},"74":{"start":{"line":173,"column":4},"end":{"line":173,"column":16}},"75":{"start":{"line":174,"column":9},"end":{"line":208,"column":3}},"76":{"start":{"line":175,"column":4},"end":{"line":184,"column":5}},"77":{"start":{"line":176,"column":18},"end":{"line":176,"column":48}},"78":{"start":{"line":177,"column":6},"end":{"line":183,"column":9}},"79":{"start":{"line":182,"column":8},"end":{"line":182,"column":40}},"80":{"start":{"line":185,"column":4},"end":{"line":185,"column":16}},"81":{"start":{"line":186,"column":9},"end":{"line":208,"column":3}},"82":{"start":{"line":187,"column":4},"end":{"line":192,"column":5}},"83":{"start":{"line":188,"column":18},"end":{"line":188,"column":48}},"84":{"start":{"line":189,"column":6},"end":{"line":191,"column":9}},"85":{"start":{"line":190,"column":8},"end":{"line":190,"column":42}},"86":{"start":{"line":193,"column":4},"end":{"line":193,"column":16}},"87":{"start":{"line":194,"column":9},"end":{"line":208,"column":3}},"88":{"start":{"line":195,"column":4},"end":{"line":201,"column":7}},"89":{"start":{"line":196,"column":6},"end":{"line":200,"column":7}},"90":{"start":{"line":197,"column":8},"end":{"line":197,"column":40}},"91":{"start":{"line":199,"column":8},"end":{"line":199,"column":107}},"92":{"start":{"line":202,"column":4},"end":{"line":202,"column":16}},"93":{"start":{"line":203,"column":9},"end":{"line":208,"column":3}},"94":{"start":{"line":204,"column":4},"end":{"line":206,"column":7}},"95":{"start":{"line":205,"column":6},"end":{"line":205,"column":38}},"96":{"start":{"line":207,"column":4},"end":{"line":207,"column":16}},"97":{"start":{"line":212,"column":0},"end":{"line":212,"column":22}}},"fnMap":{"0":{"name":"(anonymous_0)","decl":{"start":{"line":12,"column":39},"end":{"line":12,"column":40}},"loc":{"start":{"line":12,"column":51},"end":{"line":22,"column":1}},"line":12},"1":{"name":"(anonymous_1)","decl":{"start":{"line":17,"column":41},"end":{"line":17,"column":42}},"loc":{"start":{"line":17,"column":53},"end":{"line":21,"column":3}},"line":17},"2":{"name":"(anonymous_2)","decl":{"start":{"line":24,"column":34},"end":{"line":24,"column":35}},"loc":{"start":{"line":24,"column":45},"end":{"line":29,"column":1}},"line":24},"3":{"name":"refreshLaborActions","decl":{"start":{"line":35,"column":15},"end":{"line":35,"column":34}},"loc":{"start":{"line":35,"column":37},"end":{"line":67,"column":1}},"line":35},"4":{"name":"matchUrlToAction","decl":{"start":{"line":81,"column":9},"end":{"line":81,"column":25}},"loc":{"start":{"line":81,"column":40},"end":{"line":137,"column":1}},"line":81},"5":{"name":"(anonymous_5)","decl":{"start":{"line":140,"column":37},"end":{"line":140,"column":38}},"loc":{"start":{"line":140,"column":72},"end":{"line":209,"column":1}},"line":140},"6":{"name":"(anonymous_6)","decl":{"start":{"line":152,"column":48},"end":{"line":152,"column":49}},"loc":{"start":{"line":152,"column":60},"end":{"line":162,"column":5}},"line":152},"7":{"name":"(anonymous_7)","decl":{"start":{"line":156,"column":45},"end":{"line":156,"column":46}},"loc":{"start":{"line":156,"column":59},"end":{"line":161,"column":7}},"line":156},"8":{"name":"(anonymous_8)","decl":{"start":{"line":170,"column":17},"end":{"line":170,"column":18}},"loc":{"start":{"line":170,"column":23},"end":{"line":170,"column":60}},"line":170},"9":{"name":"(anonymous_9)","decl":{"start":{"line":181,"column":15},"end":{"line":181,"column":16}},"loc":{"start":{"line":181,"column":21},"end":{"line":183,"column":7}},"line":181},"10":{"name":"(anonymous_10)","decl":{"start":{"line":189,"column":38},"end":{"line":189,"column":39}},"loc":{"start":{"line":189,"column":50},"end":{"line":191,"column":7}},"line":189},"11":{"name":"(anonymous_11)","decl":{"start":{"line":195,"column":31},"end":{"line":195,"column":32}},"loc":{"start":{"line":195,"column":44},"end":{"line":201,"column":5}},"line":195},"12":{"name":"(anonymous_12)","decl":{"start":{"line":204,"column":33},"end":{"line":204,"column":34}},"loc":{"start":{"line":204,"column":39},"end":{"line":206,"column":5}},"line":204}},"branchMap":{"0":{"loc":{"start":{"line":18,"column":4},"end":{"line":20,"column":5}},"type":"if","locations":[{"start":{"line":18,"column":4},"end":{"line":20,"column":5}},{"start":{},"end":{}}],"line":18},"1":{"loc":{"start":{"line":25,"column":2},"end":{"line":28,"column":3}},"type":"if","locations":[{"start":{"line":25,"column":2},"end":{"line":28,"column":3}},{"start":{},"end":{}}],"line":25},"2":{"loc":{"start":{"line":47,"column":11},"end":{"line":47,"column":37}},"type":"binary-expr","locations":[{"start":{"line":47,"column":11},"end":{"line":47,"column":29}},{"start":{"line":47,"column":33},"end":{"line":47,"column":37}}],"line":47},"3":{"loc":{"start":{"line":53,"column":29},"end":{"line":53,"column":54}},"type":"binary-expr","locations":[{"start":{"line":53,"column":29},"end":{"line":53,"column":49}},{"start":{"line":53,"column":53},"end":{"line":53,"column":54}}],"line":53},"4":{"loc":{"start":{"line":59,"column":4},"end":{"line":61,"column":5}},"type":"if","locations":[{"start":{"line":59,"column":4},"end":{"line":61,"column":5}},{"start":{},"end":{}}],"line":59},"5":{"loc":{"start":{"line":82,"column":2},"end":{"line":84,"column":3}},"type":"if","locations":[{"start":{"line":82,"column":2},"end":{"line":84,"column":3}},{"start":{},"end":{}}],"line":82},"6":{"loc":{"start":{"line":82,"column":6},"end":{"line":82,"column":46}},"type":"binary-expr","locations":[{"start":{"line":82,"column":6},"end":{"line":82,"column":10}},{"start":{"line":82,"column":14},"end":{"line":82,"column":22}},{"start":{"line":82,"column":26},"end":{"line":82,"column":46}}],"line":82},"7":{"loc":{"start":{"line":92,"column":6},"end":{"line":94,"column":7}},"type":"if","locations":[{"start":{"line":92,"column":6},"end":{"line":94,"column":7}},{"start":{},"end":{}}],"line":92},"8":{"loc":{"start":{"line":92,"column":10},"end":{"line":92,"column":53}},"type":"binary-expr","locations":[{"start":{"line":92,"column":10},"end":{"line":92,"column":23}},{"start":{"line":92,"column":27},"end":{"line":92,"column":53}}],"line":92},"9":{"loc":{"start":{"line":97,"column":6},"end":{"line":130,"column":7}},"type":"if","locations":[{"start":{"line":97,"column":6},"end":{"line":130,"column":7}},{"start":{"line":109,"column":13},"end":{"line":130,"column":7}}],"line":97},"10":{"loc":{"start":{"line":97,"column":10},"end":{"line":97,"column":75}},"type":"binary-expr","locations":[{"start":{"line":97,"column":10},"end":{"line":97,"column":31}},{"start":{"line":97,"column":35},"end":{"line":97,"column":75}}],"line":97},"11":{"loc":{"start":{"line":101,"column":12},"end":{"line":103,"column":13}},"type":"if","locations":[{"start":{"line":101,"column":12},"end":{"line":103,"column":13}},{"start":{},"end":{}}],"line":101},"12":{"loc":{"start":{"line":112,"column":24},"end":{"line":112,"column":84}},"type":"binary-expr","locations":[{"start":{"line":112,"column":24},"end":{"line":112,"column":42}},{"start":{"line":112,"column":46},"end":{"line":112,"column":60}},{"start":{"line":112,"column":64},"end":{"line":112,"column":78}},{"start":{"line":112,"column":82},"end":{"line":112,"column":84}}],"line":112},"13":{"loc":{"start":{"line":118,"column":10},"end":{"line":120,"column":11}},"type":"if","locations":[{"start":{"line":118,"column":10},"end":{"line":120,"column":11}},{"start":{},"end":{}}],"line":118},"14":{"loc":{"start":{"line":118,"column":14},"end":{"line":118,"column":78}},"type":"binary-expr","locations":[{"start":{"line":118,"column":14},"end":{"line":118,"column":38}},{"start":{"line":118,"column":42},"end":{"line":118,"column":78}}],"line":118},"15":{"loc":{"start":{"line":124,"column":8},"end":{"line":129,"column":9}},"type":"if","locations":[{"start":{"line":124,"column":8},"end":{"line":129,"column":9}},{"start":{},"end":{}}],"line":124},"16":{"loc":{"start":{"line":126,"column":10},"end":{"line":128,"column":11}},"type":"if","locations":[{"start":{"line":126,"column":10},"end":{"line":128,"column":11}},{"start":{},"end":{}}],"line":126},"17":{"loc":{"start":{"line":141,"column":2},"end":{"line":208,"column":3}},"type":"if","locations":[{"start":{"line":141,"column":2},"end":{"line":208,"column":3}},{"start":{"line":166,"column":9},"end":{"line":208,"column":3}}],"line":141},"18":{"loc":{"start":{"line":143,"column":4},"end":{"line":150,"column":5}},"type":"if","locations":[{"start":{"line":143,"column":4},"end":{"line":150,"column":5}},{"start":{},"end":{}}],"line":143},"19":{"loc":{"start":{"line":143,"column":8},"end":{"line":143,"column":56}},"type":"binary-expr","locations":[{"start":{"line":143,"column":8},"end":{"line":143,"column":18}},{"start":{"line":143,"column":22},"end":{"line":143,"column":56}}],"line":143},"20":{"loc":{"start":{"line":145,"column":6},"end":{"line":149,"column":7}},"type":"if","locations":[{"start":{"line":145,"column":6},"end":{"line":149,"column":7}},{"start":{},"end":{}}],"line":145},"21":{"loc":{"start":{"line":145,"column":10},"end":{"line":145,"column":76}},"type":"binary-expr","locations":[{"start":{"line":145,"column":10},"end":{"line":145,"column":37}},{"start":{"line":145,"column":41},"end":{"line":145,"column":76}}],"line":145},"22":{"loc":{"start":{"line":153,"column":22},"end":{"line":153,"column":48}},"type":"binary-expr","locations":[{"start":{"line":153,"column":22},"end":{"line":153,"column":42}},{"start":{"line":153,"column":46},"end":{"line":153,"column":48}}],"line":153},"23":{"loc":{"start":{"line":159,"column":21},"end":{"line":159,"column":48}},"type":"binary-expr","locations":[{"start":{"line":159,"column":21},"end":{"line":159,"column":39}},{"start":{"line":159,"column":43},"end":{"line":159,"column":48}}],"line":159},"24":{"loc":{"start":{"line":166,"column":9},"end":{"line":208,"column":3}},"type":"if","locations":[{"start":{"line":166,"column":9},"end":{"line":208,"column":3}},{"start":{"line":174,"column":9},"end":{"line":208,"column":3}}],"line":166},"25":{"loc":{"start":{"line":167,"column":4},"end":{"line":171,"column":5}},"type":"if","locations":[{"start":{"line":167,"column":4},"end":{"line":171,"column":5}},{"start":{},"end":{}}],"line":167},"26":{"loc":{"start":{"line":174,"column":9},"end":{"line":208,"column":3}},"type":"if","locations":[{"start":{"line":174,"column":9},"end":{"line":208,"column":3}},{"start":{"line":186,"column":9},"end":{"line":208,"column":3}}],"line":174},"27":{"loc":{"start":{"line":175,"column":4},"end":{"line":184,"column":5}},"type":"if","locations":[{"start":{"line":175,"column":4},"end":{"line":184,"column":5}},{"start":{},"end":{}}],"line":175},"28":{"loc":{"start":{"line":186,"column":9},"end":{"line":208,"column":3}},"type":"if","locations":[{"start":{"line":186,"column":9},"end":{"line":208,"column":3}},{"start":{"line":194,"column":9},"end":{"line":208,"column":3}}],"line":186},"29":{"loc":{"start":{"line":187,"column":4},"end":{"line":192,"column":5}},"type":"if","locations":[{"start":{"line":187,"column":4},"end":{"line":192,"column":5}},{"start":{},"end":{}}],"line":187},"30":{"loc":{"start":{"line":190,"column":21},"end":{"line":190,"column":40}},"type":"binary-expr","locations":[{"start":{"line":190,"column":21},"end":{"line":190,"column":32}},{"start":{"line":190,"column":36},"end":{"line":190,"column":40}}],"line":190},"31":{"loc":{"start":{"line":194,"column":9},"end":{"line":208,"column":3}},"type":"if","locations":[{"start":{"line":194,"column":9},"end":{"line":208,"column":3}},{"start":{"line":203,"column":9},"end":{"line":208,"column":3}}],"line":194},"32":{"loc":{"start":{"line":196,"column":6},"end":{"line":200,"column":7}},"type":"if","locations":[{"start":{"line":196,"column":6},"end":{"line":200,"column":7}},{"start":{"line":198,"column":13},"end":{"line":200,"column":7}}],"line":196},"33":{"loc":{"start":{"line":203,"column":9},"end":{"line":208,"column":3}},"type":"if","locations":[{"start":{"line":203,"column":9},"end":{"line":208,"column":3}},{"start":{},"end":{}}],"line":203}},"s":{"0":0,"1":0,"2":0,"3":0,"4":0,"5":0,"6":0,"7":0,"8":0,"9":0,"10":0,"11":0,"12":0,"13":0,"14":0,"15":0,"16":0,"17":0,"18":0,"19":0,"20":0,"21":0,"22":0,"23":0,"24":0,"25":0,"26":0,"27":0,"28":0,"29":0,"30":0,"31":0,"32":0,"33":0,"34":0,"35":0,"36":0,"37":0,"38":0,"39":0,"40":0,"41":0,"42":0,"43":0,"44":0,"45":0,"46":0,"47":0,"48":0,"49":0,"50":0,"51":0,"52":0,"53":0,"54":0,"55":0,"56":0,"57":0,"58":0,"59":0,"60":0,"61":0,"62":0,"63":0,"64":0,"65":0,"66":0,"67":0,"68":0,"69":0,"70":0,"71":0,"72":0,"73":0,"74":0,"75":0,"76":0,"77":0,"78":0,"79":0,"80":0,"81":0,"82":0,"83":0,"84":0,"85":0,"86":0,"87":0,"88":0,"89":0,"90":0,"91":0,"92":0,"93":0,"94":0,"95":0,"96":0,"97":0},"f":{"0":0,"1":0,"2":0,"3":0,"4":0,"5":0,"6":0,"7":0,"8":0,"9":0,"10":0,"11":0,"12":0},"b":{"0":[0,0],"1":[0,0],"2":[0,0],"3":[0,0],"4":[0,0],"5":[0,0],"6":[0,0,0],"7":[0,0],"8":[0,0],"9":[0,0],"10":[0,0],"11":[0,0],"12":[0,0,0,0],"13":[0,0],"14":[0,0],"15":[0,0],"16":[0,0],"17":[0,0],"18":[0,0],"19":[0,0],"20":[0,0],"21":[0,0],"22":[0,0],"23":[0,0],"24":[0,0],"25":[0,0],"26":[0,0],"27":[0,0],"28":[0,0],"29":[0,0],"30":[0,0],"31":[0,0],"32":[0,0],"33":[0,0]}}
,"/var/home/oplfun/projects/online-picket-line/opl-browser-plugin/block.js": {"path":"/var/home/oplfun/projects/online-picket-line/opl-browser-plugin/block.js","statementMap":{"0":{"start":{"line":2,"column":0},"end":{"line":123,"column":3}},"1":{"start":{"line":3,"column":22},"end":{"line":3,"column":61}},"2":{"start":{"line":4,"column":28},"end":{"line":4,"column":73}},"3":{"start":{"line":5,"column":21},"end":{"line":5,"column":59}},"4":{"start":{"line":6,"column":21},"end":{"line":6,"column":59}},"5":{"start":{"line":7,"column":20},"end":{"line":7,"column":57}},"6":{"start":{"line":8,"column":23},"end":{"line":8,"column":64}},"7":{"start":{"line":9,"column":21},"end":{"line":9,"column":59}},"8":{"start":{"line":10,"column":20},"end":{"line":10,"column":58}},"9":{"start":{"line":13,"column":2},"end":{"line":24,"column":5}},"10":{"start":{"line":14,"column":4},"end":{"line":23,"column":5}},"11":{"start":{"line":15,"column":6},"end":{"line":15,"column":46}},"12":{"start":{"line":18,"column":6},"end":{"line":18,"column":40}},"13":{"start":{"line":21,"column":6},"end":{"line":21,"column":81}},"14":{"start":{"line":22,"column":6},"end":{"line":22,"column":132}},"15":{"start":{"line":27,"column":4},"end":{"line":87,"column":5}},"16":{"start":{"line":29,"column":6},"end":{"line":34,"column":7}},"17":{"start":{"line":30,"column":8},"end":{"line":30,"column":39}},"18":{"start":{"line":31,"column":8},"end":{"line":31,"column":42}},"19":{"start":{"line":33,"column":8},"end":{"line":33,"column":41}},"20":{"start":{"line":37,"column":6},"end":{"line":37,"column":75}},"21":{"start":{"line":38,"column":6},"end":{"line":39,"column":115}},"22":{"start":{"line":41,"column":6},"end":{"line":43,"column":7}},"23":{"start":{"line":42,"column":8},"end":{"line":42,"column":59}},"24":{"start":{"line":45,"column":6},"end":{"line":48,"column":7}},"25":{"start":{"line":46,"column":8},"end":{"line":46,"column":59}},"26":{"start":{"line":47,"column":8},"end":{"line":47,"column":52}},"27":{"start":{"line":51,"column":31},"end":{"line":51,"column":72}},"28":{"start":{"line":52,"column":23},"end":{"line":52,"column":28}},"29":{"start":{"line":54,"column":6},"end":{"line":60,"column":7}},"30":{"start":{"line":55,"column":8},"end":{"line":55,"column":79}},"31":{"start":{"line":56,"column":8},"end":{"line":56,"column":84}},"32":{"start":{"line":57,"column":8},"end":{"line":57,"column":26}},"33":{"start":{"line":59,"column":8},"end":{"line":59,"column":83}},"34":{"start":{"line":62,"column":6},"end":{"line":68,"column":7}},"35":{"start":{"line":63,"column":8},"end":{"line":63,"column":93}},"36":{"start":{"line":64,"column":8},"end":{"line":64,"column":85}},"37":{"start":{"line":65,"column":8},"end":{"line":65,"column":26}},"38":{"start":{"line":67,"column":8},"end":{"line":67,"column":84}},"39":{"start":{"line":70,"column":6},"end":{"line":82,"column":7}},"40":{"start":{"line":71,"column":23},"end":{"line":71,"column":70}},"41":{"start":{"line":72,"column":8},"end":{"line":76,"column":9}},"42":{"start":{"line":73,"column":10},"end":{"line":73,"column":76}},"43":{"start":{"line":75,"column":10},"end":{"line":75,"column":35}},"44":{"start":{"line":77,"column":8},"end":{"line":77,"column":71}},"45":{"start":{"line":78,"column":8},"end":{"line":78,"column":82}},"46":{"start":{"line":79,"column":8},"end":{"line":79,"column":26}},"47":{"start":{"line":81,"column":8},"end":{"line":81,"column":81}},"48":{"start":{"line":84,"column":6},"end":{"line":86,"column":7}},"49":{"start":{"line":85,"column":8},"end":{"line":85,"column":49}},"50":{"start":{"line":89,"column":4},"end":{"line":96,"column":5}},"51":{"start":{"line":90,"column":6},"end":{"line":95,"column":7}},"52":{"start":{"line":91,"column":20},"end":{"line":91,"column":40}},"53":{"start":{"line":92,"column":8},"end":{"line":92,"column":46}},"54":{"start":{"line":94,"column":8},"end":{"line":94,"column":45}},"55":{"start":{"line":100,"column":2},"end":{"line":108,"column":5}},"56":{"start":{"line":101,"column":25},"end":{"line":101,"column":43}},"57":{"start":{"line":102,"column":4},"end":{"line":107,"column":5}},"58":{"start":{"line":104,"column":6},"end":{"line":106,"column":9}},"59":{"start":{"line":105,"column":8},"end":{"line":105,"column":44}},"60":{"start":{"line":111,"column":2},"end":{"line":122,"column":5}},"61":{"start":{"line":114,"column":4},"end":{"line":121,"column":5}},"62":{"start":{"line":116,"column":6},"end":{"line":116,"column":60}},"63":{"start":{"line":117,"column":11},"end":{"line":121,"column":5}},"64":{"start":{"line":118,"column":6},"end":{"line":118,"column":28}},"65":{"start":{"line":120,"column":6},"end":{"line":120,"column":21}}},"fnMap":{"0":{"name":"(anonymous_0)","decl":{"start":{"line":2,"column":46},"end":{"line":2,"column":47}},"loc":{"start":{"line":2,"column":52},"end":{"line":123,"column":1}},"line":2},"1":{"name":"(anonymous_1)","decl":{"start":{"line":13,"column":60},"end":{"line":13,"column":61}},"loc":{"start":{"line":13,"column":74},"end":{"line":24,"column":3}},"line":13},"2":{"name":"updateUI","decl":{"start":{"line":26,"column":11},"end":{"line":26,"column":19}},"loc":{"start":{"line":26,"column":41},"end":{"line":97,"column":3}},"line":26},"3":{"name":"(anonymous_3)","decl":{"start":{"line":100,"column":39},"end":{"line":100,"column":40}},"loc":{"start":{"line":100,"column":45},"end":{"line":108,"column":3}},"line":100},"4":{"name":"(anonymous_4)","decl":{"start":{"line":104,"column":79},"end":{"line":104,"column":80}},"loc":{"start":{"line":104,"column":85},"end":{"line":106,"column":7}},"line":104},"5":{"name":"(anonymous_5)","decl":{"start":{"line":111,"column":38},"end":{"line":111,"column":39}},"loc":{"start":{"line":111,"column":44},"end":{"line":122,"column":3}},"line":111}},"branchMap":{"0":{"loc":{"start":{"line":14,"column":4},"end":{"line":23,"column":5}},"type":"if","locations":[{"start":{"line":14,"column":4},"end":{"line":23,"column":5}},{"start":{"line":19,"column":11},"end":{"line":23,"column":5}}],"line":14},"1":{"loc":{"start":{"line":27,"column":4},"end":{"line":87,"column":5}},"type":"if","locations":[{"start":{"line":27,"column":4},"end":{"line":87,"column":5}},{"start":{},"end":{}}],"line":27},"2":{"loc":{"start":{"line":29,"column":6},"end":{"line":34,"column":7}},"type":"if","locations":[{"start":{"line":29,"column":6},"end":{"line":34,"column":7}},{"start":{"line":32,"column":13},"end":{"line":34,"column":7}}],"line":29},"3":{"loc":{"start":{"line":37,"column":32},"end":{"line":37,"column":74}},"type":"binary-expr","locations":[{"start":{"line":37,"column":32},"end":{"line":37,"column":44}},{"start":{"line":37,"column":48},"end":{"line":37,"column":74}}],"line":37},"4":{"loc":{"start":{"line":38,"column":38},"end":{"line":39,"column":114}},"type":"binary-expr","locations":[{"start":{"line":38,"column":38},"end":{"line":38,"column":56}},{"start":{"line":39,"column":8},"end":{"line":39,"column":114}}],"line":38},"5":{"loc":{"start":{"line":41,"column":6},"end":{"line":43,"column":7}},"type":"if","locations":[{"start":{"line":41,"column":6},"end":{"line":43,"column":7}},{"start":{},"end":{}}],"line":41},"6":{"loc":{"start":{"line":45,"column":6},"end":{"line":48,"column":7}},"type":"if","locations":[{"start":{"line":45,"column":6},"end":{"line":48,"column":7}},{"start":{},"end":{}}],"line":45},"7":{"loc":{"start":{"line":45,"column":10},"end":{"line":45,"column":40}},"type":"binary-expr","locations":[{"start":{"line":45,"column":10},"end":{"line":45,"column":20}},{"start":{"line":45,"column":24},"end":{"line":45,"column":40}}],"line":45},"8":{"loc":{"start":{"line":46,"column":28},"end":{"line":46,"column":58}},"type":"binary-expr","locations":[{"start":{"line":46,"column":28},"end":{"line":46,"column":38}},{"start":{"line":46,"column":42},"end":{"line":46,"column":58}}],"line":46},"9":{"loc":{"start":{"line":54,"column":6},"end":{"line":60,"column":7}},"type":"if","locations":[{"start":{"line":54,"column":6},"end":{"line":60,"column":7}},{"start":{"line":58,"column":13},"end":{"line":60,"column":7}}],"line":54},"10":{"loc":{"start":{"line":62,"column":6},"end":{"line":68,"column":7}},"type":"if","locations":[{"start":{"line":62,"column":6},"end":{"line":68,"column":7}},{"start":{"line":66,"column":13},"end":{"line":68,"column":7}}],"line":62},"11":{"loc":{"start":{"line":62,"column":10},"end":{"line":62,"column":57}},"type":"binary-expr","locations":[{"start":{"line":62,"column":10},"end":{"line":62,"column":26}},{"start":{"line":62,"column":30},"end":{"line":62,"column":57}}],"line":62},"12":{"loc":{"start":{"line":70,"column":6},"end":{"line":82,"column":7}},"type":"if","locations":[{"start":{"line":70,"column":6},"end":{"line":82,"column":7}},{"start":{"line":80,"column":13},"end":{"line":82,"column":7}}],"line":70},"13":{"loc":{"start":{"line":72,"column":8},"end":{"line":76,"column":9}},"type":"if","locations":[{"start":{"line":72,"column":8},"end":{"line":76,"column":9}},{"start":{"line":74,"column":15},"end":{"line":76,"column":9}}],"line":72},"14":{"loc":{"start":{"line":84,"column":6},"end":{"line":86,"column":7}},"type":"if","locations":[{"start":{"line":84,"column":6},"end":{"line":86,"column":7}},{"start":{},"end":{}}],"line":84},"15":{"loc":{"start":{"line":89,"column":4},"end":{"line":96,"column":5}},"type":"if","locations":[{"start":{"line":89,"column":4},"end":{"line":96,"column":5}},{"start":{},"end":{}}],"line":89},"16":{"loc":{"start":{"line":102,"column":4},"end":{"line":107,"column":5}},"type":"if","locations":[{"start":{"line":102,"column":4},"end":{"line":107,"column":5}},{"start":{},"end":{}}],"line":102},"17":{"loc":{"start":{"line":114,"column":4},"end":{"line":121,"column":5}},"type":"if","locations":[{"start":{"line":114,"column":4},"end":{"line":121,"column":5}},{"start":{"line":117,"column":11},"end":{"line":121,"column":5}}],"line":114},"18":{"loc":{"start":{"line":114,"column":8},"end":{"line":114,"column":56}},"type":"binary-expr","locations":[{"start":{"line":114,"column":8},"end":{"line":114,"column":34}},{"start":{"line":114,"column":38},"end":{"line":114,"column":56}}],"line":114},"19":{"loc":{"start":{"line":117,"column":11},"end":{"line":121,"column":5}},"type":"if","locations":[{"start":{"line":117,"column":11},"end":{"line":121,"column":5}},{"start":{"line":119,"column":11},"end":{"line":121,"column":5}}],"line":117}},"s":{"0":0,"1":0,"2":0,"3":0,"4":0,"5":0,"6":0,"7":0,"8":0,"9":0,"10":0,"11":0,"12":0,"13":0,"14":0,"15":0,"16":0,"17":0,"18":0,"19":0,"20":0,"21":0,"22":0,"23":0,"24":0,"25":0,"26":0,"27":0,"28":0,"29":0,"30":0,"31":0,"32":0,"33":0,"34":0,"35":0,"36":0,"37":0,"38":0,"39":0,"40":0,"41":0,"42":0,"43":0,"44":0,"45":0,"46":0,"47":0,"48":0,"49":0,"50":0,"51":0,"52":0,"53":0,"54":0,"55":0,"56":0,"57":0,"58":0,"59":0,"60":0,"61":0,"62":0,"63":0,"64":0,"65":0},"f":{"0":0,"1":0,"2":0,"3":0,"4":0,"5":0},"b":{"0":[0,0],"1":[0,0],"2":[0,0],"3":[0,0],"4":[0,0],"5":[0,0],"6":[0,0],"7":[0,0],"8":[0,0],"9":[0,0],"10":[0,0],"11":[0,0],"12":[0,0],"13":[0,0],"14":[0,0],"15":[0,0],"16":[0,0],"17":[0,0],"18":[0,0],"19":[0,0]}}
,"/var/home/oplfun/projects/online-picket-line/opl-browser-plugin/content.js": {"path":"/var/home/oplfun/projects/online-picket-line/opl-browser-plugin/content.js","statementMap":{"0":{"start":{"line":2,"column":0},"end":{"line":176,"column":5}},"1":{"start":{"line":5,"column":22},"end":{"line":5,"column":26}},"2":{"start":{"line":12,"column":4},"end":{"line":14,"column":5}},"3":{"start":{"line":13,"column":6},"end":{"line":13,"column":13}},"4":{"start":{"line":16,"column":4},"end":{"line":35,"column":6}},"5":{"start":{"line":19,"column":8},"end":{"line":33,"column":9}},"6":{"start":{"line":20,"column":10},"end":{"line":24,"column":11}},"7":{"start":{"line":22,"column":12},"end":{"line":22,"column":57}},"8":{"start":{"line":23,"column":12},"end":{"line":23,"column":19}},"9":{"start":{"line":26,"column":10},"end":{"line":32,"column":11}},"10":{"start":{"line":27,"column":12},"end":{"line":31,"column":13}},"11":{"start":{"line":28,"column":14},"end":{"line":28,"column":40}},"12":{"start":{"line":30,"column":14},"end":{"line":30,"column":41}},"13":{"start":{"line":44,"column":4},"end":{"line":46,"column":5}},"14":{"start":{"line":45,"column":6},"end":{"line":45,"column":29}},"15":{"start":{"line":49,"column":19},"end":{"line":49,"column":48}},"16":{"start":{"line":50,"column":4},"end":{"line":50,"column":35}},"17":{"start":{"line":51,"column":4},"end":{"line":51,"column":36}},"18":{"start":{"line":53,"column":18},"end":{"line":53,"column":60}},"19":{"start":{"line":54,"column":24},"end":{"line":54,"column":100}},"20":{"start":{"line":56,"column":24},"end":{"line":56,"column":60}},"21":{"start":{"line":57,"column":20},"end":{"line":57,"column":40}},"22":{"start":{"line":60,"column":18},"end":{"line":60,"column":20}},"23":{"start":{"line":61,"column":4},"end":{"line":61,"column":91}},"24":{"start":{"line":61,"column":57},"end":{"line":61,"column":91}},"25":{"start":{"line":62,"column":4},"end":{"line":70,"column":5}},"26":{"start":{"line":63,"column":21},"end":{"line":63,"column":68}},"27":{"start":{"line":64,"column":6},"end":{"line":68,"column":7}},"28":{"start":{"line":65,"column":8},"end":{"line":65,"column":74}},"29":{"start":{"line":67,"column":8},"end":{"line":67,"column":33}},"30":{"start":{"line":69,"column":6},"end":{"line":69,"column":29}},"31":{"start":{"line":71,"column":24},"end":{"line":71,"column":165}},"32":{"start":{"line":74,"column":21},"end":{"line":74,"column":152}},"33":{"start":{"line":76,"column":4},"end":{"line":90,"column":6}},"34":{"start":{"line":93,"column":21},"end":{"line":93,"column":62}},"35":{"start":{"line":94,"column":4},"end":{"line":97,"column":7}},"36":{"start":{"line":95,"column":6},"end":{"line":95,"column":22}},"37":{"start":{"line":96,"column":6},"end":{"line":96,"column":27}},"38":{"start":{"line":100,"column":4},"end":{"line":100,"column":38}},"39":{"start":{"line":101,"column":4},"end":{"line":101,"column":27}},"40":{"start":{"line":104,"column":4},"end":{"line":106,"column":12}},"41":{"start":{"line":105,"column":6},"end":{"line":105,"column":49}},"42":{"start":{"line":116,"column":4},"end":{"line":124,"column":7}},"43":{"start":{"line":122,"column":27},"end":{"line":122,"column":62}},"44":{"start":{"line":123,"column":6},"end":{"line":123,"column":42}},"45":{"start":{"line":133,"column":16},"end":{"line":133,"column":45}},"46":{"start":{"line":134,"column":4},"end":{"line":134,"column":27}},"47":{"start":{"line":135,"column":4},"end":{"line":135,"column":25}},"48":{"start":{"line":139,"column":2},"end":{"line":143,"column":3}},"49":{"start":{"line":140,"column":4},"end":{"line":140,"column":68}},"50":{"start":{"line":142,"column":4},"end":{"line":142,"column":23}},"51":{"start":{"line":147,"column":16},"end":{"line":147,"column":36}},"52":{"start":{"line":150,"column":2},"end":{"line":155,"column":5}},"53":{"start":{"line":151,"column":4},"end":{"line":154,"column":5}},"54":{"start":{"line":152,"column":6},"end":{"line":152,"column":37}},"55":{"start":{"line":153,"column":6},"end":{"line":153,"column":25}},"56":{"start":{"line":158,"column":28},"end":{"line":158,"column":45}},"57":{"start":{"line":159,"column":31},"end":{"line":159,"column":51}},"58":{"start":{"line":161,"column":2},"end":{"line":167,"column":4}},"59":{"start":{"line":162,"column":4},"end":{"line":162,"column":45}},"60":{"start":{"line":163,"column":4},"end":{"line":166,"column":5}},"61":{"start":{"line":164,"column":6},"end":{"line":164,"column":37}},"62":{"start":{"line":165,"column":6},"end":{"line":165,"column":25}},"63":{"start":{"line":169,"column":2},"end":{"line":175,"column":4}},"64":{"start":{"line":170,"column":4},"end":{"line":170,"column":48}},"65":{"start":{"line":171,"column":4},"end":{"line":174,"column":5}},"66":{"start":{"line":172,"column":6},"end":{"line":172,"column":37}},"67":{"start":{"line":173,"column":6},"end":{"line":173,"column":25}}},"fnMap":{"0":{"name":"(anonymous_0)","decl":{"start":{"line":2,"column":1},"end":{"line":2,"column":2}},"loc":{"start":{"line":2,"column":12},"end":{"line":176,"column":1}},"line":2},"1":{"name":"checkCurrentPage","decl":{"start":{"line":10,"column":11},"end":{"line":10,"column":27}},"loc":{"start":{"line":10,"column":30},"end":{"line":36,"column":3}},"line":10},"2":{"name":"(anonymous_2)","decl":{"start":{"line":18,"column":6},"end":{"line":18,"column":7}},"loc":{"start":{"line":18,"column":20},"end":{"line":34,"column":7}},"line":18},"3":{"name":"showBanner","decl":{"start":{"line":42,"column":11},"end":{"line":42,"column":21}},"loc":{"start":{"line":42,"column":30},"end":{"line":107,"column":3}},"line":42},"4":{"name":"(anonymous_4)","decl":{"start":{"line":94,"column":39},"end":{"line":94,"column":40}},"loc":{"start":{"line":94,"column":45},"end":{"line":97,"column":5}},"line":94},"5":{"name":"(anonymous_5)","decl":{"start":{"line":104,"column":15},"end":{"line":104,"column":16}},"loc":{"start":{"line":104,"column":21},"end":{"line":106,"column":5}},"line":104},"6":{"name":"blockPage","decl":{"start":{"line":113,"column":11},"end":{"line":113,"column":20}},"loc":{"start":{"line":113,"column":29},"end":{"line":125,"column":3}},"line":113},"7":{"name":"(anonymous_7)","decl":{"start":{"line":120,"column":7},"end":{"line":120,"column":8}},"loc":{"start":{"line":120,"column":13},"end":{"line":124,"column":5}},"line":120},"8":{"name":"escapeHtml","decl":{"start":{"line":132,"column":11},"end":{"line":132,"column":21}},"loc":{"start":{"line":132,"column":28},"end":{"line":136,"column":3}},"line":132},"9":{"name":"(anonymous_9)","decl":{"start":{"line":150,"column":38},"end":{"line":150,"column":39}},"loc":{"start":{"line":150,"column":44},"end":{"line":155,"column":3}},"line":150},"10":{"name":"(anonymous_10)","decl":{"start":{"line":161,"column":22},"end":{"line":161,"column":23}},"loc":{"start":{"line":161,"column":33},"end":{"line":167,"column":3}},"line":161},"11":{"name":"(anonymous_11)","decl":{"start":{"line":169,"column":25},"end":{"line":169,"column":26}},"loc":{"start":{"line":169,"column":36},"end":{"line":175,"column":3}},"line":169}},"branchMap":{"0":{"loc":{"start":{"line":12,"column":4},"end":{"line":14,"column":5}},"type":"if","locations":[{"start":{"line":12,"column":4},"end":{"line":14,"column":5}},{"start":{},"end":{}}],"line":12},"1":{"loc":{"start":{"line":19,"column":8},"end":{"line":33,"column":9}},"type":"if","locations":[{"start":{"line":19,"column":8},"end":{"line":33,"column":9}},{"start":{},"end":{}}],"line":19},"2":{"loc":{"start":{"line":20,"column":10},"end":{"line":24,"column":11}},"type":"if","locations":[{"start":{"line":20,"column":10},"end":{"line":24,"column":11}},{"start":{},"end":{}}],"line":20},"3":{"loc":{"start":{"line":26,"column":10},"end":{"line":32,"column":11}},"type":"if","locations":[{"start":{"line":26,"column":10},"end":{"line":32,"column":11}},{"start":{},"end":{}}],"line":26},"4":{"loc":{"start":{"line":27,"column":12},"end":{"line":31,"column":13}},"type":"if","locations":[{"start":{"line":27,"column":12},"end":{"line":31,"column":13}},{"start":{"line":29,"column":19},"end":{"line":31,"column":13}}],"line":27},"5":{"loc":{"start":{"line":44,"column":4},"end":{"line":46,"column":5}},"type":"if","locations":[{"start":{"line":44,"column":4},"end":{"line":46,"column":5}},{"start":{},"end":{}}],"line":44},"6":{"loc":{"start":{"line":53,"column":18},"end":{"line":53,"column":60}},"type":"binary-expr","locations":[{"start":{"line":53,"column":18},"end":{"line":53,"column":30}},{"start":{"line":53,"column":34},"end":{"line":53,"column":60}}],"line":53},"7":{"loc":{"start":{"line":54,"column":24},"end":{"line":54,"column":100}},"type":"binary-expr","locations":[{"start":{"line":54,"column":24},"end":{"line":54,"column":42}},{"start":{"line":54,"column":46},"end":{"line":54,"column":100}}],"line":54},"8":{"loc":{"start":{"line":56,"column":24},"end":{"line":56,"column":60}},"type":"binary-expr","locations":[{"start":{"line":56,"column":24},"end":{"line":56,"column":34}},{"start":{"line":56,"column":38},"end":{"line":56,"column":54}},{"start":{"line":56,"column":58},"end":{"line":56,"column":60}}],"line":56},"9":{"loc":{"start":{"line":57,"column":20},"end":{"line":57,"column":40}},"type":"binary-expr","locations":[{"start":{"line":57,"column":20},"end":{"line":57,"column":34}},{"start":{"line":57,"column":38},"end":{"line":57,"column":40}}],"line":57},"10":{"loc":{"start":{"line":61,"column":4},"end":{"line":61,"column":91}},"type":"if","locations":[{"start":{"line":61,"column":4},"end":{"line":61,"column":91}},{"start":{},"end":{}}],"line":61},"11":{"loc":{"start":{"line":61,"column":8},"end":{"line":61,"column":55}},"type":"binary-expr","locations":[{"start":{"line":61,"column":8},"end":{"line":61,"column":24}},{"start":{"line":61,"column":28},"end":{"line":61,"column":55}}],"line":61},"12":{"loc":{"start":{"line":62,"column":4},"end":{"line":70,"column":5}},"type":"if","locations":[{"start":{"line":62,"column":4},"end":{"line":70,"column":5}},{"start":{},"end":{}}],"line":62},"13":{"loc":{"start":{"line":64,"column":6},"end":{"line":68,"column":7}},"type":"if","locations":[{"start":{"line":64,"column":6},"end":{"line":68,"column":7}},{"start":{"line":66,"column":13},"end":{"line":68,"column":7}}],"line":64},"14":{"loc":{"start":{"line":71,"column":24},"end":{"line":71,"column":165}},"type":"cond-expr","locations":[{"start":{"line":71,"column":45},"end":{"line":71,"column":160}},{"start":{"line":71,"column":163},"end":{"line":71,"column":165}}],"line":71},"15":{"loc":{"start":{"line":74,"column":21},"end":{"line":74,"column":152}},"type":"cond-expr","locations":[{"start":{"line":74,"column":31},"end":{"line":74,"column":110}},{"start":{"line":74,"column":113},"end":{"line":74,"column":152}}],"line":74},"16":{"loc":{"start":{"line":84,"column":14},"end":{"line":84,"column":177}},"type":"cond-expr","locations":[{"start":{"line":84,"column":28},"end":{"line":84,"column":172}},{"start":{"line":84,"column":175},"end":{"line":84,"column":177}}],"line":84},"17":{"loc":{"start":{"line":139,"column":2},"end":{"line":143,"column":3}},"type":"if","locations":[{"start":{"line":139,"column":2},"end":{"line":143,"column":3}},{"start":{"line":141,"column":9},"end":{"line":143,"column":3}}],"line":139},"18":{"loc":{"start":{"line":151,"column":4},"end":{"line":154,"column":5}},"type":"if","locations":[{"start":{"line":151,"column":4},"end":{"line":154,"column":5}},{"start":{},"end":{}}],"line":151},"19":{"loc":{"start":{"line":163,"column":4},"end":{"line":166,"column":5}},"type":"if","locations":[{"start":{"line":163,"column":4},"end":{"line":166,"column":5}},{"start":{},"end":{}}],"line":163},"20":{"loc":{"start":{"line":171,"column":4},"end":{"line":174,"column":5}},"type":"if","locations":[{"start":{"line":171,"column":4},"end":{"line":174,"column":5}},{"start":{},"end":{}}],"line":171}},"s":{"0":0,"1":0,"2":0,"3":0,"4":0,"5":0,"6":0,"7":0,"8":0,"9":0,"10":0,"11":0,"12":0,"13":0,"14":0,"15":0,"16":0,"17":0,"18":0,"19":0,"20":0,"21":0,"22":0,"23":0,"24":0,"25":0,"26":0,"27":0,"28":0,"29":0,"30":0,"31":0,"32":0,"33":0,"34":0,"35":0,"36":0,"37":0,"38":0,"39":0,"40":0,"41":0,"42":0,"43":0,"44":0,"45":0,"46":0,"47":0,"48":0,"49":0,"50":0,"51":0,"52":0,"53":0,"54":0,"55":0,"56":0,"57":0,"58":0,"59":0,"60":0,"61":0,"62":0,"63":0,"64":0,"65":0,"66":0,"67":0},"f":{"0":0,"1":0,"2":0,"3":0,"4":0,"5":0,"6":0,"7":0,"8":
[...]
":4},"end":{"line":82,"column":5}},{"start":{},"end":{}}],"line":80},"4":{"loc":{"start":{"line":84,"column":4},"end":{"line":86,"column":5}},"type":"if","locations":[{"start":{"line":84,"column":4},"end":{"line":86,"column":5}},{"start":{},"end":{}}],"line":84},"5":{"loc":{"start":{"line":88,"column":4},"end":{"line":95,"column":5}},"type":"if","locations":[{"start":{"line":88,"column":4},"end":{"line":95,"column":5}},{"start":{},"end":{}}],"line":88},"6":{"loc":{"start":{"line":92,"column":6},"end":{"line":94,"column":7}},"type":"if","locations":[{"start":{"line":92,"column":6},"end":{"line":94,"column":7}},{"start":{},"end":{}}],"line":92},"7":{"loc":{"start":{"line":92,"column":10},"end":{"line":92,"column":48}},"type":"binary-expr","locations":[{"start":{"line":92,"column":10},"end":{"line":92,"column":27}},{"start":{"line":92,"column":31},"end":{"line":92,"column":48}}],"line":92},"8":{"loc":{"start":{"line":102,"column":4},"end":{"line":105,"column":5}},"type":"if","locations":[{"start":{"line":102,"column":4},"end":{"line":105,"column":5}},{"start":{},"end":{}}],"line":102},"9":{"loc":{"start":{"line":102,"column":8},"end":{"line":102,"column":62}},"type":"binary-expr","locations":[{"start":{"line":102,"column":8},"end":{"line":102,"column":33}},{"start":{"line":102,"column":37},"end":{"line":102,"column":62}}],"line":102},"10":{"loc":{"start":{"line":118,"column":4},"end":{"line":120,"column":5}},"type":"if","locations":[{"start":{"line":118,"column":4},"end":{"line":120,"column":5}},{"start":{},"end":{}}],"line":118},"11":{"loc":{"start":{"line":122,"column":4},"end":{"line":124,"column":5}},"type":"if","locations":[{"start":{"line":122,"column":4},"end":{"line":124,"column":5}},{"start":{},"end":{}}],"line":122},"12":{"loc":{"start":{"line":127,"column":4},"end":{"line":131,"column":5}},"type":"if","locations":[{"start":{"line":127,"column":4},"end":{"line":131,"column":5}},{"start":{},"end":{}}],"line":127},"13":{"loc":{"start":{"line":127,"column":8},"end":{"line":127,"column":54}},"type":"binary-expr","locations":[{"start":{"line":127,"column":8},"end":{"line":127,"column":29}},{"start":{"line":127,"column":33},"end":{"line":127,"column":54}}],"line":127}},"s":{"0":0,"1":0,"2":0,"3":0,"4":0,"5":0,"6":0,"7":0,"8":0,"9":0,"10":0,"11":0,"12":0,"13":0,"14":0,"15":0,"16":0,"17":0,"18":0,"19":0,"20":0,"21":0,"22":0,"23":0,"24":0,"25":0,"26":0,"27":0,"28":0,"29":0,"30":0,"31":0,"32":0,"33":0,"34":0,"35":0,"36":0,"37":0,"38":0,"39":0,"40":0,"41":0,"42":0,"43":0,"44":0,"45":0,"46":0,"47":0,"48":0,"49":0,"50":0,"51":0,"52":0,"53":0,"54":0,"55":0,"56":0,"57":0,"58":0,"59":0,"60":0,"61":0,"62":0,"63":0,"64":0,"65":0,"66":0},"f":{"0":0,"1":0,"2":0,"3":0,"4":0,"5":0,"6":0,"7":0,"8":0,"9":0,"10":0,"11":0,"12":0},"b":{"0":[0,0],"1":[0,0],"2":[0,0],"3":[0,0],"4":[0,0],"5":[0,0],"6":[0,0],"7":[0,0],"8":[0,0],"9":[0,0],"10":[0,0],"11":[0,0],"12":[0,0],"13":[0,0]}}
,"/var/home/oplfun/projects/online-picket-line/opl-browser-plugin/popup.js": {"path":"/var/home/oplfun/projects/online-picket-line/opl-browser-plugin/popup.js","statementMap":{"0":{"start":{"line":6,"column":0},"end":{"line":200,"column":3}},"1":{"start":{"line":7,"column":26},"end":{"line":7,"column":64}},"2":{"start":{"line":8,"column":25},"end":{"line":8,"column":62}},"3":{"start":{"line":9,"column":20},"end":{"line":9,"column":53}},"4":{"start":{"line":10,"column":23},"end":{"line":10,"column":63}},"5":{"start":{"line":11,"column":30},"end":{"line":11,"column":77}},"6":{"start":{"line":12,"column":25},"end":{"line":12,"column":67}},"7":{"start":{"line":15,"column":2},"end":{"line":22,"column":5}},"8":{"start":{"line":16,"column":22},"end":{"line":16,"column":47}},"9":{"start":{"line":17,"column":4},"end":{"line":21,"column":5}},"10":{"start":{"line":18,"column":6},"end":{"line":18,"column":36}},"11":{"start":{"line":20,"column":6},"end":{"line":20,"column":37}},"12":{"start":{"line":25,"column":2},"end":{"line":25,"column":14}},"13":{"start":{"line":28,"column":22},"end":{"line":28,"column":62}},"14":{"start":{"line":29,"column":2},"end":{"line":43,"column":3}},"15":{"start":{"line":30,"column":4},"end":{"line":42,"column":7}},"16":{"start":{"line":31,"column":6},"end":{"line":41,"column":7}},"17":{"start":{"line":33,"column":8},"end":{"line":33,"column":31}},"18":{"start":{"line":34,"column":8},"end":{"line":34,"column":75}},"19":{"start":{"line":37,"column":8},"end":{"line":37,"column":59}},"20":{"start":{"line":39,"column":8},"end":{"line":39,"column":58}},"21":{"start":{"line":40,"column":8},"end":{"line":40,"column":58}},"22":{"start":{"line":46,"column":2},"end":{"line":51,"column":5}},"23":{"start":{"line":47,"column":4},"end":{"line":50,"column":5}},"24":{"start":{"line":48,"column":6},"end":{"line":48,"column":52}},"25":{"start":{"line":49,"column":6},"end":{"line":49,"column":46}},"26":{"start":{"line":53,"column":2},"end":{"line":58,"column":5}},"27":{"start":{"line":54,"column":4},"end":{"line":57,"column":5}},"28":{"start":{"line":55,"column":6},"end":{"line":55,"column":51}},"29":{"start":{"line":56,"column":6},"end":{"line":56,"column":46}},"30":{"start":{"line":66,"column":4},"end":{"line":66,"column":36}},"31":{"start":{"line":67,"column":4},"end":{"line":67,"column":43}},"32":{"start":{"line":69,"column":4},"end":{"line":73,"column":5}},"33":{"start":{"line":70,"column":6},"end":{"line":72,"column":15}},"34":{"start":{"line":71,"column":8},"end":{"line":71,"column":39}},"35":{"start":{"line":80,"column":4},"end":{"line":118,"column":7}},"36":{"start":{"line":81,"column":22},"end":{"line":81,"column":48}},"37":{"start":{"line":82,"column":24},"end":{"line":82,"column":46}},"38":{"start":{"line":85,"column":21},"end":{"line":85,"column":57}},"39":{"start":{"line":86,"column":6},"end":{"line":90,"column":7}},"40":{"start":{"line":87,"column":8},"end":{"line":87,"column":58}},"41":{"start":{"line":88,"column":8},"end":{"line":88,"column":77}},"42":{"start":{"line":89,"column":8},"end":{"line":89,"column":86}},"43":{"start":{"line":92,"column":28},"end":{"line":92,"column":112}},"44":{"start":{"line":92,"column":48},"end":{"line":92,"column":104}},"45":{"start":{"line":93,"column":24},"end":{"line":93,"column":89}},"46":{"start":{"line":93,"column":51},"end":{"line":93,"column":85}},"47":{"start":{"line":94,"column":22},"end":{"line":94,"column":110}},"48":{"start":{"line":95,"column":6},"end":{"line":97,"column":7}},"49":{"start":{"line":96,"column":8},"end":{"line":96,"column":100}},"50":{"start":{"line":98,"column":6},"end":{"line":113,"column":7}},"51":{"start":{"line":99,"column":20},"end":{"line":99,"column":42}},"52":{"start":{"line":100,"column":24},"end":{"line":100,"column":47}},"53":{"start":{"line":101,"column":22},"end":{"line":101,"column":46}},"54":{"start":{"line":103,"column":8},"end":{"line":109,"column":9}},"55":{"start":{"line":104,"column":10},"end":{"line":104,"column":65}},"56":{"start":{"line":105,"column":15},"end":{"line":109,"column":9}},"57":{"start":{"line":106,"column":10},"end":{"line":106,"column":71}},"58":{"start":{"line":108,"column":10},"end":{"line":108,"column":31}},"59":{"start":{"line":110,"column":8},"end":{"line":110,"column":51}},"60":{"start":{"line":111,"column":13},"end":{"line":113,"column":7}},"61":{"start":{"line":112,"column":8},"end":{"line":112,"column":70}},"62":{"start":{"line":115,"column":6},"end":{"line":115,"column":213}},"63":{"start":{"line":117,"column":6},"end":{"line":117,"column":41}},"64":{"start":{"line":125,"column":4},"end":{"line":198,"column":7}},"65":{"start":{"line":127,"column":6},"end":{"line":197,"column":9}},"66":{"start":{"line":128,"column":31},"end":{"line":128,"column":57}},"67":{"start":{"line":131,"column":27},"end":{"line":177,"column":9}},"68":{"start":{"line":180,"column":32},"end":{"line":180,"column":76}},"69":{"start":{"line":180,"column":59},"end":{"line":180,"column":75}},"70":{"start":{"line":181,"column":31},"end":{"line":181,"column":63}},"71":{"start":{"line":184,"column":8},"end":{"line":196,"column":11}},"72":{"start":{"line":189,"column":10},"end":{"line":195,"column":11}},"73":{"start":{"line":190,"column":12},"end":{"line":190,"column":45}},"74":{"start":{"line":193,"column":12},"end":{"line":193,"column":24}},"75":{"start":{"line":194,"column":12},"end":{"line":194,"column":22}}},"fnMap":{"0":{"name":"(anonymous_0)","decl":{"start":{"line":6,"column":46},"end":{"line":6,"column":47}},"loc":{"start":{"line":6,"column":52},"end":{"line":200,"column":1}},"line":6},"1":{"name":"(anonymous_1)","decl":{"start":{"line":15,"column":41},"end":{"line":15,"column":42}},"loc":{"start":{"line":15,"column":53},"end":{"line":22,"column":3}},"line":15},"2":{"name":"(anonymous_2)","decl":{"start":{"line":30,"column":42},"end":{"line":30,"column":43}},"loc":{"start":{"line":30,"column":54},"end":{"line":42,"column":5}},"line":30},"3":{"name":"(anonymous_3)","decl":{"start":{"line":46,"column":45},"end":{"line":46,"column":46}},"loc":{"start":{"line":46,"column":51},"end":{"line":51,"column":3}},"line":46},"4":{"name":"(anonymous_4)","decl":{"start":{"line":53,"column":44},"end":{"line":53,"column":45}},"loc":{"start":{"line":53,"column":50},"end":{"line":58,"column":3}},"line":53},"5":{"name":"showStatus","decl":{"start":{"line":65,"column":11},"end":{"line":65,"column":21}},"loc":{"start":{"line":65,"column":37},"end":{"line":74,"column":3}},"line":65},"6":{"name":"(anonymous_6)","decl":{"start":{"line":70,"column":17},"end":{"line":70,"column":18}},"loc":{"start":{"line":70,"column":23},"end":{"line":72,"column":7}},"line":70},"7":{"name":"loadStats","decl":{"start":{"line":79,"column":11},"end":{"line":79,"column":20}},"loc":{"start":{"line":79,"column":23},"end":{"line":119,"column":3}},"line":79},"8":{"name":"(anonymous_8)","decl":{"start":{"line":80,"column":88},"end":{"line":80,"column":89}},"loc":{"start":{"line":80,"column":100},"end":{"line":118,"column":5}},"line":80},"9":{"name":"(anonymous_9)","decl":{"start":{"line":92,"column":43},"end":{"line":92,"column":44}},"loc":{"start":{"line":92,"column":48},"end":{"line":92,"column":104}},"line":92},"10":{"name":"(anonymous_10)","decl":{"start":{"line":93,"column":39},"end":{"line":93,"column":40}},"loc":{"start":{"line":93,"column":51},"end":{"line":93,"column":85}},"line":93},"11":{"name":"enableTestMode","decl":{"start":{"line":124,"column":17},"end":{"line":124,"column":31}},"loc":{"start":{"line":124,"column":34},"end":{"line":199,"column":3}},"line":124},"12":{"name":"(anonymous_12)","decl":{"start":{"line":125,"column":23},"end":{"line":125,"column":24}},"loc":{"start":{"line":125,"column":44},"end":{"line":198,"column":5}},"line":125},"13":{"name":"(anonymous_13)","decl":{"start":{"line":127,"column":50},"end":{"line":127,"column":51}},"loc":{"start":{"line":127,"column":62},"end":{"line":197,"column":7}},"line":127},"14":{"name":"(anonymous_14)","decl":{"start":{"line":180,"column":54},"end":{"line":180,"column":55}},"loc":{"start":{"line":180,"column":59},"end":{"line":180,"column":75}},"line":180},"15":{"name":"(anonymous_15)","decl":{"start":{"line":188,"column":11},"end":{"line":188,"column":12}},"loc":{"start":{"line":188,"column":17},"end":{"line":196,"column":9}},"line":188}},"branchMap":{"0":{"loc":{"start":{"line":16,"column":22},"end":{"line":16,"column":47}},"type":"binary-expr","locations":[{"start":{"line":16,"column":22},"end":{"line":16,"column":38}},{"start":{"line":16,"column":42},"end":{"line":16,"column":47}}],"line":16},"1":{"loc":{"start":{"line":17,"column":4},"end":{"line":21,"column":5}},"type":"if","locations":[{"start":{"line":17,"column":4},"end":{"line":21,"column":5}},{"start":{"line":19,"column":11},"end":{"line":21,"column":5}}],"line":17},"2":{"loc":{"start":{"line":29,"column":2},"end":{"line":43,"column":3}},"type":"if","locations":[{"start":{"line":29,"column":2},"end":{"line":43,"column":3}},{"start":{},"end":{}}],"line":29},"3":{"loc":{"start":{"line":47,"column":4},"end":{"line":50,"column":5}},"type":"if","locations":[{"start":{"line":47,"column":4},"end":{"line":50,"column":5}},{"start":{},"end":{}}],"line":47},"4":{"loc":{"start":{"line":54,"column":4},"end":{"line":57,"column":5}},"type":"if","locations":[{"start":{"line":54,"column":4},"end":{"line":57,"column":5}},{"start":{},"end":{}}],"line":54},"5":{"loc":{"start":{"line":69,"column":4},"end":{"line":73,"column":5}},"type":"if","locations":[{"start":{"line":69,"column":4},"end":{"line":73,"column":5}},{"start":{},"end":{}}],"line":69},"6":{"loc":{"start":{"line":81,"column":22},"end":{"line":81,"column":48}},"type":"binary-expr","locations":[{"start":{"line":81,"column":22},"end":{"line":81,"column":42}},{"start":{"line":81,"column":46},"end":{"line":81,"column":48}}],"line":81},"7":{"loc":{"start":{"line":85,"column":21},"end":{"line":85,"column":57}},"type":"binary-expr","locations":[{"start":{"line":85,"column":21},"end":{"line":85,"column":45}},{"start":{"line":85,"column":49},"end":{"line":85,"column":57}}],"line":85},"8":{"loc":{"start":{"line":86,"column":6},"end":{"line":90,"column":7}},"type":"if","locations":[{"start":{"line":86,"column":6},"end":{"line":90,"column":7}},{"start":{},"end":{}}],"line":86},"9":{"loc":{"start":{"line":86,"column":10},"end":{"line":86,"column":47}},"type":"binary-expr","locations":[{"start":{"line":86,"column":10},"end":{"line":86,"column":29}},{"start":{"line":86,"column":33},"end":{"line":86,"column":47}}],"line":86},"10":{"loc":{"start":{"line":92,"column":48},"end":{"line":92,"column":104}},"type":"binary-expr","locations":[{"start":{"line":92,"column":49},"end":{"line":92,"column":58}},{"start":{"line":92,"column":62},"end":{"line":92,"column":83}},{"start":{"line":92,"column":88},"end":{"line":92,"column":104}}],"line":92},"11":{"loc":{"start":{"line":93,"column":58},"end":{"line":93,"column":84}},"type":"binary-expr","locations":[{"start":{"line":93,"column":58},"end":{"line":93,"column":79}},{"start":{"line":93,"column":83},"end":{"line":93,"column":84}}],"line":93},"12":{"loc":{"start":{"line":94,"column":78},"end":{"line":94,"column":108}},"type":"cond-expr","locations":[{"start":{"line":94,"column":100},"end":{"line":94,"column":103}},{"start":{"line":94,"column":106},"end":{"line":94,"column":108}}],"line":94},"13":{"loc":{"start":{"line":95,"column":6},"end":{"line":97,"column":7}},"type":"if","locations":[{"start":{"line":95,"column":6},"end":{"line":97,"column":7}},{"start":{},"end":{}}],"line":95},"14":{"loc":{"start":{"line":96,"column":61},"end":{"line":96,"column":87}},"type":"cond-expr","locations":[{"start":{"line":96,"column":79},"end":{"line":96,"column":82}},{"start":{"line":96,"column":85},"end":{"line":96,"column":87}}],"line":96},"15":{"loc":{"start":{"line":98,"column":6},"end":{"line":113,"column":7}},"type":"if","locations":[{"start":{"line":98,"column":6},"end":{"line":113,"column":7}},{"start":{"line":111,"column":13},"end":{"line":113,"column":7}}],"line":98},"16":{"loc":{"start":{"line":103,"column":8},"end":{"line":109,"column":9}},"type":"if","locations":[{"start":{"line":103,"column":8},"end":{"line":109,"column":9}},{"start":{"line":105,"column":15},"end":{"line":109,"column":9}}],"line":103},"17":{"loc":{"start":{"line":104,"column":36},"end":{"line":104,"column":58}},"type":"cond-expr","locations":[{"start":{"line":104,"column":50},"end":{"line":104,"column":53}},{"start":{"line":104,"column":56},"end":{"line":104,"column":58}}],"line":104},"18":{"loc":{"start":{"line":105,"column":15},"end":{"line":109,"column":9}},"type":"if","locations":[{"start":{"line":105,"column":15},"end":{"line":109,"column":9}},{"start":{"line":107,"column":15},"end":{"line":109,"column":9}}],"line":105},"19":{"loc":{"start":{"line":106,"column":40},"end":{"line":106,"column":64}},"type":"cond-expr","locations":[{"start":{"line":106,"column":56},"end":{"line":106,"column":59}},{"start":{"line":106,"column":62},"end":{"line":106,"column":64}}],"line":106},"20":{"loc":{"start":{"line":111,"column":13},"end":{"line":113,"column":7}},"type":"if","locations":[{"start":{"line":111,"column":13},"end":{"line":113,"column":7}},{"start":{},"end":{}}],"line":111},"21":{"loc":{"start":{"line":128,"column":31},"end":{"line":128,"column":57}},"type":"binary-expr","locations":[{"start":{"line":128,"column":31},"end":{"line":128,"column":51}},{"start":{"line":128,"column":55},"end":{"line":128,"column":57}}],"line":128},"22":{"loc":{"start":{"line":189,"column":10},"end":{"line":195,"column":11}},"type":"if","locations":[{"start":{"line":189,"column":10},"end":{"line":195,"column":11}},{"start":{"line":191,"column":17},"end":{"line":195,"column":11}}],"line":189}},"s":{"0":0,"1":0,"2":0,"3":0,"4":0,"5":0,"6":0,"7":0,"8":0,"9":0,"10":0,"11":0,"12":0,"13":0,"14":0,"15":0,"16":0,"17":0,"18":0,"19":0,"20":0,"21":0,"22":0,"23":0,"24":0,"25":0,"26":0,"27":0,"28":0,"29":0,"30":0,"31":0,"32":0,"33":0,"34":0,"35":0,"36":0,"37":0,"38":0,"39":0,"40":0,"41":0,"42":0,"43":0,"44":0,"45":0,"46":0,"47":0,"48":0,"49":0,"50":0,"51":0,"52":0,"53":0,"54":0,"55":0,"56":0,"57":0,"58":0,"59":0,"60":0,"61":0,"62":0,"63":0,"64":0,"65":0,"66":0,"67":0,"68":0,"69":0,"70":0,"71":0,"72":0,"73":0,"74":0,"75":0},"f":{"0":0,"1":0,"2":0,"3":0,"4":0,"5":0,"6":0,"7":0,"8":0,"9":0,"10":0,"11":0,"12":0,"13":0,"14":0,"15":0},"b":{"0":[0,0],"1":[0,0],"2":[0,0],"3":[0,0],"4":[0,0],"5":[0,0],"6":[0,0],"7":[0,0],"8":[0,0],"9":[0,0],"10":[0,0,0],"11":[0,0],"12":[0,0],"13":[0,0],"14":[0,0],"15":[0,0],"16":[0,0],"17":[0,0],"18":[0,0],"19":[0,0],"20":[0,0],"21":[0,0],"22":[0,0]}}
,"/var/home/oplfun/projects/online-picket-line/opl-browser-plugin/test-import.js": {"path":"/var/home/oplfun/projects/online-picket-line/opl-browser-plugin/test-import.js","statementMap":{"0":{"start":{"line":4,"column":0},"end":{"line":4,"column":63}},"1":{"start":{"line":7,"column":0},"end":{"line":11,"column":1}},"2":{"start":{"line":8,"column":2},"end":{"line":8,"column":68}},"3":{"start":{"line":10,"column":2},"end":{"line":10,"column":71}},"4":{"start":{"line":13,"column":0},"end":{"line":13,"column":48}},"5":{"start":{"line":14,"column":0},"end":{"line":20,"column":1}},"6":{"start":{"line":15,"column":2},"end":{"line":15,"column":35}},"7":{"start":{"line":16,"column":2},"end":{"line":16,"column":59}},"8":{"start":{"line":18,"column":2},"end":{"line":18,"column":64}},"9":{"start":{"line":19,"column":2},"end":{"line":19,"column":18}},"10":{"start":{"line":22,"column":0},"end":{"line":22,"column":43}},"11":{"start":{"line":23,"column":0},"end":{"line":30,"column":1}},"12":{"start":{"line":24,"column":21},"end":{"line":24,"column":48}},"13":{"start":{"line":25,"column":2},"end":{"line":25,"column":54}},"14":{"start":{"line":26,"column":2},"end":{"line":26,"column":56}},"15":{"start":{"line":28,"column":2},"end":{"line":28,"column":59}},"16":{"start":{"line":29,"column":2},"end":{"line":29,"column":18}},"17":{"start":{"line":32,"column":0},"end":{"line":32,"column":46}},"18":{"start":{"line":33,"column":0},"end":{"line":41,"column":1}},"19":{"start":{"line":34,"column":24},"end":{"line":34,"column":54}},"20":{"start":{"line":35,"column":2},"end":{"line":35,"column":57}},"21":{"start":{"line":36,"column":2},"end":{"line":36,"column":62}},"22":{"start":{"line":38,"column":2},"end":{"line":38,"column":62}},"23":{"start":{"line":39,"column":2},"end":{"line":39,"column":42}},"24":{"start":{"line":40,"column":2},"end":{"line":40,"column":18}},"25":{"start":{"line":43,"column":0},"end":{"line":43,"column":58}},"26":{"start":{"line":44,"column":0},"end":{"line":44,"column":83}}},"fnMap":{},"branchMap":{"0":{"loc":{"start":{"line":7,"column":0},"end":{"line":11,"column":1}},"type":"if","locations":[{"start":{"line":7,"column":0},"end":{"line":11,"column":1}},{"start":{"line":9,"column":7},"end":{"line":11,"column":1}}],"line":7}},"s":{"0":0,"1":0,"2":0,"3":0,"4":0,"5":0,"6":0,"7":0,"8":0,"9":0,"10":0,"11":0,"12":0,"13":0,"14":0,"15":0,"16":0,"17":0,"18":0,"19":0,"20":0,"21":0,"22":0,"23":0,"24":0,"25":0,"26":0},"f":{},"b":{"0":[0,0]}}
}
