{"/var/home/oplfun/projects/online-picket-line/opl-browser-plugin/api-service.js": {"path":"/var/home/oplfun/projects/online-picket-line/opl-browser-plugin/api-service.js","statementMap":{"0":{"start":{"line":4,"column":29},"end":{"line":4,"column":59}},"1":{"start":{"line":5,"column":24},"end":{"line":5,"column":94}},"2":{"start":{"line":6,"column":18},"end":{"line":6,"column":39}},"3":{"start":{"line":7,"column":23},"end":{"line":7,"column":29}},"4":{"start":{"line":8,"column":23},"end":{"line":8,"column":37}},"5":{"start":{"line":13,"column":4},"end":{"line":13,"column":40}},"6":{"start":{"line":14,"column":4},"end":{"line":14,"column":34}},"7":{"start":{"line":22,"column":4},"end":{"line":22,"column":40}},"8":{"start":{"line":23,"column":4},"end":{"line":23,"column":34}},"9":{"start":{"line":31,"column":4},"end":{"line":34,"column":7}},"10":{"start":{"line":54,"column":4},"end":{"line":136,"column":5}},"11":{"start":{"line":56,"column":21},"end":{"line":56,"column":47}},"12":{"start":{"line":57,"column":6},"end":{"line":60,"column":7}},"13":{"start":{"line":58,"column":8},"end":{"line":58,"column":50}},"14":{"start":{"line":59,"column":8},"end":{"line":59,"column":22}},"15":{"start":{"line":63,"column":6},"end":{"line":63,"column":24}},"16":{"start":{"line":66,"column":25},"end":{"line":66,"column":51}},"17":{"start":{"line":69,"column":16},"end":{"line":69,"column":91}},"18":{"start":{"line":70,"column":6},"end":{"line":72,"column":7}},"19":{"start":{"line":71,"column":8},"end":{"line":71,"column":37}},"20":{"start":{"line":74,"column":22},"end":{"line":77,"column":7}},"21":{"start":{"line":79,"column":23},"end":{"line":82,"column":8}},"22":{"start":{"line":84,"column":6},"end":{"line":92,"column":7}},"23":{"start":{"line":86,"column":8},"end":{"line":86,"column":69}},"24":{"start":{"line":87,"column":23},"end":{"line":87,"column":53}},"25":{"start":{"line":88,"column":8},"end":{"line":90,"column":9}},"26":{"start":{"line":89,"column":10},"end":{"line":89,"column":24}},"27":{"start":{"line":94,"column":6},"end":{"line":97,"column":7}},"28":{"start":{"line":95,"column":27},"end":{"line":95,"column":71}},"29":{"start":{"line":96,"column":8},"end":{"line":96,"column":75}},"30":{"start":{"line":99,"column":6},"end":{"line":101,"column":7}},"31":{"start":{"line":100,"column":8},"end":{"line":100,"column":94}},"32":{"start":{"line":103,"column":6},"end":{"line":105,"column":7}},"33":{"start":{"line":104,"column":8},"end":{"line":104,"column":89}},"34":{"start":{"line":107,"column":19},"end":{"line":107,"column":40}},"35":{"start":{"line":110,"column":26},"end":{"line":110,"column":64}},"36":{"start":{"line":111,"column":6},"end":{"line":113,"column":7}},"37":{"start":{"line":112,"column":8},"end":{"line":112,"column":46}},"38":{"start":{"line":116,"column":30},"end":{"line":116,"column":70}},"39":{"start":{"line":119,"column":6},"end":{"line":119,"column":48}},"40":{"start":{"line":121,"column":6},"end":{"line":121,"column":93}},"41":{"start":{"line":123,"column":6},"end":{"line":123,"column":29}},"42":{"start":{"line":125,"column":6},"end":{"line":125,"column":60}},"43":{"start":{"line":128,"column":21},"end":{"line":128,"column":51}},"44":{"start":{"line":129,"column":6},"end":{"line":132,"column":7}},"45":{"start":{"line":130,"column":8},"end":{"line":130,"column":64}},"46":{"start":{"line":131,"column":8},"end":{"line":131,"column":22}},"47":{"start":{"line":135,"column":6},"end":{"line":135,"column":16}},"48":{"start":{"line":145,"column":4},"end":{"line":147,"column":5}},"49":{"start":{"line":146,"column":6},"end":{"line":146,"column":16}},"50":{"start":{"line":149,"column":20},"end":{"line":149,"column":22}},"51":{"start":{"line":152,"column":4},"end":{"line":185,"column":5}},"52":{"start":{"line":154,"column":6},"end":{"line":156,"column":7}},"53":{"start":{"line":155,"column":8},"end":{"line":155,"column":17}},"54":{"start":{"line":159,"column":28},"end":{"line":159,"column":55}},"55":{"start":{"line":161,"column":21},"end":{"line":182,"column":7}},"56":{"start":{"line":171,"column":69},"end":{"line":171,"column":103}},"57":{"start":{"line":184,"column":6},"end":{"line":184,"column":27}},"58":{"start":{"line":187,"column":4},"end":{"line":187,"column":19}},"59":{"start":{"line":197,"column":4},"end":{"line":197,"column":79}},"60":{"start":{"line":206,"column":4},"end":{"line":206,"column":39}},"61":{"start":{"line":206,"column":17},"end":{"line":206,"column":39}},"62":{"start":{"line":208,"column":24},"end":{"line":208,"column":44}},"63":{"start":{"line":209,"column":4},"end":{"line":209,"column":56}},"64":{"start":{"line":209,"column":40},"end":{"line":209,"column":56}},"65":{"start":{"line":210,"column":4},"end":{"line":210,"column":58}},"66":{"start":{"line":210,"column":41},"end":{"line":210,"column":58}},"67":{"start":{"line":211,"column":4},"end":{"line":211,"column":56}},"68":{"start":{"line":211,"column":40},"end":{"line":211,"column":56}},"69":{"start":{"line":212,"column":4},"end":{"line":212,"column":58}},"70":{"start":{"line":212,"column":41},"end":{"line":212,"column":58}},"71":{"start":{"line":214,"column":4},"end":{"line":214,"column":26}},"72":{"start":{"line":223,"column":4},"end":{"line":233,"column":5}},"73":{"start":{"line":224,"column":6},"end":{"line":224,"column":32}},"74":{"start":{"line":227,"column":6},"end":{"line":232,"column":7}},"75":{"start":{"line":228,"column":8},"end":{"line":228,"column":47}},"76":{"start":{"line":230,"column":8},"end":{"line":230,"column":56}},"77":{"start":{"line":231,"column":8},"end":{"line":231,"column":20}},"78":{"start":{"line":242,"column":4},"end":{"line":262,"column":7}},"79":{"start":{"line":243,"column":6},"end":{"line":261,"column":9}},"80":{"start":{"line":244,"column":23},"end":{"line":244,"column":40}},"81":{"start":{"line":245,"column":26},"end":{"line":245,"column":48}},"82":{"start":{"line":247,"column":8},"end":{"line":250,"column":9}},"83":{"start":{"line":248,"column":10},"end":{"line":248,"column":24}},"84":{"start":{"line":249,"column":10},"end":{"line":249,"column":17}},"85":{"start":{"line":252,"column":20},"end":{"line":252,"column":30}},"86":{"start":{"line":253,"column":20},"end":{"line":253,"column":35}},"87":{"start":{"line":255,"column":8},"end":{"line":258,"column":9}},"88":{"start":{"line":256,"column":10},"end":{"line":256,"column":24}},"89":{"start":{"line":257,"column":10},"end":{"line":257,"column":17}},"90":{"start":{"line":260,"column":8},"end":{"line":260,"column":24}},"91":{"start":{"line":270,"column":4},"end":{"line":275,"column":7}},"92":{"start":{"line":271,"column":6},"end":{"line":274,"column":18}},"93":{"start":{"line":282,"column":4},"end":{"line":284,"column":7}},"94":{"start":{"line":283,"column":6},"end":{"line":283,"column":91}},"95":{"start":{"line":292,"column":4},"end":{"line":296,"column":7}},"96":{"start":{"line":293,"column":6},"end":{"line":295,"column":9}},"97":{"start":{"line":294,"column":8},"end":{"line":294,"column":48}},"98":{"start":{"line":304,"column":4},"end":{"line":306,"column":7}},"99":{"start":{"line":305,"column":6},"end":{"line":305,"column":68}},"100":{"start":{"line":311,"column":0},"end":{"line":313,"column":1}},"101":{"start":{"line":312,"column":2},"end":{"line":312,"column":30}}},"fnMap":{"0":{"name":"(anonymous_0)","decl":{"start":{"line":12,"column":2},"end":{"line":12,"column":3}},"loc":{"start":{"line":12,"column":16},"end":{"line":15,"column":3}},"line":12},"1":{"name":"(anonymous_1)","decl":{"start":{"line":20,"column":2},"end":{"line":20,"column":3}},"loc":{"start":{"line":20,"column":15},"end":{"line":24,"column":3}},"line":20},"2":{"name":"(anonymous_2)","decl":{"start":{"line":30,"column":2},"end":{"line":30,"column":3}},"loc":{"start":{"line":30,"column":22},"end":{"line":35,"column":3}},"line":30},"3":{"name":"(anonymous_3)","decl":{"start":{"line":53,"column":2},"end":{"line":53,"column":3}},"loc":{"start":{"line":53,"column":26},"end":{"line":137,"column":3}},"line":53},"4":{"name":"(anonymous_4)","decl":{"start":{"line":144,"column":2},"end":{"line":144,"column":3}},"loc":{"start":{"line":144,"column":47},"end":{"line":188,"column":3}},"line":144},"5":{"name":"(anonymous_5)","decl":{"start":{"line":171,"column":60},"end":{"line":171,"column":61}},"loc":{"start":{"line":171,"column":69},"end":{"line":171,"column":103}},"line":171},"6":{"name":"(anonymous_6)","decl":{"start":{"line":195,"column":2},"end":{"line":195,"column":3}},"loc":{"start":{"line":195,"column":32},"end":{"line":198,"column":3}},"line":195},"7":{"name":"(anonymous_7)","decl":{"start":{"line":205,"column":2},"end":{"line":205,"column":3}},"loc":{"start":{"line":205,"column":28},"end":{"line":215,"column":3}},"line":205},"8":{"name":"(anonymous_8)","decl":{"start":{"line":222,"column":2},"end":{"line":222,"column":3}},"loc":{"start":{"line":222,"column":22},"end":{"line":234,"column":3}},"line":222},"9":{"name":"(anonymous_9)","decl":{"start":{"line":241,"column":2},"end":{"line":241,"column":3}},"loc":{"start":{"line":241,"column":44},"end":{"line":263,"column":3}},"line":241},"10":{"name":"(anonymous_10)","decl":{"start":{"line":242,"column":23},"end":{"line":242,"column":24}},"loc":{"start":{"line":242,"column":36},"end":{"line":262,"column":5}},"line":242},"11":{"name":"(anonymous_11)","decl":{"start":{"line":243,"column":63},"end":{"line":243,"column":64}},"loc":{"start":{"line":243,"column":75},"end":{"line":261,"column":7}},"line":243},"12":{"name":"(anonymous_12)","decl":{"start":{"line":269,"column":2},"end":{"line":269,"column":3}},"loc":{"start":{"line":269,"column":28},"end":{"line":276,"column":3}},"line":269},"13":{"name":"(anonymous_13)","decl":{"start":{"line":270,"column":23},"end":{"line":270,"column":24}},"loc":{"start":{"line":270,"column":36},"end":{"line":275,"column":5}},"line":270},"14":{"name":"(anonymous_14)","decl":{"start":{"line":281,"column":2},"end":{"line":281,"column":3}},"loc":{"start":{"line":281,"column":21},"end":{"line":285,"column":3}},"line":281},"15":{"name":"(anonymous_15)","decl":{"start":{"line":282,"column":23},"end":{"line":282,"column":24}},"loc":{"start":{"line":282,"column":36},"end":{"line":284,"column":5}},"line":282},"16":{"name":"(anonymous_16)","decl":{"start":{"line":291,"column":2},"end":{"line":291,"column":3}},"loc":{"start":{"line":291,"column":24},"end":{"line":297,"column":3}},"line":291},"17":{"name":"(anonymous_17)","decl":{"start":{"line":292,"column":23},"end":{"line":292,"column":24}},"loc":{"start":{"line":292,"column":36},"end":{"line":296,"column":5}},"line":292},"18":{"name":"(anonymous_18)","decl":{"start":{"line":293,"column":49},"end":{"line":293,"column":50}},"loc":{"start":{"line":293,"column":61},"end":{"line":295,"column":7}},"line":293},"19":{"name":"(anonymous_19)","decl":{"start":{"line":303,"column":2},"end":{"line":303,"column":3}},"loc":{"start":{"line":303,"column":28},"end":{"line":307,"column":3}},"line":303},"20":{"name":"(anonymous_20)","decl":{"start":{"line":304,"column":23},"end":{"line":304,"column":24}},"loc":{"start":{"line":304,"column":36},"end":{"line":306,"column":5}},"line":304}},"branchMap":{"0":{"loc":{"start":{"line":57,"column":6},"end":{"line":60,"column":7}},"type":"if","locations":[{"start":{"line":57,"column":6},"end":{"line":60,"column":7}},{"start":{},"end":{}}],"line":57},"1":{"loc":{"start":{"line":70,"column":6},"end":{"line":72,"column":7}},"type":"if","locations":[{"start":{"line":70,"column":6},"end":{"line":72,"column":7}},{"start":{},"end":{}}],"line":70},"2":{"loc":{"start":{"line":84,"column":6},"end":{"line":92,"column":7}},"type":"if","locations":[{"start":{"line":84,"column":6},"end":{"line":92,"column":7}},{"start":{},"end":{}}],"line":84},"3":{"loc":{"start":{"line":88,"column":8},"end":{"line":90,"column":9}},"type":"if","locations":[{"start":{"line":88,"column":8},"end":{"line":90,"column":9}},{"start":{},"end":{}}],"line":88},"4":{"loc":{"start":{"line":94,"column":6},"end":{"line":97,"column":7}},"type":"if","locations":[{"start":{"line":94,"column":6},"end":{"line":97,"column":7}},{"start":{},"end":{}}],"line":94},"5":{"loc":{"start":{"line":95,"column":27},"end":{"line":95,"column":71}},"type":"binary-expr","locations":[{"start":{"line":95,"column":27},"end":{"line":95,"column":62}},{"start":{"line":95,"column":66},"end":{"line":95,"column":71}}],"line":95},"6":{"loc":{"start":{"line":99,"column":6},"end":{"line":101,"column":7}},"type":"if","locations":[{"start":{"line":99,"column":6},"end":{"line":101,"column":7}},{"start":{},"end":{}}],"line":99},"7":{"loc":{"start":{"line":103,"column":6},"end":{"line":105,"column":7}},"type":"if","locations":[{"start":{"line":103,"column":6},"end":{"line":105,"column":7}},{"start":{},"end":{}}],"line":103},"8":{"loc":{"start":{"line":111,"column":6},"end":{"line":113,"column":7}},"type":"if","locations":[{"start":{"line":111,"column":6},"end":{"line":113,"column":7}},{"start":{},"end":{}}],"line":111},"9":{"loc":{"start":{"line":129,"column":6},"end":{"line":132,"column":7}},"type":"if","locations":[{"start":{"line":129,"column":6},"end":{"line":132,"column":7}},{"start":{},"end":{}}],"line":129},"10":{"loc":{"start":{"line":145,"column":4},"end":{"line":147,"column":5}},"type":"if","locations":[{"start":{"line":145,"column":4},"end":{"line":147,"column":5}},{"start":{},"end":{}}],"line":145},"11":{"loc":{"start":{"line":145,"column":8},"end":{"line":145,"column":59}},"type":"binary-expr","locations":[{"start":{"line":145,"column":8},"end":{"line":145,"column":22}},{"start":{"line":145,"column":26},"end":{"line":145,"column":59}}],"line":145},"12":{"loc":{"start":{"line":154,"column":6},"end":{"line":156,"column":7}},"type":"if","locations":[{"start":{"line":154,"column":6},"end":{"line":156,"column":7}},{"start":{},"end":{}}],"line":154},"13":{"loc":{"start":{"line":159,"column":28},"end":{"line":159,"column":55}},"type":"binary-expr","locations":[{"start":{"line":159,"column":28},"end":{"line":159,"column":49}},{"start":{"line":159,"column":53},"end":{"line":159,"column":55}}],"line":159},"14":{"loc":{"start":{"line":162,"column":12},"end":{"line":162,"column":94}},"type":"binary-expr","locations":[{"start":{"line":162,"column":12},"end":{"line":162,"column":28}},{"start":{"line":162,"column":32},"end":{"line":162,"column":94}}],"line":162},"15":{"loc":{"start":{"line":163,"column":15},"end":{"line":165,"column":38}},"type":"cond-expr","locations":[{"start":{"line":164,"column":12},"end":{"line":164,"column":90}},{"start":{"line":165,"column":12},"end":{"line":165,"column":38}}],"line":163},"16":{"loc":{"start":{"line":164,"column":15},"end":{"line":164,"column":57}},"type":"binary-expr","locations":[{"start":{"line":164,"column":15},"end":{"line":164,"column":39}},{"start":{"line":164,"column":43},"end":{"line":164,"column":57}}],"line":164},"17":{"loc":{"start":{"line":166,"column":21},"end":{"line":166,"column":71}},"type":"binary-expr","locations":[{"start":{"line":166,"column":21},"end":{"line":166,"column":46}},{"start":{"line":166,"column":50},"end":{"line":166,"column":71}}],"line":166},"18":{"loc":{"start":{"line":168,"column":14},"end":{"line":168,"column":80}},"type":"binary-expr","locations":[{"start":{"line":168,"column":14},"end":{"line":168,"column":38}},{"start":{"line":168,"column":42},"end":{"line":168,"column":80}}],"line":168},"19":{"loc":{"start":{"line":169,"column":16},"end":{"line":169,"column":48}},"type":"binary-expr","locations":[{"start":{"line":169,"column":16},"end":{"line":169,"column":36}},{"start":{"line":169,"column":40},"end":{"line":169,"column":48}}],"line":169},"20":{"loc":{"start":{"line":170,"column":19},"end":{"line":170,"column":78}},"type":"binary-expr","locations":[{"start":{"line":170,"column":19},"end":{"line":170,"column":38}},{"start":{"line":170,"column":43},"end":{"line":170,"column":71}},{"start":{"line":170,"column":76},"end":{"line":170,"column":78}}],"line":170},"21":{"loc":{"start":{"line":171,"column":22},"end":{"line":171,"column":54}},"type":"binary-expr","locations":[{"start":{"line":171,"column":22},"end":{"line":171,"column":48}},{"start":{"line":171,"column":52},"end":{"line":171,"column":54}}],"line":171},"22":{"loc":{"start":{"line":172,"column":19},"end":{"line":172,"column":73}},"type":"cond-expr","locations":[{"start":{"line":172,"column":44},"end":{"line":172,"column":68}},{"start":{"line":172,"column":71},"end":{"line":172,"column":73}}],"line":172},"23":{"loc":{"start":{"line":173,"column":17},"end":{"line":173,"column":44}},"type":"binary-expr","locations":[{"start":{"line":173,"column":17},"end":{"line":173,"column":38}},{"start":{"line":173,"column":42},"end":{"line":173,"column":44}}],"line":173},"24":{"loc":{"start":{"line":174,"column":19},"end":{"line":174,"column":69}},"type":"binary-expr","locations":[{"start":{"line":174,"column":19},"end":{"line":174,"column":36}},{"start":{"line":174,"column":40},"end":{"line":174,"column":63}},{"start":{"line":174,"column":67},"end":{"line":174,"column":69}}],"line":174},"25":{"loc":{"start":{"line":175,"column":17},"end":{"line":175,"column":63}},"type":"binary-expr","locations":[{"start":{"line":175,"column":17},"end":{"line":175,"column":32}},{"start":{"line":175,"column":36},"end":{"line":175,"column":57}},{"start":{"line":175,"column":61},"end":{"line":175,"column":63}}],"line":175},"26":{"loc":{"start":{"line":176,"column":21},"end":{"line":176,"column":52}},"type":"binary-expr","locations":[{"start":{"line":176,"column":21},"end":{"line":176,"column":46}},{"start":{"line":176,"column":50},"end":{"line":176,"column":52}}],"line":176},"27":{"loc":{"start":{"line":177,"column":17},"end":{"line":177,"column":44}},"type":"binary-expr","locations":[{"start":{"line":177,"column":17},"end":{"line":177,"column":38}},{"start":{"line":177,"column":42},"end":{"line":177,"column":44}}],"line":177},"28":{"loc":{"start":{"line":179,"column":25},"end":{"line":179,"column":49}},"type":"binary-expr","locations":[{"start":{"line":179,"column":25},"end":{"line":179,"column":43}},{"start":{"line":179,"column":47},"end":{"line":179,"column":49}}],"line":179},"29":{"loc":{"start":{"line":206,"column":4},"end":{"line":206,"column":39}},"type":"if","locations":[{"start":{"line":206,"column":4},"end":{"line":206,"column":39}},{"start":{},"end":{}}],"line":206},"30":{"loc":{"start":{"line":209,"column":4},"end":{"line":209,"column":56}},"type":"if","locations":[{"start":{"line":209,"column":4},"end":{"line":209,"column":56}},{"start":{},"end":{}}],"line":209},"31":{"loc":{"start":{"line":210,"column":4},"end":{"line":210,"column":58}},"type":"if","locations":[{"start":{"line":210,"column":4},"end":{"line":210,"column":58}},{"start":{},"end":{}}],"line":210},"32":{"loc":{"start":{"line":211,"column":4},"end":{"line":211,"column":56}},"type":"if","locations":[{"start":{"line":211,"column":4},"end":{"line":211,"column":56}},{"start":{},"end":{}}],"line":211},"33":{"loc":{"start":{"line":212,"column":4},"end":{"line":212,"column":58}},"type":"if","locations":[{"start":{"line":212,"column":4},"end":{"line":212,"column":58}},{"start":{},"end":{}}],"line":212},"34":{"loc":{"start":{"line":241,"column":22},"end":{"line":241,"column":42}},"type":"default-arg","locations":[{"start":{"line":241,"column":37},"end":{"line":241,"column":42}}],"line":241},"35":{"loc":{"start":{"line":247,"column":8},"end":{"line":250,"column":9}},"type":"if","locations":[{"start":{"line":247,"column":8},"end":{"line":250,"column":9}},{"start":{},"end":{}}],"line":247},"36":{"loc":{"start":{"line":247,"column":12},"end":{"line":247,"column":33}},"type":"binary-expr","locations":[{"start":{"line":247,"column":12},"end":{"line":247,"column":19}},{"start":{"line":247,"column":23},"end":{"line":247,"column":33}}],"line":247},"37":{"loc":{"start":{"line":255,"column":8},"end":{"line":258,"column":9}},"type":"if","locations":[{"start":{"line":255,"column":8},"end":{"line":258,"column":9}},{"start":{},"end":{}}],"line":255},"38":{"loc":{"start":{"line":255,"column":12},"end":{"line":255,"column":49}},"type":"binary-expr","locations":[{"start":{"line":255,"column":12},"end":{"line":255,"column":25}},{"start":{"line":255,"column":29},"end":{"line":255,"column":49}}],"line":255},"39":{"loc":{"start":{"line":294,"column":16},"end":{"line":294,"column":46}},"type":"binary-expr","locations":[{"start":{"line":294,"column":16},"end":{"line":294,"column":38}},{"start":{"line":294,"column":42},"end":{"line":294,"column":46}}],"line":294},"40":{"loc":{"start":{"line":311,"column":0},"end":{"line":313,"column":1}},"type":"if","locations":[{"start":{"line":311,"column":0},"end":{"line":313,"column":1}},{"start":{},"end":{}}],"line":311},"41":{"loc":{"start":{"line":311,"column":4},"end":{"line":311,"column":51}},"type":"binary-expr","locations":[{"start":{"line":311,"column":4},"end":{"line":311,"column":33}},{"start":{"line":311,"column":37},"end":{"line":311,"column":51}}],"line":311}},"s":{"0":1,"1":1,"2":1,"3":1,"4":1,"5":21,"6":21,"7":4,"8":4,"9":1,"10":5,"11":5,"12":5,"13":1,"14":1,"15":4,"16":4,"17":4,"18":4,"19":1,"20":4,"21":4,"22":4,"23":1,"24":1,"25":1,"26":1,"27":3,"28":1,"29":1,"30":2,"31":1,"32":1,"33":0,"34":1,"35":1,"36":1,"37":1,"38":1,"39":1,"40":1,"41":1,"42":2,"43":2,"44":2,"45":0,"46":0,"47":2,"48":7,"49":2,"50":5,"51":5,"52":10,"53":3,"54":7,"55":7,"56":22,"57":7,"58":5,"59":27,"60":0,"61":0,"62":0,"63":0,"64":0,"65":0,"66":0,"67":0,"68":0,"69":0,"70":0,"71":0,"72":0,"73":0,"74":0,"75":0,"76":0,"77":0,"78":11,"79":11,"80":11,"81":11,"82":11,"83":6,"84":6,"85":5,"86":5,"87":5,"88":2,"89":2,"90":3,"91":2,"92":2,"93":1,"94":1,"95":5,"96":5,"97":5,"98":2,"99":2,"100":1,"101":1},"f":{"0":21,"1":4,"2":1,"3":5,"4":7,"5":22,"6":27,"7":0,"8":0,"9":11,"10":11,"11":11,"12":2,"13":2,"14":1,"15":1,"16":5,"17":5,"18":5,"19":2,"20":2},"b":{"0":[1,4],"1":[1,3],"2":[1,3],"3":[1,0],"4":[1,2],"5":[1,0],"6":[1,1],"7":[0,1],"8":[1,0],"9":[0,2],"10":[2,5],"11":[7,6],"12":[3,7],"13":[7,0],"14":[7,0],"15":[7,0],"16":[7,0],"17":[7,1],"18":[7,0],"19":[7,0],"20":[7,0,0],"21":[7,0],"22":[6,1],"23":[7,1],"24":[7,4,4],"25":[7,4,4],"26":[7,4],"27":[7,1],"28":[7,1],"29":[0,0],"30":[0,0],"31":[0,0],"32":[0,0],"33":[0,0],"34":[6],"35":[6,5],"36":[11,5],"37":[2,3],"38":[5,3],"39":[5,3],"40":[1,0],"41":[1,1]},"_coverageSchema":"1a1c01bbd47fc00a2c39e90264f33305004495a9","hash":"e4af8aaa62ef96a78e849706e0be960f93ce7ff6"}
,"/var/home/oplfun/projects/online-picket-line/opl-browser-plugin/api-test.js": {"path":"/var/home/oplfun/projects/online-picket-line/opl-browser-plugin/api-test.js","statementMap":{"0":{"start":{"line":5,"column":18},"end":{"line":5,"column":37}},"1":{"start":{"line":7,"column":2},"end":{"line":7,"column":49}},"2":{"start":{"line":9,"column":2},"end":{"line":37,"column":3}},"3":{"start":{"line":10,"column":21},"end":{"line":15,"column":6}},"4":{"start":{"line":17,"column":4},"end":{"line":17,"column":53}},"5":{"start":{"line":18,"column":4},"end":{"line":18,"column":85}},"6":{"start":{"line":20,"column":4},"end":{"line":34,"column":5}},"7":{"start":{"line":21,"column":19},"end":{"line":21,"column":40}},"8":{"start":{"line":22,"column":6},"end":{"line":22,"column":52}},"9":{"start":{"line":23,"column":6},"end":{"line":23,"column":69}},"10":{"start":{"line":24,"column":6},"end":{"line":24,"column":61}},"11":{"start":{"line":27,"column":6},"end":{"line":29,"column":7}},"12":{"start":{"line":28,"column":8},"end":{"line":28,"column":66}},"13":{"start":{"line":31,"column":6},"end":{"line":31,"column":81}},"14":{"start":{"line":32,"column":24},"end":{"line":32,"column":45}},"15":{"start":{"line":33,"column":6},"end":{"line":33,"column":46}},"16":{"start":{"line":36,"column":4},"end":{"line":36,"column":43}},"17":{"start":{"line":42,"column":18},"end":{"line":42,"column":37}},"18":{"start":{"line":43,"column":20},"end":{"line":49,"column":3}},"19":{"start":{"line":51,"column":2},"end":{"line":65,"column":3}},"20":{"start":{"line":52,"column":4},"end":{"line":64,"column":5}},"21":{"start":{"line":53,"column":6},"end":{"line":53,"column":44}},"22":{"start":{"line":54,"column":23},"end":{"line":56,"column":8}},"23":{"start":{"line":57,"column":6},"end":{"line":57,"column":53}},"24":{"start":{"line":58,"column":6},"end":{"line":61,"column":7}},"25":{"start":{"line":59,"column":21},"end":{"line":59,"column":42}},"26":{"start":{"line":60,"column":8},"end":{"line":60,"column":65}},"27":{"start":{"line":63,"column":6},"end":{"line":63,"column":57}},"28":{"start":{"line":69,"column":0},"end":{"line":69,"column":17}}},"fnMap":{"0":{"name":"testCurrentAPI","decl":{"start":{"line":4,"column":15},"end":{"line":4,"column":29}},"loc":{"start":{"line":4,"column":32},"end":{"line":38,"column":1}},"line":4},"1":{"name":"testAlternativeEndpoints","decl":{"start":{"line":41,"column":15},"end":{"line":41,"column":39}},"loc":{"start":{"line":41,"column":42},"end":{"line":66,"column":1}},"line":41}},"branchMap":{"0":{"loc":{"start":{"line":20,"column":4},"end":{"line":34,"column":5}},"type":"if","locations":[{"start":{"line":20,"column":4},"end":{"line":34,"column":5}},{"start":{"line":30,"column":11},"end":{"line":34,"column":5}}],"line":20},"1":{"loc":{"start":{"line":23,"column":40},"end":{"line":23,"column":67}},"type":"binary-expr","locations":[{"start":{"line":23,"column":40},"end":{"line":23,"column":62}},{"start":{"line":23,"column":66},"end":{"line":23,"column":67}}],"line":23},"2":{"loc":{"start":{"line":24,"column":32},"end":{"line":24,"column":59}},"type":"binary-expr","locations":[{"start":{"line":24,"column":32},"end":{"line":24,"column":54}},{"start":{"line":24,"column":58},"end":{"line":24,"column":59}}],"line":24},"3":{"loc":{"start":{"line":27,"column":6},"end":{"line":29,"column":7}},"type":"if","locations":[{"start":{"line":27,"column":6},"end":{"line":29,"column":7}},{"start":{},"end":{}}],"line":27},"4":{"loc":{"start":{"line":27,"column":10},"end":{"line":27,"column":53}},"type":"binary-expr","locations":[{"start":{"line":27,"column":10},"end":{"line":27,"column":24}},{"start":{"line":27,"column":28},"end":{"line":27,"column":53}}],"line":27},"5":{"loc":{"start":{"line":58,"column":6},"end":{"line":61,"column":7}},"type":"if","locations":[{"start":{"line":58,"column":6},"end":{"line":61,"column":7}},{"start":{},"end":{}}],"line":58}},"s":{"0":0,"1":0,"2":0,"3":0,"4":0,"5":0,"6":0,"7":0,"8":0,"9":0,"10":0,"11":0,"12":0,"13":0,"14":0,"15":0,"16":0,"17":0,"18":0,"19":0,"20":0,"21":0,"22":0,"23":0,"24":0,"25":0,"26":0,"27":0,"28":0},"f":{"0":0,"1":0},"b":{"0":[0,0],"1":[0,0],"2":[0,0],"3":[0,0],"4":[0,0],"5":[0,0]}}
,"/var/home/oplfun/projects/online-picket-line/opl-browser-plugin/background.js": {"path":"/var/home/oplfun/projects/online-picket-line/opl-browser-plugin/background.js","statementMap":{"0":{"start":{"line":2,"column":0},"end":{"line":2,"column":37}},"1":{"start":{"line":3,"column":0},"end":{"line":3,"column":32}},"2":{"start":{"line":5,"column":19},"end":{"line":5,"column":35}},"3":{"start":{"line":6,"column":24},"end":{"line":6,"column":33}},"4":{"start":{"line":11,"column":0},"end":{"line":21,"column":3}},"5":{"start":{"line":12,"column":2},"end":{"line":12,"column":64}},"6":{"start":{"line":13,"column":2},"end":{"line":13,"column":30}},"7":{"start":{"line":16,"column":2},"end":{"line":20,"column":5}},"8":{"start":{"line":17,"column":4},"end":{"line":19,"column":5}},"9":{"start":{"line":18,"column":6},"end":{"line":18,"column":52}},"10":{"start":{"line":23,"column":0},"end":{"line":28,"column":3}},"11":{"start":{"line":24,"column":2},"end":{"line":27,"column":3}},"12":{"start":{"line":25,"column":4},"end":{"line":25,"column":53}},"13":{"start":{"line":26,"column":4},"end":{"line":26,"column":26}},"14":{"start":{"line":35,"column":2},"end":{"line":65,"column":3}},"15":{"start":{"line":36,"column":20},"end":{"line":36,"column":54}},"16":{"start":{"line":37,"column":4},"end":{"line":37,"column":59}},"17":{"start":{"line":40,"column":4},"end":{"line":44,"column":7}},"18":{"start":{"line":46,"column":4},"end":{"line":46,"column":38}},"19":{"start":{"line":48,"column":4},"end":{"line":48,"column":61}},"20":{"start":{"line":51,"column":19},"end":{"line":51,"column":68}},"21":{"start":{"line":52,"column":28},"end":{"line":52,"column":59}},"22":{"start":{"line":54,"column":20},"end":{"line":56,"column":5}},"23":{"start":{"line":58,"column":4},"end":{"line":60,"column":5}},"24":{"start":{"line":59,"column":6},"end":{"line":59,"column":44}},"25":{"start":{"line":62,"column":4},"end":{"line":62,"column":44}},"26":{"start":{"line":64,"column":4},"end":{"line":64,"column":17}},"27":{"start":{"line":81,"column":2},"end":{"line":83,"column":3}},"28":{"start":{"line":82,"column":4},"end":{"line":82,"column":16}},"29":{"start":{"line":85,"column":2},"end":{"line":133,"column":3}},"30":{"start":{"line":86,"column":22},"end":{"line":86,"column":39}},"31":{"start":{"line":89,"column":4},"end":{"line":130,"column":5}},"32":{"start":{"line":91,"column":6},"end":{"line":93,"column":7}},"33":{"start":{"line":92,"column":8},"end":{"line":92,"column":17}},"34":{"start":{"line":96,"column":6},"end":{"line":129,"column":7}},"35":{"start":{"line":97,"column":8},"end":{"line":107,"column":9}},"36":{"start":{"line":98,"column":10},"end":{"line":106,"column":11}},"37":{"start":{"line":99,"column":26},"end":{"line":99,"column":50}},"38":{"start":{"line":100,"column":12},"end":{"line":102,"column":13}},"39":{"start":{"line":101,"column":14},"end":{"line":101,"column":28}},"40":{"start":{"line":104,"column":12},"end":{"line":104,"column":60}},"41":{"start":{"line":105,"column":12},"end":{"line":105,"column":21}},"42":{"start":{"line":110,"column":25},"end":{"line":110,"column":60}},"43":{"start":{"line":111,"column":24},"end":{"line":111,"column":84}},"44":{"start":{"line":113,"column":8},"end":{"line":120,"column":9}},"45":{"start":{"line":114,"column":30},"end":{"line":114,"column":50}},"46":{"start":{"line":117,"column":10},"end":{"line":119,"column":11}},"47":{"start":{"line":118,"column":12},"end":{"line":118,"column":26}},"48":{"start":{"line":123,"column":8},"end":{"line":128,"column":9}},"49":{"start":{"line":124,"column":31},"end":{"line":124,"column":79}},"50":{"start":{"line":125,"column":10},"end":{"line":127,"column":11}},"51":{"start":{"line":126,"column":12},"end":{"line":126,"column":26}},"52":{"start":{"line":132,"column":4},"end":{"line":132,"column":48}},"53":{"start":{"line":135,"column":2},"end":{"line":135,"column":14}},"54":{"start":{"line":139,"column":0},"end":{"line":208,"column":3}},"55":{"start":{"line":140,"column":2},"end":{"line":207,"column":3}},"56":{"start":{"line":142,"column":4},"end":{"line":149,"column":5}},"57":{"start":{"line":143,"column":26},"end":{"line":143,"column":60}},"58":{"start":{"line":144,"column":6},"end":{"line":148,"column":7}},"59":{"start":{"line":145,"column":8},"end":{"line":145,"column":46}},"60":{"start":{"line":146,"column":8},"end":{"line":146,"column":39}},"61":{"start":{"line":147,"column":8},"end":{"line":147,"column":20}},"62":{"start":{"line":151,"column":4},"end":{"line":161,"column":7}},"63":{"start":{"line":152,"column":22},"end":{"line":152,"column":48}},"64":{"start":{"line":153,"column":20},"end":{"line":153,"column":58}},"65":{"start":{"line":155,"column":6},"end":{"line":160,"column":9}},"66":{"start":{"line":156,"column":8},"end":{"line":159,"column":11}},"67":{"start":{"line":164,"column":4},"end":{"line":164,"column":16}},"68":{"start":{"line":165,"column":9},"end":{"line":207,"column":3}},"69":{"start":{"line":166,"column":4},"end":{"line":170,"column":5}},"70":{"start":{"line":167,"column":6},"end":{"line":167,"column":54}},"71":{"start":{"line":169,"column":6},"end":{"line":169,"column":69}},"72":{"start":{"line":169,"column":23},"end":{"line":169,"column":60}},"73":{"start":{"line":171,"column":4},"end":{"line":171,"column":36}},"74":{"start":{"line":172,"column":4},"end":{"line":172,"column":16}},"75":{"start":{"line":173,"column":9},"end":{"line":207,"column":3}},"76":{"start":{"line":174,"column":4},"end":{"line":183,"column":5}},"77":{"start":{"line":175,"column":18},"end":{"line":175,"column":48}},"78":{"start":{"line":176,"column":6},"end":{"line":182,"column":9}},"79":{"start":{"line":181,"column":8},"end":{"line":181,"column":40}},"80":{"start":{"line":184,"column":4},"end":{"line":184,"column":16}},"81":{"start":{"line":185,"column":9},"end":{"line":207,"column":3}},"82":{"start":{"line":186,"column":4},"end":{"line":191,"column":5}},"83":{"start":{"line":187,"column":18},"end":{"line":187,"column":48}},"84":{"start":{"line":188,"column":6},"end":{"line":190,"column":9}},"85":{"start":{"line":189,"column":8},"end":{"line":189,"column":42}},"86":{"start":{"line":192,"column":4},"end":{"line":192,"column":16}},"87":{"start":{"line":193,"column":9},"end":{"line":207,"column":3}},"88":{"start":{"line":194,"column":4},"end":{"line":200,"column":7}},"89":{"start":{"line":195,"column":6},"end":{"line":199,"column":7}},"90":{"start":{"line":196,"column":8},"end":{"line":196,"column":40}},"91":{"start":{"line":198,"column":8},"end":{"line":198,"column":107}},"92":{"start":{"line":201,"column":4},"end":{"line":201,"column":16}},"93":{"start":{"line":202,"column":9},"end":{"line":207,"column":3}},"94":{"start":{"line":203,"column":4},"end":{"line":205,"column":7}},"95":{"start":{"line":204,"column":6},"end":{"line":204,"column":38}},"96":{"start":{"line":206,"column":4},"end":{"line":206,"column":16}},"97":{"start":{"line":211,"column":0},"end":{"line":211,"column":22}}},"fnMap":{"0":{"name":"(anonymous_0)","decl":{"start":{"line":11,"column":39},"end":{"line":11,"column":40}},"loc":{"start":{"line":11,"column":51},"end":{"line":21,"column":1}},"line":11},"1":{"name":"(anonymous_1)","decl":{"start":{"line":16,"column":41},"end":{"line":16,"column":42}},"loc":{"start":{"line":16,"column":53},"end":{"line":20,"column":3}},"line":16},"2":{"name":"(anonymous_2)","decl":{"start":{"line":23,"column":34},"end":{"line":23,"column":35}},"loc":{"start":{"line":23,"column":45},"end":{"line":28,"column":1}},"line":23},"3":{"name":"refreshLaborActions","decl":{"start":{"line":34,"column":15},"end":{"line":34,"column":34}},"loc":{"start":{"line":34,"column":37},"end":{"line":66,"column":1}},"line":34},"4":{"name":"matchUrlToAction","decl":{"start":{"line":80,"column":9},"end":{"line":80,"column":25}},"loc":{"start":{"line":80,"column":40},"end":{"line":136,"column":1}},"line":80},"5":{"name":"(anonymous_5)","decl":{"start":{"line":139,"column":37},"end":{"line":139,"column":38}},"loc":{"start":{"line":139,"column":72},"end":{"line":208,"column":1}},"line":139},"6":{"name":"(anonymous_6)","decl":{"start":{"line":151,"column":48},"end":{"line":151,"column":49}},"loc":{"start":{"line":151,"column":60},"end":{"line":161,"column":5}},"line":151},"7":{"name":"(anonymous_7)","decl":{"start":{"line":155,"column":45},"end":{"line":155,"column":46}},"loc":{"start":{"line":155,"column":59},"end":{"line":160,"column":7}},"line":155},"8":{"name":"(anonymous_8)","decl":{"start":{"line":169,"column":17},"end":{"line":169,"column":18}},"loc":{"start":{"line":169,"column":23},"end":{"line":169,"column":60}},"line":169},"9":{"name":"(anonymous_9)","decl":{"start":{"line":180,"column":15},"end":{"line":180,"column":16}},"loc":{"start":{"line":180,"column":21},"end":{"line":182,"column":7}},"line":180},"10":{"name":"(anonymous_10)","decl":{"start":{"line":188,"column":38},"end":{"line":188,"column":39}},"loc":{"start":{"line":188,"column":50},"end":{"line":190,"column":7}},"line":188},"11":{"name":"(anonymous_11)","decl":{"start":{"line":194,"column":31},"end":{"line":194,"column":32}},"loc":{"start":{"line":194,"column":44},"end":{"line":200,"column":5}},"line":194},"12":{"name":"(anonymous_12)","decl":{"start":{"line":203,"column":33},"end":{"line":203,"column":34}},"loc":{"start":{"line":203,"column":39},"end":{"line":205,"column":5}},"line":203}},"branchMap":{"0":{"loc":{"start":{"line":17,"column":4},"end":{"line":19,"column":5}},"type":"if","locations":[{"start":{"line":17,"column":4},"end":{"line":19,"column":5}},{"start":{},"end":{}}],"line":17},"1":{"loc":{"start":{"line":24,"column":2},"end":{"line":27,"column":3}},"type":"if","locations":[{"start":{"line":24,"column":2},"end":{"line":27,"column":3}},{"start":{},"end":{}}],"line":24},"2":{"loc":{"start":{"line":46,"column":11},"end":{"line":46,"column":37}},"type":"binary-expr","locations":[{"start":{"line":46,"column":11},"end":{"line":46,"column":29}},{"start":{"line":46,"column":33},"end":{"line":46,"column":37}}],"line":46},"3":{"loc":{"start":{"line":52,"column":29},"end":{"line":52,"column":54}},"type":"binary-expr","locations":[{"start":{"line":52,"column":29},"end":{"line":52,"column":49}},{"start":{"line":52,"column":53},"end":{"line":52,"column":54}}],"line":52},"4":{"loc":{"start":{"line":58,"column":4},"end":{"line":60,"column":5}},"type":"if","locations":[{"start":{"line":58,"column":4},"end":{"line":60,"column":5}},{"start":{},"end":{}}],"line":58},"5":{"loc":{"start":{"line":81,"column":2},"end":{"line":83,"column":3}},"type":"if","locations":[{"start":{"line":81,"column":2},"end":{"line":83,"column":3}},{"start":{},"end":{}}],"line":81},"6":{"loc":{"start":{"line":81,"column":6},"end":{"line":81,"column":46}},"type":"binary-expr","locations":[{"start":{"line":81,"column":6},"end":{"line":81,"column":10}},{"start":{"line":81,"column":14},"end":{"line":81,"column":22}},{"start":{"line":81,"column":26},"end":{"line":81,"column":46}}],"line":81},"7":{"loc":{"start":{"line":91,"column":6},"end":{"line":93,"column":7}},"type":"if","locations":[{"start":{"line":91,"column":6},"end":{"line":93,"column":7}},{"start":{},"end":{}}],"line":91},"8":{"loc":{"start":{"line":91,"column":10},"end":{"line":91,"column":53}},"type":"binary-expr","locations":[{"start":{"line":91,"column":10},"end":{"line":91,"column":23}},{"start":{"line":91,"column":27},"end":{"line":91,"column":53}}],"line":91},"9":{"loc":{"start":{"line":96,"column":6},"end":{"line":129,"column":7}},"type":"if","locations":[{"start":{"line":96,"column":6},"end":{"line":129,"column":7}},{"start":{"line":108,"column":13},"end":{"line":129,"column":7}}],"line":96},"10":{"loc":{"start":{"line":96,"column":10},"end":{"line":96,"column":75}},"type":"binary-expr","locations":[{"start":{"line":96,"column":10},"end":{"line":96,"column":31}},{"start":{"line":96,"column":35},"end":{"line":96,"column":75}}],"line":96},"11":{"loc":{"start":{"line":100,"column":12},"end":{"line":102,"column":13}},"type":"if","locations":[{"start":{"line":100,"column":12},"end":{"line":102,"column":13}},{"start":{},"end":{}}],"line":100},"12":{"loc":{"start":{"line":111,"column":24},"end":{"line":111,"column":84}},"type":"binary-expr","locations":[{"start":{"line":111,"column":24},"end":{"line":111,"column":42}},{"start":{"line":111,"column":46},"end":{"line":111,"column":60}},{"start":{"line":111,"column":64},"end":{"line":111,"column":78}},{"start":{"line":111,"column":82},"end":{"line":111,"column":84}}],"line":111},"13":{"loc":{"start":{"line":117,"column":10},"end":{"line":119,"column":11}},"type":"if","locations":[{"start":{"line":117,"column":10},"end":{"line":119,"column":11}},{"start":{},"end":{}}],"line":117},"14":{"loc":{"start":{"line":117,"column":14},"end":{"line":117,"column":78}},"type":"binary-expr","locations":[{"start":{"line":117,"column":14},"end":{"line":117,"column":38}},{"start":{"line":117,"column":42},"end":{"line":117,"column":78}}],"line":117},"15":{"loc":{"start":{"line":123,"column":8},"end":{"line":128,"column":9}},"type":"if","locations":[{"start":{"line":123,"column":8},"end":{"line":128,"column":9}},{"start":{},"end":{}}],"line":123},"16":{"loc":{"start":{"line":125,"column":10},"end":{"line":127,"column":11}},"type":"if","locations":[{"start":{"line":125,"column":10},"end":{"line":127,"column":11}},{"start":{},"end":{}}],"line":125},"17":{"loc":{"start":{"line":140,"column":2},"end":{"line":207,"column":3}},"type":"if","locations":[{"start":{"line":140,"column":2},"end":{"line":207,"column":3}},{"start":{"line":165,"column":9},"end":{"line":207,"column":3}}],"line":140},"18":{"loc":{"start":{"line":142,"column":4},"end":{"line":149,"column":5}},"type":"if","locations":[{"start":{"line":142,"column":4},"end":{"line":149,"column":5}},{"start":{},"end":{}}],"line":142},"19":{"loc":{"start":{"line":142,"column":8},"end":{"line":142,"column":56}},"type":"binary-expr","locations":[{"start":{"line":142,"column":8},"end":{"line":142,"column":18}},{"start":{"line":142,"column":22},"end":{"line":142,"column":56}}],"line":142},"20":{"loc":{"start":{"line":144,"column":6},"end":{"line":148,"column":7}},"type":"if","locations":[{"start":{"line":144,"column":6},"end":{"line":148,"column":7}},{"start":{},"end":{}}],"line":144},"21":{"loc":{"start":{"line":144,"column":10},"end":{"line":144,"column":76}},"type":"binary-expr","locations":[{"start":{"line":144,"column":10},"end":{"line":144,"column":37}},{"start":{"line":144,"column":41},"end":{"line":144,"column":76}}],"line":144},"22":{"loc":{"start":{"line":152,"column":22},"end":{"line":152,"column":48}},"type":"binary-expr","locations":[{"start":{"line":152,"column":22},"end":{"line":152,"column":42}},{"start":{"line":152,"column":46},"end":{"line":152,"column":48}}],"line":152},"23":{"loc":{"start":{"line":158,"column":21},"end":{"line":158,"column":48}},"type":"binary-expr","locations":[{"start":{"line":158,"column":21},"end":{"line":158,"column":39}},{"start":{"line":158,"column":43},"end":{"line":158,"column":48}}],"line":158},"24":{"loc":{"start":{"line":165,"column":9},"end":{"line":207,"column":3}},"type":"if","locations":[{"start":{"line":165,"column":9},"end":{"line":207,"column":3}},{"start":{"line":173,"column":9},"end":{"line":207,"column":3}}],"line":165},"25":{"loc":{"start":{"line":166,"column":4},"end":{"line":170,"column":5}},"type":"if","locations":[{"start":{"line":166,"column":4},"end":{"line":170,"column":5}},{"start":{},"end":{}}],"line":166},"26":{"loc":{"start":{"line":173,"column":9},"end":{"line":207,"column":3}},"type":"if","locations":[{"start":{"line":173,"column":9},"end":{"line":207,"column":3}},{"start":{"line":185,"column":9},"end":{"line":207,"column":3}}],"line":173},"27":{"loc":{"start":{"line":174,"column":4},"end":{"line":183,"column":5}},"type":"if","locations":[{"start":{"line":174,"column":4},"end":{"line":183,"column":5}},{"start":{},"end":{}}],"line":174},"28":{"loc":{"start":{"line":185,"column":9},"end":{"line":207,"column":3}},"type":"if","locations":[{"start":{"line":185,"column":9},"end":{"line":207,"column":3}},{"start":{"line":193,"column":9},"end":{"line":207,"column":3}}],"line":185},"29":{"loc":{"start":{"line":186,"column":4},"end":{"line":191,"column":5}},"type":"if","locations":[{"start":{"line":186,"column":4},"end":{"line":191,"column":5}},{"start":{},"end":{}}],"line":186},"30":{"loc":{"start":{"line":189,"column":21},"end":{"line":189,"column":40}},"type":"binary-expr","locations":[{"start":{"line":189,"column":21},"end":{"line":189,"column":32}},{"start":{"line":189,"column":36},"end":{"line":189,"column":40}}],"line":189},"31":{"loc":{"start":{"line":193,"column":9},"end":{"line":207,"column":3}},"type":"if","locations":[{"start":{"line":193,"column":9},"end":{"line":207,"column":3}},{"start":{"line":202,"column":9},"end":{"line":207,"column":3}}],"line":193},"32":{"loc":{"start":{"line":195,"column":6},"end":{"line":199,"column":7}},"type":"if","locations":[{"start":{"line":195,"column":6},"end":{"line":199,"column":7}},{"start":{"line":197,"column":13},"end":{"line":199,"column":7}}],"line":195},"33":{"loc":{"start":{"line":202,"column":9},"end":{"line":207,"column":3}},"type":"if","locations":[{"start":{"line":202,"column":9},"end":{"line":207,"column":3}},{"start":{},"end":{}}],"line":202}},"s":{"0":0,"1":0,"2":0,"3":0,"4":0,"5":0,"6":0,"7":0,"8":0,"9":0,"10":0,"11":0,"12":0,"13":0,"14":0,"15":0,"16":0,"17":0,"18":0,"19":0,"20":0,"21":0,"22":0,"23":0,"24":0,"25":0,"26":0,"27":0,"28":0,"29":0,"30":0,"31":0,"32":0,"33":0,"34":0,"35":0,"36":0,"37":0,"38":0,"39":0,"40":0,"41":0,"42":0,"43":0,"44":0,"45":0,"46":0,"47":0,"48":0,"49":0,"50":0,"51":0,"52":0,"53":0,"54":0,"55":0,"56":0,"57":0,"58":0,"59":0,"60":0,"61":0,"62":0,"63":0,"64":0,"65":0,"66":0,"67":0,"68":0,"69":0,"70":0,"71":0,"72":0,"73":0,"74":0,"75":0,"76":0,"77":0,"78":0,"79":0,"80":0,"81":0,"82":0,"83":0,"84":0,"85":0,"86":0,"87":0,"88":0,"89":0,"90":0,"91":0,"92":0,"93":0,"94":0,"95":0,"96":0,"97":0},"f":{"0":0,"1":0,"2":0,"3":0,"4":0,"5":0,"6":0,"7":0,"8":0,"9":0,"10":0,"11":0,"12":0},"b":{"0":[0,0],"1":[0,0],"2":[0,0],"3":[0,0],"4":[0,0],"5":[0,0],"6":[0,0,0],"7":[0,0],"8":[0,0],"9":[0,0],"10":[0,0],"11":[0,0],"12":[0,0,0,0],"13":[0,0],"14":[0,0],"15":[0,0],"16":[0,0],"17":[0,0],"18":[0,0],"19":[0,0],"20":[0,0],"21":[0,0],"22":[0,0],"23":[0,0],"24":[0,0],"25":[0,0],"26":[0,0],"27":[0,0],"28":[0,0],"29":[0,0],"30":[0,0],"31":[0,0],"32":[0,0],"33":[0,0]}}
,"/var/home/oplfun/projects/online-picket-line/opl-browser-plugin/block.js": {"path":"/var/home/oplfun/projects/online-picket-line/opl-browser-plugin/block.js","statementMap":{"0":{"start":{"line":2,"column":0},"end":{"line":119,"column":3}},"1":{"start":{"line":3,"column":22},"end":{"line":3,"column":61}},"2":{"start":{"line":4,"column":28},"end":{"line":4,"column":73}},"3":{"start":{"line":5,"column":21},"end":{"line":5,"column":59}},"4":{"start":{"line":6,"column":21},"end":{"line":6,"column":59}},"5":{"start":{"line":7,"column":20},"end":{"line":7,"column":57}},"6":{"start":{"line":8,"column":23},"end":{"line":8,"column":64}},"7":{"start":{"line":9,"column":21},"end":{"line":9,"column":59}},"8":{"start":{"line":10,"column":20},"end":{"line":10,"column":58}},"9":{"start":{"line":13,"column":2},"end":{"line":24,"column":5}},"10":{"start":{"line":14,"column":4},"end":{"line":23,"column":5}},"11":{"start":{"line":15,"column":6},"end":{"line":15,"column":46}},"12":{"start":{"line":18,"column":6},"end":{"line":18,"column":40}},"13":{"start":{"line":21,"column":6},"end":{"line":21,"column":81}},"14":{"start":{"line":22,"column":6},"end":{"line":22,"column":132}},"15":{"start":{"line":27,"column":4},"end":{"line":87,"column":5}},"16":{"start":{"line":29,"column":6},"end":{"line":34,"column":7}},"17":{"start":{"line":30,"column":8},"end":{"line":30,"column":39}},"18":{"start":{"line":31,"column":8},"end":{"line":31,"column":42}},"19":{"start":{"line":33,"column":8},"end":{"line":33,"column":41}},"20":{"start":{"line":37,"column":6},"end":{"line":37,"column":75}},"21":{"start":{"line":38,"column":6},"end":{"line":39,"column":115}},"22":{"start":{"line":41,"column":6},"end":{"line":43,"column":7}},"23":{"start":{"line":42,"column":8},"end":{"line":42,"column":59}},"24":{"start":{"line":45,"column":6},"end":{"line":48,"column":7}},"25":{"start":{"line":46,"column":8},"end":{"line":46,"column":59}},"26":{"start":{"line":47,"column":8},"end":{"line":47,"column":52}},"27":{"start":{"line":51,"column":31},"end":{"line":51,"column":72}},"28":{"start":{"line":52,"column":23},"end":{"line":52,"column":28}},"29":{"start":{"line":54,"column":6},"end":{"line":60,"column":7}},"30":{"start":{"line":55,"column":8},"end":{"line":55,"column":79}},"31":{"start":{"line":56,"column":8},"end":{"line":56,"column":84}},"32":{"start":{"line":57,"column":8},"end":{"line":57,"column":26}},"33":{"start":{"line":59,"column":8},"end":{"line":59,"column":83}},"34":{"start":{"line":62,"column":6},"end":{"line":68,"column":7}},"35":{"start":{"line":63,"column":8},"end":{"line":63,"column":93}},"36":{"start":{"line":64,"column":8},"end":{"line":64,"column":85}},"37":{"start":{"line":65,"column":8},"end":{"line":65,"column":26}},"38":{"start":{"line":67,"column":8},"end":{"line":67,"column":84}},"39":{"start":{"line":70,"column":6},"end":{"line":82,"column":7}},"40":{"start":{"line":71,"column":23},"end":{"line":71,"column":70}},"41":{"start":{"line":72,"column":8},"end":{"line":76,"column":9}},"42":{"start":{"line":73,"column":10},"end":{"line":73,"column":76}},"43":{"start":{"line":75,"column":10},"end":{"line":75,"column":35}},"44":{"start":{"line":77,"column":8},"end":{"line":77,"column":71}},"45":{"start":{"line":78,"column":8},"end":{"line":78,"column":82}},"46":{"start":{"line":79,"column":8},"end":{"line":79,"column":26}},"47":{"start":{"line":81,"column":8},"end":{"line":81,"column":81}},"48":{"start":{"line":84,"column":6},"end":{"line":86,"column":7}},"49":{"start":{"line":85,"column":8},"end":{"line":85,"column":49}},"50":{"start":{"line":89,"column":4},"end":{"line":96,"column":5}},"51":{"start":{"line":90,"column":6},"end":{"line":95,"column":7}},"52":{"start":{"line":91,"column":20},"end":{"line":91,"column":40}},"53":{"start":{"line":92,"column":8},"end":{"line":92,"column":46}},"54":{"start":{"line":94,"column":8},"end":{"line":94,"column":45}},"55":{"start":{"line":100,"column":2},"end":{"line":108,"column":5}},"56":{"start":{"line":101,"column":25},"end":{"line":101,"column":43}},"57":{"start":{"line":102,"column":4},"end":{"line":107,"column":5}},"58":{"start":{"line":104,"column":6},"end":{"line":106,"column":9}},"59":{"start":{"line":105,"column":8},"end":{"line":105,"column":44}},"60":{"start":{"line":111,"column":2},"end":{"line":118,"column":5}},"61":{"start":{"line":113,"column":4},"end":{"line":117,"column":5}},"62":{"start":{"line":114,"column":6},"end":{"line":114,"column":28}},"63":{"start":{"line":116,"column":6},"end":{"line":116,"column":21}}},"fnMap":{"0":{"name":"(anonymous_0)","decl":{"start":{"line":2,"column":46},"end":{"line":2,"column":47}},"loc":{"start":{"line":2,"column":52},"end":{"line":119,"column":1}},"line":2},"1":{"name":"(anonymous_1)","decl":{"start":{"line":13,"column":60},"end":{"line":13,"column":61}},"loc":{"start":{"line":13,"column":74},"end":{"line":24,"column":3}},"line":13},"2":{"name":"updateUI","decl":{"start":{"line":26,"column":11},"end":{"line":26,"column":19}},"loc":{"start":{"line":26,"column":41},"end":{"line":97,"column":3}},"line":26},"3":{"name":"(anonymous_3)","decl":{"start":{"line":100,"column":39},"end":{"line":100,"column":40}},"loc":{"start":{"line":100,"column":45},"end":{"line":108,"column":3}},"line":100},"4":{"name":"(anonymous_4)","decl":{"start":{"line":104,"column":79},"end":{"line":104,"column":80}},"loc":{"start":{"line":104,"column":85},"end":{"line":106,"column":7}},"line":104},"5":{"name":"(anonymous_5)","decl":{"start":{"line":111,"column":38},"end":{"line":111,"column":39}},"loc":{"start":{"line":111,"column":44},"end":{"line":118,"column":3}},"line":111}},"branchMap":{"0":{"loc":{"start":{"line":14,"column":4},"end":{"line":23,"column":5}},"type":"if","locations":[{"start":{"line":14,"column":4},"end":{"line":23,"column":5}},{"start":{"line":19,"column":11},"end":{"line":23,"column":5}}],"line":14},"1":{"loc":{"start":{"line":27,"column":4},"end":{"line":87,"column":5}},"type":"if","locations":[{"start":{"line":27,"column":4},"end":{"line":87,"column":5}},{"start":{},"end":{}}],"line":27},"2":{"loc":{"start":{"line":29,"column":6},"end":{"line":34,"column":7}},"type":"if","locations":[{"start":{"line":29,"column":6},"end":{"line":34,"column":7}},{"start":{"line":32,"column":13},"end":{"line":34,"column":7}}],"line":29},"3":{"loc":{"start":{"line":37,"column":32},"end":{"line":37,"column":74}},"type":"binary-expr","locations":[{"start":{"line":37,"column":32},"end":{"line":37,"column":44}},{"start":{"line":37,"column":48},"end":{"line":37,"column":74}}],"line":37},"4":{"loc":{"start":{"line":38,"column":38},"end":{"line":39,"column":114}},"type":"binary-expr","locations":[{"start":{"line":38,"column":38},"end":{"line":38,"column":56}},{"start":{"line":39,"column":8},"end":{"line":39,"column":114}}],"line":38},"5":{"loc":{"start":{"line":41,"column":6},"end":{"line":43,"column":7}},"type":"if","locations":[{"start":{"line":41,"column":6},"end":{"line":43,"column":7}},{"start":{},"end":{}}],"line":41},"6":{"loc":{"start":{"line":45,"column":6},"end":{"line":48,"column":7}},"type":"if","locations":[{"start":{"line":45,"column":6},"end":{"line":48,"column":7}},{"start":{},"end":{}}],"line":45},"7":{"loc":{"start":{"line":45,"column":10},"end":{"line":45,"column":40}},"type":"binary-expr","locations":[{"start":{"line":45,"column":10},"end":{"line":45,"column":20}},{"start":{"line":45,"column":24},"end":{"line":45,"column":40}}],"line":45},"8":{"loc":{"start":{"line":46,"column":28},"end":{"line":46,"column":58}},"type":"binary-expr","locations":[{"start":{"line":46,"column":28},"end":{"line":46,"column":38}},{"start":{"line":46,"column":42},"end":{"line":46,"column":58}}],"line":46},"9":{"loc":{"start":{"line":54,"column":6},"end":{"line":60,"column":7}},"type":"if","locations":[{"start":{"line":54,"column":6},"end":{"line":60,"column":7}},{"start":{"line":58,"column":13},"end":{"line":60,"column":7}}],"line":54},"10":{"loc":{"start":{"line":62,"column":6},"end":{"line":68,"column":7}},"type":"if","locations":[{"start":{"line":62,"column":6},"end":{"line":68,"column":7}},{"start":{"line":66,"column":13},"end":{"line":68,"column":7}}],"line":62},"11":{"loc":{"start":{"line":62,"column":10},"end":{"line":62,"column":57}},"type":"binary-expr","locations":[{"start":{"line":62,"column":10},"end":{"line":62,"column":26}},{"start":{"line":62,"column":30},"end":{"line":62,"column":57}}],"line":62},"12":{"loc":{"start":{"line":70,"column":6},"end":{"line":82,"column":7}},"type":"if","locations":[{"start":{"line":70,"column":6},"end":{"line":82,"column":7}},{"start":{"line":80,"column":13},"end":{"line":82,"column":7}}],"line":70},"13":{"loc":{"start":{"line":72,"column":8},"end":{"line":76,"column":9}},"type":"if","locations":[{"start":{"line":72,"column":8},"end":{"line":76,"column":9}},{"start":{"line":74,"column":15},"end":{"line":76,"column":9}}],"line":72},"14":{"loc":{"start":{"line":84,"column":6},"end":{"line":86,"column":7}},"type":"if","locations":[{"start":{"line":84,"column":6},"end":{"line":86,"column":7}},{"start":{},"end":{}}],"line":84},"15":{"loc":{"start":{"line":89,"column":4},"end":{"line":96,"column":5}},"type":"if","locations":[{"start":{"line":89,"column":4},"end":{"line":96,"column":5}},{"start":{},"end":{}}],"line":89},"16":{"loc":{"start":{"line":102,"column":4},"end":{"line":107,"column":5}},"type":"if","locations":[{"start":{"line":102,"column":4},"end":{"line":107,"column":5}},{"start":{},"end":{}}],"line":102},"17":{"loc":{"start":{"line":113,"column":4},"end":{"line":117,"column":5}},"type":"if","locations":[{"start":{"line":113,"column":4},"end":{"line":117,"column":5}},{"start":{"line":115,"column":11},"end":{"line":117,"column":5}}],"line":113}},"s":{"0":0,"1":0,"2":0,"3":0,"4":0,"5":0,"6":0,"7":0,"8":0,"9":0,"10":0,"11":0,"12":0,"13":0,"14":0,"15":0,"16":0,"17":0,"18":0,"19":0,"20":0,"21":0,"22":0,"23":0,"24":0,"25":0,"26":0,"27":0,"28":0,"29":0,"30":0,"31":0,"32":0,"33":0,"34":0,"35":0,"36":0,"37":0,"38":0,"39":0,"40":0,"41":0,"42":0,"43":0,"44":0,"45":0,"46":0,"47":0,"48":0,"49":0,"50":0,"51":0,"52":0,"53":0,"54":0,"55":0,"56":0,"57":0,"58":0,"59":0,"60":0,"61":0,"62":0,"63":0},"f":{"0":0,"1":0,"2":0,"3":0,"4":0,"5":0},"b":{"0":[0,0],"1":[0,0],"2":[0,0],"3":[0,0],"4":[0,0],"5":[0,0],"6":[0,0],"7":[0,0],"8":[0,0],"9":[0,0],"10":[0,0],"11":[0,0],"12":[0,0],"13":[0,0],"14":[0,0],"15":[0,0],"16":[0,0],"17":[0,0]}}
,"/var/home/oplfun/projects/online-picket-line/opl-browser-plugin/content.js": {"path":"/var/home/oplfun/projects/online-picket-line/opl-browser-plugin/content.js","statementMap":{"0":{"start":{"line":2,"column":0},"end":{"line":168,"column":5}},"1":{"start":{"line":5,"column":22},"end":{"line":5,"column":26}},"2":{"start":{"line":12,"column":4},"end":{"line":14,"column":5}},"3":{"start":{"line":13,"column":6},"end":{"line":13,"column":13}},"4":{"start":{"line":16,"column":4},"end":{"line":35,"column":6}},"5":{"start":{"line":19,"column":8},"end":{"line":33,"column":9}},"6":{"start":{"line":20,"column":10},"end":{"line":24,"column":11}},"7":{"start":{"line":22,"column":12},"end":{"line":22,"column":57}},"8":{"start":{"line":23,"column":12},"end":{"line":23,"column":19}},"9":{"start":{"line":26,"column":10},"end":{"line":32,"column":11}},"10":{"start":{"line":27,"column":12},"end":{"line":31,"column":13}},"11":{"start":{"line":28,"column":14},"end":{"line":28,"column":40}},"12":{"start":{"line":30,"column":14},"end":{"line":30,"column":41}},"13":{"start":{"line":44,"column":4},"end":{"line":46,"column":5}},"14":{"start":{"line":45,"column":6},"end":{"line":45,"column":29}},"15":{"start":{"line":49,"column":19},"end":{"line":49,"column":48}},"16":{"start":{"line":50,"column":4},"end":{"line":50,"column":35}},"17":{"start":{"line":51,"column":4},"end":{"line":51,"column":36}},"18":{"start":{"line":53,"column":18},"end":{"line":53,"column":60}},"19":{"start":{"line":54,"column":24},"end":{"line":54,"column":100}},"20":{"start":{"line":55,"column":23},"end":{"line":55,"column":46}},"21":{"start":{"line":56,"column":24},"end":{"line":56,"column":60}},"22":{"start":{"line":57,"column":20},"end":{"line":57,"column":40}},"23":{"start":{"line":60,"column":18},"end":{"line":60,"column":20}},"24":{"start":{"line":61,"column":4},"end":{"line":61,"column":91}},"25":{"start":{"line":61,"column":57},"end":{"line":61,"column":91}},"26":{"start":{"line":62,"column":4},"end":{"line":62,"column":99}},"27":{"start":{"line":62,"column":26},"end":{"line":62,"column":99}},"28":{"start":{"line":63,"column":24},"end":{"line":63,"column":165}},"29":{"start":{"line":66,"column":21},"end":{"line":66,"column":152}},"30":{"start":{"line":68,"column":4},"end":{"line":82,"column":6}},"31":{"start":{"line":85,"column":21},"end":{"line":85,"column":62}},"32":{"start":{"line":86,"column":4},"end":{"line":89,"column":7}},"33":{"start":{"line":87,"column":6},"end":{"line":87,"column":22}},"34":{"start":{"line":88,"column":6},"end":{"line":88,"column":27}},"35":{"start":{"line":92,"column":4},"end":{"line":92,"column":38}},"36":{"start":{"line":93,"column":4},"end":{"line":93,"column":27}},"37":{"start":{"line":96,"column":4},"end":{"line":98,"column":12}},"38":{"start":{"line":97,"column":6},"end":{"line":97,"column":49}},"39":{"start":{"line":108,"column":4},"end":{"line":116,"column":7}},"40":{"start":{"line":114,"column":27},"end":{"line":114,"column":62}},"41":{"start":{"line":115,"column":6},"end":{"line":115,"column":42}},"42":{"start":{"line":125,"column":16},"end":{"line":125,"column":45}},"43":{"start":{"line":126,"column":4},"end":{"line":126,"column":27}},"44":{"start":{"line":127,"column":4},"end":{"line":127,"column":25}},"45":{"start":{"line":131,"column":2},"end":{"line":135,"column":3}},"46":{"start":{"line":132,"column":4},"end":{"line":132,"column":68}},"47":{"start":{"line":134,"column":4},"end":{"line":134,"column":23}},"48":{"start":{"line":139,"column":16},"end":{"line":139,"column":36}},"49":{"start":{"line":142,"column":2},"end":{"line":147,"column":5}},"50":{"start":{"line":143,"column":4},"end":{"line":146,"column":5}},"51":{"start":{"line":144,"column":6},"end":{"line":144,"column":37}},"52":{"start":{"line":145,"column":6},"end":{"line":145,"column":25}},"53":{"start":{"line":150,"column":28},"end":{"line":150,"column":45}},"54":{"start":{"line":151,"column":31},"end":{"line":151,"column":51}},"55":{"start":{"line":153,"column":2},"end":{"line":159,"column":4}},"56":{"start":{"line":154,"column":4},"end":{"line":154,"column":45}},"57":{"start":{"line":155,"column":4},"end":{"line":158,"column":5}},"58":{"start":{"line":156,"column":6},"end":{"line":156,"column":37}},"59":{"start":{"line":157,"column":6},"end":{"line":157,"column":25}},"60":{"start":{"line":161,"column":2},"end":{"line":167,"column":4}},"61":{"start":{"line":162,"column":4},"end":{"line":162,"column":48}},"62":{"start":{"line":163,"column":4},"end":{"line":166,"column":5}},"63":{"start":{"line":164,"column":6},"end":{"line":164,"column":37}},"64":{"start":{"line":165,"column":6},"end":{"line":165,"column":25}}},"fnMap":{"0":{"name":"(anonymous_0)","decl":{"start":{"line":2,"column":1},"end":{"line":2,"column":2}},"loc":{"start":{"line":2,"column":12},"end":{"line":168,"column":1}},"line":2},"1":{"name":"checkCurrentPage","decl":{"start":{"line":10,"column":11},"end":{"line":10,"column":27}},"loc":{"start":{"line":10,"column":30},"end":{"line":36,"column":3}},"line":10},"2":{"name":"(anonymous_2)","decl":{"start":{"line":18,"column":6},"end":{"line":18,"column":7}},"loc":{"start":{"line":18,"column":20},"end":{"line":34,"column":7}},"line":18},"3":{"name":"showBanner","decl":{"start":{"line":42,"column":11},"end":{"line":42,"column":21}},"loc":{"start":{"line":42,"column":30},"end":{"line":99,"column":3}},"line":42},"4":{"name":"(anonymous_4)","decl":{"start":{"line":86,"column":39},"end":{"line":86,"column":40}},"loc":{"start":{"line":86,"column":45},"end":{"line":89,"column":5}},"line":86},"5":{"name":"(anonymous_5)","decl":{"start":{"line":96,"column":15},"end":{"line":96,"column":16}},"loc":{"start":{"line":96,"column":21},"end":{"line":98,"column":5}},"line":96},"6":{"name":"blockPage","decl":{"start":{"line":105,"column":11},"end":{"line":105,"column":20}},"loc":{"start":{"line":105,"column":29},"end":{"line":117,"column":3}},"line":105},"7":{"name":"(anonymous_7)","decl":{"start":{"line":112,"column":7},"end":{"line":112,"column":8}},"loc":{"start":{"line":112,"column":13},"end":{"line":116,"column":5}},"line":112},"8":{"name":"escapeHtml","decl":{"start":{"line":124,"column":11},"end":{"line":124,"column":21}},"loc":{"start":{"line":124,"column":28},"end":{"line":128,"column":3}},"line":124},"9":{"name":"(anonymous_9)","decl":{"start":{"line":142,"column":38},"end":{"line":142,"column":39}},"loc":{"start":{"line":142,"column":44},"end":{"line":147,"column":3}},"line":142},"10":{"name":"(anonymous_10)","decl":{"start":{"line":153,"column":22},"end":{"line":153,"column":23}},"loc":{"start":{"line":153,"column":33},"end":{"line":159,"column":3}},"line":153},"11":{"name":"(anonymous_11)","decl":{"start":{"line":161,"column":25},"end":{"line":161,"column":26}},"loc":{"start":{"line":161,"column":36},"end":{"line":167,"column":3}},"line":161}},"branchMap":{"0":{"loc":{"start":{"line":12,"column":4},"end":{"line":14,"column":5}},"type":"if","locations":[{"start":{"line":12,"column":4},"end":{"line":14,"column":5}},{"start":{},"end":{}}],"line":12},"1":{"loc":{"start":{"line":19,"column":8},"end":{"line":33,"column":9}},"type":"if","locations":[{"start":{"line":19,"column":8},"end":{"line":33,"column":9}},{"start":{},"end":{}}],"line":19},"2":{"loc":{"start":{"line":20,"column":10},"end":{"line":24,"column":11}},"type":"if","locations":[{"start":{"line":20,"column":10},"end":{"line":24,"column":11}},{"start":{},"end":{}}],"line":20},"3":{"loc":{"start":{"line":26,"column":10},"end":{"line":32,"column":11}},"type":"if","locations":[{"start":{"line":26,"column":10},"end":{"line":32,"column":11}},{"start":{},"end":{}}],"line":26},"4":{"loc":{"start":{"line":27,"column":12},"end":{"line":31,"column":13}},"type":"if","locations":[{"start":{"line":27,"column":12},"end":{"line":31,"column":13}},{"start":{"line":29,"column":19},"end":{"line":31,"column":13}}],"line":27},"5":{"loc":{"start":{"line":44,"column":4},"end":{"line":46,"column":5}},"type":"if","locations":[{"start":{"line":44,"column":4},"end":{"line":46,"column":5}},{"start":{},"end":{}}],"line":44},"6":{"loc":{"start":{"line":53,"column":18},"end":{"line":53,"column":60}},"type":"binary-expr","locations":[{"start":{"line":53,"column":18},"end":{"line":53,"column":30}},{"start":{"line":53,"column":34},"end":{"line":53,"column":60}}],"line":53},"7":{"loc":{"start":{"line":54,"column":24},"end":{"line":54,"column":100}},"type":"binary-expr","locations":[{"start":{"line":54,"column":24},"end":{"line":54,"column":42}},{"start":{"line":54,"column":46},"end":{"line":54,"column":100}}],"line":54},"8":{"loc":{"start":{"line":55,"column":23},"end":{"line":55,"column":46}},"type":"binary-expr","locations":[{"start":{"line":55,"column":23},"end":{"line":55,"column":34}},{"start":{"line":55,"column":38},"end":{"line":55,"column":46}}],"line":55},"9":{"loc":{"start":{"line":56,"column":24},"end":{"line":56,"column":60}},"type":"binary-expr","locations":[{"start":{"line":56,"column":24},"end":{"line":56,"column":34}},{"start":{"line":56,"column":38},"end":{"line":56,"column":54}},{"start":{"line":56,"column":58},"end":{"line":56,"column":60}}],"line":56},"10":{"loc":{"start":{"line":57,"column":20},"end":{"line":57,"column":40}},"type":"binary-expr","locations":[{"start":{"line":57,"column":20},"end":{"line":57,"column":34}},{"start":{"line":57,"column":38},"end":{"line":57,"column":40}}],"line":57},"11":{"loc":{"start":{"line":61,"column":4},"end":{"line":61,"column":91}},"type":"if","locations":[{"start":{"line":61,"column":4},"end":{"line":61,"column":91}},{"start":{},"end":{}}],"line":61},"12":{"loc":{"start":{"line":61,"column":8},"end":{"line":61,"column":55}},"type":"binary-expr","locations":[{"start":{"line":61,"column":8},"end":{"line":61,"column":24}},{"start":{"line":61,"column":28},"end":{"line":61,"column":55}}],"line":61},"13":{"loc":{"start":{"line":62,"column":4},"end":{"line":62,"column":99}},"type":"if","locations":[{"start":{"line":62,"column":4},"end":{"line":62,"column":99}},{"start":{},"end":{}}],"line":62},"14":{"loc":{"start":{"line":63,"column":24},"end":{"line":63,"column":165}},"type":"cond-expr","locations":[{"start":{"line":63,"column":45},"end":{"line":63,"column":160}},{"start":{"line":63,"column":163},"end":{"line":63,"column":165}}],"line":63},"15":{"loc":{"start":{"line":66,"column":21},"end":{"line":66,"column":152}},"type":"cond-expr","locations":[{"start":{"line":66,"column":31},"end":{"line":66,"column":110}},{"start":{"line":66,"column":113},"end":{"line":66,"column":152}}],"line":66},"16":{"loc":{"start":{"line":76,"column":14},"end":{"line":76,"column":177}},"type":"cond-expr","locations":[{"start":{"line":76,"column":28},"end":{"line":76,"column":172}},{"start":{"line":76,"column":175},"end":{"line":76,"column":177}}],"line":76},"17":{"loc":{"start":{"line":131,"column":2},"end":{"line":135,"column":3}},"type":"if","locations":[{"start":{"line":131,"column":2},"end":{"line":135,"column":3}},{"start":{"line":133,"column":9},"end":{"line":135,"column":3}}],"line":131},"18":{"loc":{"start":{"line":143,"column":4},"end":{"line":146,"column":5}},"type":"if","locations":[{"start":{"line":143,"column":4},"end":{"line":146,"column":5}},{"start":{},"end":{}}],"line":143},"19":{"loc":{"start":{"line":155,"column":4},"end":{"line":158,"column":5}},"type":"if","locations":[{"start":{"line":155,"column":4},"end":{"line":158,"column":5}},{"start":{},"end":{}}],"line":155},"20":{"loc":{"start":{"line":163,"column":4},"end":{"line":166,"column":5}},"type":"if","locations":[{"start":{"line":163,"column":4},"end":{"line":166,"column":5}},{"start":{},"end":{}}],"line":163}},"s":{"0":0,"1":0,"2":0,"3":0,"4":0,"5":0,"6":0,"7":0,"8":0,"9":0,"10":0,"11":0,"12":0,"13":0,"14":0,"15":0,"16":0,"17":0,"18":0,"19":0,"20":0,"21":0,"22":0,"23":0,"24":0,"25":0,"26":0,"27":0,"28":0,"29":0,"30":0,"31":0,"32":0,"33":0,"34":0,"35":0,"36":0,"37":0,"38":0,"39":0,"40":0,"41":0,"42":0,"43":0,"44":0,"45":0,"46":0,"47":0,"48":0,"49":0,"50":0,"51":0,"52":0,"53":0,"54":0,"55":0,"56":0,"57":0,"58":0,"59":0,"60":0,"61":0,"62":0,"63":0,"64":0},"f":{"0":0,"1":0,"2":0,"3":0,"4":0,"5":0,"6":0,"7":0,"8":0,"9":0,"10":0,"11":0},"b":{"0":[0,0],"1":[0,0],"2":[0,0],"3":[0,0],"4":[0,0],"5":[0,0],"6":[0,0],"7":[0,0],"8":[0,0],"9":[0,0,0],"10":[0,0],"11":[0,0],"12":[0,0],"13":[0,0],"14":[0,0],"15":[0,0],"16":[0,0],"17":[0,0],"18":[0,0],"19":[0,0],"20":[0,0]}}
,"/var/home/oplfun/projects/online-picket-line/opl-browser-plugin/migration-helper.js": {"path":"/var/home/oplfun/projects/online-picket-line/opl-browser-plugin/migration-helper.js","statementMap":{"0":{"start":{"line":6,"column":4},"end":{"line":6,"column":31}},"1":{"start":{"line":7,"column":4},"end":{"line":7,"column":31}},"2":{"start":{"line":14,"column":4},"end":{"line":14,"column":49}},"3":{"start":{"line":16,"column":4},"end":{"line":39,"column":5}},"4":{"start":{"line":18,"column":26},"end":{"line":18,"column":95}},"5":{"start":{"line":21,"column":27},"end":{"line":27,"column":7}},"6":{"start":{"line":29,"column":6},"end":{"line":36,"column":7}},"7":{"start":{"line":30,"column":8},"end":{"line":30,"column":51}},"8":{"start":{"line":31,"column":28},"end":{"line":31,"column":77}},"9":{"start":{"line":33,"column":8},"end":{"line":35,"column":9}},"10":{"start":{"line":34,"column":10},"end":{"line":34,"column":83}},"11":{"start":{"line":38,"column":6},"end":{"line":38,"column":61}},"12":{"start":{"line":46,"column":4},"end":{"line":63,"column":5}},"13":{"start":{"line":47,"column":23},"end":{"line":49,"column":8}},"14":{"start":{"line":51,"column":6},"end":{"line":57,"column":7}},"15":{"start":{"line":52,"column":8},"end":{"line":56,"column":10}},"16":{"start":{"line":59,"column":19},"end":{"line":59,"column":40}},"17":{"start":{"line":60,"column":6},"end":{"line":60,"column":62}},"18":{"start":{"line":62,"column":6},"end":{"line":62,"column":54}},"19":{"start":{"line":70,"column":4},"end":{"line":70,"column":66}},"20":{"start":{"line":73,"column":20},"end":{"line":73,"column":40}},"21":{"start":{"line":74,"column":20},"end":{"line":74,"column":40}},"22":{"start":{"line":76,"column":22},"end":{"line":76,"column":67}},"23":{"start":{"line":76,"column":44},"end":{"line":76,"column":66}},"24":{"start":{"line":77,"column":24},"end":{"line":77,"column":69}},"25":{"start":{"line":77,"column":46},"end":{"line":77,"column":68}},"26":{"start":{"line":78,"column":23},"end":{"line":78,"column":67}},"27":{"start":{"line":78,"column":45},"end":{"line":78,"column":66}},"28":{"start":{"line":80,"column":4},"end":{"line":82,"column":5}},"29":{"start":{"line":81,"column":6},"end":{"line":81,"column":48}},"30":{"start":{"line":84,"column":4},"end":{"line":86,"column":5}},"31":{"start":{"line":85,"column":6},"end":{"line":85,"column":52}},"32":{"start":{"line":88,"column":4},"end":{"line":95,"column":5}},"33":{"start":{"line":89,"column":6},"end":{"line":89,"column":50}},"34":{"start":{"line":92,"column":6},"end":{"line":94,"column":7}},"35":{"start":{"line":93,"column":8},"end":{"line":93,"column":77}},"36":{"start":{"line":102,"column":4},"end":{"line":105,"column":5}},"37":{"start":{"line":103,"column":6},"end":{"line":103,"column":67}},"38":{"start":{"line":104,"column":6},"end":{"line":104,"column":13}},"39":{"start":{"line":107,"column":4},"end":{"line":107,"column":60}},"40":{"start":{"line":109,"column":20},"end":{"line":109,"column":35}},"41":{"start":{"line":110,"column":20},"end":{"line":110,"column":35}},"42":{"start":{"line":112,"column":24},"end":{"line":112,"column":44}},"43":{"start":{"line":113,"column":24},"end":{"line":113,"column":44}},"44":{"start":{"line":115,"column":24},"end":{"line":115,"column":77}},"45":{"start":{"line":115,"column":50},"end":{"line":115,"column":76}},"46":{"start":{"line":116,"column":26},"end":{"line":116,"column":79}},"47":{"start":{"line":116,"column":52},"end":{"line":116,"column":78}},"48":{"start":{"line":118,"column":4},"end":{"line":120,"column":5}},"49":{"start":{"line":119,"column":6},"end":{"line":119,"column":58}},"50":{"start":{"line":122,"column":4},"end":{"line":124,"column":5}},"51":{"start":{"line":123,"column":6},"end":{"line":123,"column":64}},"52":{"start":{"line":127,"column":4},"end":{"line":131,"column":5}},"53":{"start":{"line":128,"column":6},"end":{"line":128,"column":60}},"54":{"start":{"line":129,"column":6},"end":{"line":129,"column":81}},"55":{"start":{"line":130,"column":6},"end":{"line":130,"column":81}},"56":{"start":{"line":138,"column":4},"end":{"line":138,"column":40}},"57":{"start":{"line":139,"column":4},"end":{"line":139,"column":38}},"58":{"start":{"line":141,"column":20},"end":{"line":141,"column":22}},"59":{"start":{"line":144,"column":4},"end":{"line":151,"column":7}},"60":{"start":{"line":153,"column":4},"end":{"line":160,"column":7}},"61":{"start":{"line":162,"column":4},"end":{"line":169,"column":7}},"62":{"start":{"line":171,"column":4},"end":{"line":176,"column":7}},"63":{"start":{"line":172,"column":6},"end":{"line":172,"column":42}},"64":{"start":{"line":173,"column":6},"end":{"line":175,"column":9}},"65":{"start":{"line":174,"column":8},"end":{"line":174,"column":38}},"66":{"start":{"line":185,"column":0},"end":{"line":185,"column":47}}},"fnMap":{"0":{"name":"(anonymous_0)","decl":{"start":{"line":5,"column":2},"end":{"line":5,"column":3}},"loc":{"start":{"line":5,"column":36},"end":{"line":8,"column":3}},"line":5},"1":{"name":"(anonymous_1)","decl":{"start":{"line":13,"column":2},"end":{"line":13,"column":3}},"loc":{"start":{"line":13,"column":30},"end":{"line":40,"column":3}},"line":13},"2":{"name":"(anonymous_2)","decl":{"start":{"line":45,"column":2},"end":{"line":45,"column":3}},"loc":{"start":{"line":45,"column":40},"end":{"line":64,"column":3}},"line":45},"3":{"name":"(anonymous_3)","decl":{"start":{"line":69,"column":2},"end":{"line":69,"column":3}},"loc":{"start":{"line":69,"column":52},"end":{"line":96,"column":3}},"line":69},"4":{"name":"(anonymous_4)","decl":{"start":{"line":76,"column":37},"end":{"line":76,"column":38}},"loc":{"start":{"line":76,"column":44},"end":{"line":76,"column":66}},"line":76},"5":{"name":"(anonymous_5)","decl":{"start":{"line":77,"column":39},"end":{"line":77,"column":40}},"loc":{"start":{"line":77,"column":46},"end":{"line":77,"column":68}},"line":77},"6":{"name":"(anonymous_6)","decl":{"start":{"line":78,"column":38},"end":{"line":78,"column":39}},"loc":{"start":{"line":78,"column":45},"end":{"line":78,"column":66}},"line":78},"7":{"name":"(anonymous_7)","decl":{"start":{"line":101,"column":2},"end":{"line":101,"column":3}},"loc":{"start":{"line":101,"column":56},"end":{"line":132,"column":3}},"line":101},"8":{"name":"(anonymous_8)","decl":{"start":{"line":115,"column":43},"end":{"line":115,"column":44}},"loc":{"start":{"line":115,"column":50},"end":{"line":115,"column":76}},"line":115},"9":{"name":"(anonymous_9)","decl":{"start":{"line":116,"column":45},"end":{"line":116,"column":46}},"loc":{"start":{"line":116,"column":52},"end":{"line":116,"column":78}},"line":116},"10":{"name":"(anonymous_10)","decl":{"start":{"line":137,"column":2},"end":{"line":137,"column":3}},"loc":{"start":{"line":137,"column":33},"end":{"line":177,"column":3}},"line":137},"11":{"name":"(anonymous_11)","decl":{"start":{"line":171,"column":20},"end":{"line":171,"column":21}},"loc":{"start":{"line":171,"column":30},"end":{"line":176,"column":5}},"line":171},"12":{"name":"(anonymous_12)","decl":{"start":{"line":173,"column":29},"end":{"line":173,"column":30}},"loc":{"start":{"line":173,"column":39},"end":{"line":175,"column":7}},"line":173}},"branchMap":{"0":{"loc":{"start":{"line":33,"column":8},"end":{"line":35,"column":9}},"type":"if","locations":[{"start":{"line":33,"column":8},"end":{"line":35,"column":9}},{"start":{},"end":{}}],"line":33},"1":{"loc":{"start":{"line":33,"column":12},"end":{"line":33,"column":54}},"type":"binary-expr","locations":[{"start":{"line":33,"column":12},"end":{"line":33,"column":31}},{"start":{"line":33,"column":35},"end":{"line":33,"column":54}}],"line":33},"2":{"loc":{"start":{"line":51,"column":6},"end":{"line":57,"column":7}},"type":"if","locations":[{"start":{"line":51,"column":6},"end":{"line":57,"column":7}},{"start":{},"end":{}}],"line":51},"3":{"loc":{"start":{"line":80,"column":4},"end":{"line":82,"column":5}},"type":"if","locations":[{"start":{"line":80,"column":4},"end":{"line":82,"column":5}},{"start":{},"end":{}}],"line":80},"4":{"loc":{"start":{"line":84,"column":4},"end":{"line":86,"column":5}},"type":"if","locations":[{"start":{"line":84,"column":4},"end":{"line":86,"column":5}},{"start":{},"end":{}}],"line":84},"5":{"loc":{"start":{"line":88,"column":4},"end":{"line":95,"column":5}},"type":"if","locations":[{"start":{"line":88,"column":4},"end":{"line":95,"column":5}},{"start":{},"end":{}}],"line":88},"6":{"loc":{"start":{"line":92,"column":6},"end":{"line":94,"column":7}},"type":"if","locations":[{"start":{"line":92,"column":6},"end":{"line":94,"column":7}},{"start":{},"end":{}}],"line":92},"7":{"loc":{"start":{"line":92,"column":10},"end":{"line":92,"column":48}},"type":"binary-expr","locations":[{"start":{"line":92,"column":10},"end":{"line":92,"column":27}},{"start":{"line":92,"column":31},"end":{"line":92,"column":48}}],"line":92},"8":{"loc":{"start":{"line":102,"column":4},"end":{"line":105,"column":5}},"type":"if","locations":[{"start":{"line":102,"column":4},"end":{"line":105,"column":5}},{"start":{},"end":{}}],"line":102},"9":{"loc":{"start":{"line":102,"column":8},"end":{"line":102,"column":62}},"type":"binary-expr","locations":[{"start":{"line":102,"column":8},"end":{"line":102,"column":33}},{"start":{"line":102,"column":37},"end":{"line":102,"column":62}}],"line":102},"10":{"loc":{"start":{"line":118,"column":4},"end":{"line":120,"column":5}},"type":"if","locations":[{"start":{"line":118,"column":4},"end":{"line":120,"column":5}},{"start":{},"end":{}}],"line":118},"11":{"loc":{"start":{"line":122,"column":4},"end":{"line":124,"column":5}},"type":"if","locations":[{"start":{"line":122,"column":4},"end":{"line":124,"column":5}},{"start":{},"end":{}}],"line":122},"12":{"loc":{"start":{"line":127,"column":4},"end":{"line":131,"column":5}},"type":"if","locations":[{"start":{"line":127,"column":4},"end":{"line":131,"column":5}},{"start":{},"end":{}}],"line":127},"13":{"loc":{"start":{"line":127,"column":8},"end":{"line":127,"column":54}},"type":"binary-expr","locations":[{"start":{"line":127,"column":8},"end":{"line":127,"column":29}},{"start":{"line":127,"column":33},"end":{"line":127,"column":54}}],"line":127}},"s":{"0":0,"1":0,"2":0,"3":0,"4":0,"5":0,"6":0,"7":0,"8":0,"9":0,"10":0,"11":0,"12":0,"13":0,"14":0,"15":0,"16":0,"17":0,"18":0,"19":0,"20":0,"21":0,"22":0,"23":0,"24":0,"25":0,"26":0,"27":0,"28":0,"29":0,"30":0,"31":0,"32":0,"33":0,"34":0,"35":0,"36":0,"37":0,"38":0,"39":0,"40":0,"41":0,"42":0,"43":0,"44":0,"45":0,"46":0,"47":0,"48":0,"49":0,"50":0,"51":0,"52":0,"53":0,"54":0,"55":0,"56":0,"57":0,"58":0,"59":0,"60":0,"61":0,"62":0,"63":0,"64":0,"65":0,"66":0},"f":{"0":0,"1":0,"2":0,"3":0,"4":0,"5":0,"6":0,"7":0,"8":0,"9":0,"10":0,"11":0,"12":0},"b":{"0":[0,0],"1":[0,0],"2":[0,0],"3":[0,0],"4":[0,0],"5":[0,0],"6":[0,0],"7":[0,0],"8":[0,0],"9":[0,0],"10":[0,0],"11":[0,0],"12":[0,0],"13":[0,0]}}
,"/var/home/oplfun/projects/online-picket-line/opl-browser-plugin/popup.js": {"path":"/var/home/oplfun/projects/online-picket-line/opl-browser-plugin/popup.js","statementMap":{"0":{"start":{"line":6,"column":0},"end":{"line":200,"column":3}},"1":{"start":{"line":7,"column":26},"end":{"line":7,"column":64}},"2":{"start":{"line":8,"column":25},"end":{"line":8,"column":62}},"3":{"start":{"line":9,"column":20},"end":{"line":9,"column":53}},"4":{"start":{"line":10,"column":23},"end":{"line":10,"column":63}},"5":{"start":{"line":11,"column":30},"end":{"line":11,"column":77}},"6":{"start":{"line":12,"column":25},"end":{"line":12,"column":67}},"7":{"start":{"line":15,"column":2},"end":{"line":22,"column":5}},"8":{"start":{"line":16,"column":22},"end":{"line":16,"column":47}},"9":{"start":{"line":17,"column":4},"end":{"line":21,"column":5}},"10":{"start":{"line":18,"column":6},"end":{"line":18,"column":36}},"11":{"start":{"line":20,"column":6},"end":{"line":20,"column":37}},"12":{"start":{"line":25,"column":2},"end":{"line":25,"column":14}},"13":{"start":{"line":28,"column":22},"end":{"line":28,"column":62}},"14":{"start":{"line":29,"column":2},"end":{"line":43,"column":3}},"15":{"start":{"line":30,"column":4},"end":{"line":42,"column":7}},"16":{"start":{"line":31,"column":6},"end":{"line":41,"column":7}},"17":{"start":{"line":33,"column":8},"end":{"line":33,"column":31}},"18":{"start":{"line":34,"column":8},"end":{"line":34,"column":75}},"19":{"start":{"line":37,"column":8},"end":{"line":37,"column":59}},"20":{"start":{"line":39,"column":8},"end":{"line":39,"column":58}},"21":{"start":{"line":40,"column":8},"end":{"line":40,"column":58}},"22":{"start":{"line":46,"column":2},"end":{"line":51,"column":5}},"23":{"start":{"line":47,"column":4},"end":{"line":50,"column":5}},"24":{"start":{"line":48,"column":6},"end":{"line":48,"column":52}},"25":{"start":{"line":49,"column":6},"end":{"line":49,"column":46}},"26":{"start":{"line":53,"column":2},"end":{"line":58,"column":5}},"27":{"start":{"line":54,"column":4},"end":{"line":57,"column":5}},"28":{"start":{"line":55,"column":6},"end":{"line":55,"column":51}},"29":{"start":{"line":56,"column":6},"end":{"line":56,"column":46}},"30":{"start":{"line":66,"column":4},"end":{"line":66,"column":36}},"31":{"start":{"line":67,"column":4},"end":{"line":67,"column":43}},"32":{"start":{"line":69,"column":4},"end":{"line":73,"column":5}},"33":{"start":{"line":70,"column":6},"end":{"line":72,"column":15}},"34":{"start":{"line":71,"column":8},"end":{"line":71,"column":39}},"35":{"start":{"line":80,"column":4},"end":{"line":118,"column":7}},"36":{"start":{"line":81,"column":22},"end":{"line":81,"column":48}},"37":{"start":{"line":82,"column":24},"end":{"line":82,"column":46}},"38":{"start":{"line":85,"column":21},"end":{"line":85,"column":57}},"39":{"start":{"line":86,"column":6},"end":{"line":90,"column":7}},"40":{"start":{"line":87,"column":8},"end":{"line":87,"column":58}},"41":{"start":{"line":88,"column":8},"end":{"line":88,"column":77}},"42":{"start":{"line":89,"column":8},"end":{"line":89,"column":86}},"43":{"start":{"line":92,"column":28},"end":{"line":92,"column":112}},"44":{"start":{"line":92,"column":48},"end":{"line":92,"column":104}},"45":{"start":{"line":93,"column":24},"end":{"line":93,"column":89}},"46":{"start":{"line":93,"column":51},"end":{"line":93,"column":85}},"47":{"start":{"line":94,"column":22},"end":{"line":94,"column":110}},"48":{"start":{"line":95,"column":6},"end":{"line":97,"column":7}},"49":{"start":{"line":96,"column":8},"end":{"line":96,"column":100}},"50":{"start":{"line":98,"column":6},"end":{"line":113,"column":7}},"51":{"start":{"line":99,"column":20},"end":{"line":99,"column":42}},"52":{"start":{"line":100,"column":24},"end":{"line":100,"column":47}},"53":{"start":{"line":101,"column":22},"end":{"line":101,"column":46}},"54":{"start":{"line":103,"column":8},"end":{"line":109,"column":9}},"55":{"start":{"line":104,"column":10},"end":{"line":104,"column":65}},"56":{"start":{"line":105,"column":15},"end":{"line":109,"column":9}},"57":{"start":{"line":106,"column":10},"end":{"line":106,"column":71}},"58":{"start":{"line":108,"column":10},"end":{"line":108,"column":31}},"59":{"start":{"line":110,"column":8},"end":{"line":110,"column":51}},"60":{"start":{"line":111,"column":13},"end":{"line":113,"column":7}},"61":{"start":{"line":112,"column":8},"end":{"line":112,"column":70}},"62":{"start":{"line":115,"column":6},"end":{"line":115,"column":213}},"63":{"start":{"line":117,"column":6},"end":{"line":117,"column":41}},"64":{"start":{"line":125,"column":4},"end":{"line":198,"column":7}},"65":{"start":{"line":127,"column":6},"end":{"line":197,"column":9}},"66":{"start":{"line":128,"column":31},"end":{"line":128,"column":57}},"67":{"start":{"line":131,"column":27},"end":{"line":177,"column":9}},"68":{"start":{"line":180,"column":32},"end":{"line":180,"column":76}},"69":{"start":{"line":180,"column":59},"end":{"line":180,"column":75}},"70":{"start":{"line":181,"column":31},"end":{"line":181,"column":63}},"71":{"start":{"line":184,"column":8},"end":{"line":196,"column":11}},"72":{"start":{"line":189,"column":10},"end":{"line":195,"column":11}},"73":{"start":{"line":190,"column":12},"end":{"line":190,"column":45}},"74":{"start":{"line":193,"column":12},"end":{"line":193,"column":24}},"75":{"start":{"line":194,"column":12},"end":{"line":194,"column":22}}},"fnMap":{"0":{"name":"(anonymous_0)","decl":{"start":{"line":6,"column":46},"end":{"line":6,"column":47}},"loc":{"start":{"line":6,"column":52},"end":{"line":200,"column":1}},"line":6},"1":{"name":"(anonymous_1)","decl":{"start":{"line":15,"column":41},"end":{"line":15,"column":42}},"loc":{"start":{"line":15,"column":53},"end":{"line":22,"column":3}},"line":15},"2":{"name":"(anonymous_2)","decl":{"start":{"line":30,"column":42},"end":{"line":30,"column":43}},"loc":{"start":{"line":30,"column":54},"end":{"line":42,"column":5}},"line":30},"3":{"name":"(anonymous_3)","decl":{"start":{"line":46,"column":45},"end":{"line":46,"column":46}},"loc":{"start":{"line":46,"column":51},"end":{"line":51,"column":3}},"line":46},"4":{"name":"(anonymous_4)","decl":{"start":{"line":53,"column":44},"end":{"line":53,"column":45}},"loc":{"start":{"line":53,"column":50},"end":{"line":58,"column":3}},"line":53},"5":{"name":"showStatus","decl":{"start":{"line":65,"column":11},"end":{"line":65,"column":21}},"loc":{"start":{"line":65,"column":37},"end":{"line":74,"column":3}},"line":65},"6":{"name":"(anonymous_6)","decl":{"start":{"line":70,"column":17},"end":{"line":70,"column":18}},"loc":{"start":{"line":70,"column":23},"end":{"line":72,"column":7}},"line":70},"7":{"name":"loadStats","decl":{"start":{"line":79,"column":11},"end":{"line":79,"column":20}},"loc":{"start":{"line":79,"column":23},"end":{"line":119,"column":3}},"line":79},"8":{"name":"(anonymous_8)","decl":{"start":{"line":80,"column":88},"end":{"line":80,"column":89}},"loc":{"start":{"line":80,"column":100},"end":{"line":118,"column":5}},"line":80},"9":{"name":"(anonymous_9)","decl":{"start":{"line":92,"column":43},"end":{"line":92,"column":44}},"loc":{"start":{"line":92,"column":48},"end":{"line":92,"column":104}},"line":92},"10":{"name":"(anonymous_10)","decl":{"start":{"line":93,"column":39},"end":{"line":93,"column":40}},"loc":{"start":{"line":93,"column":51},"end":{"line":93,"column":85}},"line":93},"11":{"name":"enableTestMode","decl":{"start":{"line":124,"column":17},"end":{"line":124,"column":31}},"loc":{"start":{"line":124,"column":34},"end":{"line":199,"column":3}},"line":124},"12":{"name":"(anonymous_12)","decl":{"start":{"line":125,"column":23},"end":{"line":125,"column":24}},"loc":{"start":{"line":125,"column":44},"end":{"line":198,"column":5}},"line":125},"13":{"name":"(anonymous_13)","decl":{"start":{"line":127,"column":50},"end":{"line":127,"column":51}},"loc":{"start":{"line":127,"column":62},"end":{"line":197,"column":7}},"line":127},"14":{"name":"(anonymous_14)","decl":{"start":{"line":180,"column":54},"end":{"line":180,"column":55}},"loc":{"start":{"line":180,"column":59},"end":{"line":180,"column":75}},"line":180},"15":{"name":"(anonymous_15)","decl":{"start":{"line":188,"column":11},"end":{"line":188,"column":12}},"loc":{"start":{"line":188,"column":17},"end":{"line":196,"column":9}},"line":188}},"branchMap":{"0":{"loc":{"start":{"line":16,"column":22},"end":{"line":16,"column":47}},"type":"binary-expr","locations":[{"start":{"line":16,"column":22},"end":{"line":16,"column":38}},{"start":{"line":16,"column":42},"end":{"line":16,"column":47}}],"line":16},"1":{"loc":{"start":{"line":17,"column":4},"end":{"line":21,"column":5}},"type":"if","locations":[{"start":{"line":17,"column":4},"end":{"line":21,"column":5}},{"start":{"line":19,"column":11},"end":{"line":21,"column":5}}],"line":17},"2":{"loc":{"start":{"line":29,"column":2},"end":{"line":43,"column":3}},"type":"if","locations":[{"start":{"line":29,"column":2},"end":{"line":43,"column":3}},{"start":{},"end":{}}],"line":29},"3":{"loc":{"start":{"line":47,"column":4},"end":{"line":50,"column":5}},"type":"if","locations":[{"start":{"line":47,"column":4},"end":{"line":50,"column":5}},{"start":{},"end":{}}],"line":47},"4":{"loc":{"start":{"line":54,"column":4},"end":{"line":57,"column":5}},"type":"if","locations":[{"start":{"line":54,"column":4},"end":{"line":57,"column":5}},{"start":{},"end":{}}],"line":54},"5":{"loc":{"start":{"line":69,"column":4},"end":{"line":73,"column":5}},"type":"if","locations":[{"start":{"line":69,"column":4},"end":{"line":73,"column":5}},{"start":{},"end":{}}],"line":69},"6":{"loc":{"start":{"line":81,"column":22},"end":{"line":81,"column":48}},"type":"binary-expr","locations":[{"start":{"line":81,"column":22},"end":{"line":81,"column":42}},{"start":{"line":81,"column":46},"end":{"line":81,"column":48}}],"line":81},"7":{"loc":{"start":{"line":85,"column":21},"end":{"line":85,"column":57}},"type":"binary-expr","locations":[{"start":{"line":85,"column":21},"end":{"line":85,"column":45}},{"start":{"line":85,"column":49},"end":{"line":85,"column":57}}],"line":85},"8":{"loc":{"start":{"line":86,"column":6},"end":{"line":90,"column":7}},"type":"if","locations":[{"start":{"line":86,"column":6},"end":{"line":90,"column":7}},{"start":{},"end":{}}],"line":86},"9":{"loc":{"start":{"line":86,"column":10},"end":{"line":86,"column":47}},"type":"binary-expr","locations":[{"start":{"line":86,"column":10},"end":{"line":86,"column":29}},{"start":{"line":86,"column":33},"end":{"line":86,"column":47}}],"line":86},"10":{"loc":{"start":{"line":92,"column":48},"end":{"line":92,"column":104}},"type":"binary-expr","locations":[{"start":{"line":92,"column":49},"end":{"line":92,"column":58}},{"start":{"line":92,"column":62},"end":{"line":92,"column":83}},{"start":{"line":92,"column":88},"end":{"line":92,"column":104}}],"line":92},"11":{"loc":{"start":{"line":93,"column":58},"end":{"line":93,"column":84}},"type":"binary-expr","locations":[{"start":{"line":93,"column":58},"end":{"line":93,"column":79}},{"start":{"line":93,"column":83},"end":{"line":93,"column":84}}],"line":93},"12":{"loc":{"start":{"line":94,"column":78},"end":{"line":94,"column":108}},"type":"cond-expr","locations":[{"start":{"line":94,"column":100},"end":{"line":94,"column":103}},{"start":{"line":94,"column":106},"end":{"line":94,"column":108}}],"line":94},"13":{"loc":{"start":{"line":95,"column":6},"end":{"line":97,"column":7}},"type":"if","locations":[{"start":{"line":95,"column":6},"end":{"line":97,"column":7}},{"start":{},"end":{}}],"line":95},"14":{"loc":{"start":{"line":96,"column":61},"end":{"line":96,"column":87}},"type":"cond-expr","locations":[{"start":{"line":96,"column":79},"end":{"line":96,"column":82}},{"start":{"line":96,"column":85},"end":{"line":96,"column":87}}],"line":96},"15":{"loc":{"start":{"line":98,"column":6},"end":{"line":113,"column":7}},"type":"if","locations":[{"start":{"line":98,"column":6},"end":{"line":113,"column":7}},{"start":{"line":111,"column":13},"end":{"line":113,"column":7}}],"line":98},"16":{"loc":{"start":{"line":103,"column":8},"end":{"line":109,"column":9}},"type":"if","locations":[{"start":{"line":103,"column":8},"end":{"line":109,"column":9}},{"start":{"line":105,"column":15},"end":{"line":109,"column":9}}],"line":103},"17":{"loc":{"start":{"line":104,"column":36},"end":{"line":104,"column":58}},"type":"cond-expr","locations":[{"start":{"line":104,"column":50},"end":{"line":104,"column":53}},{"start":{"line":104,"column":56},"end":{"line":104,"column":58}}],"line":104},"18":{"loc":{"start":{"line":105,"column":15},"end":{"line":109,"column":9}},"type":"if","locations":[{"start":{"line":105,"column":15},"end":{"line":109,"column":9}},{"start":{"line":107,"column":15},"end":{"line":109,"column":9}}],"line":105},"19":{"loc":{"start":{"line":106,"column":40},"end":{"line":106,"column":64}},"type":"cond-expr","locations":[{"start":{"line":106,"column":56},"end":{"line":106,"column":59}},{"start":{"line":106,"column":62},"end":{"line":106,"column":64}}],"line":106},"20":{"loc":{"start":{"line":111,"column":13},"end":{"line":113,"column":7}},"type":"if","locations":[{"start":{"line":111,"column":13},"end":{"line":113,"column":7}},{"start":{},"end":{}}],"line":111},"21":{"loc":{"start":{"line":128,"column":31},"end":{"line":128,"column":57}},"type":"binary-expr","locations":[{"start":{"line":128,"column":31},"end":{"line":128,"column":51}},{"start":{"line":128,"column":55},"end":{"line":128,"column":57}}],"line":128},"22":{"loc":{"start":{"line":189,"column":10},"end":{"line":195,"column":11}},"type":"if","locations":[{"start":{"line":189,"column":10},"end":{"line":195,"column":11}},{"start":{"line":191,"column":17},"end":{"line":195,"column":11}}],"line":189}},"s":{"0":0,"1":0,"2":0,"3":0,"4":0,"5":0,"6":0,"7":0,"8":0,"9":0,"10":0,"11":0,"12":0,"13":0,"14":0,"15":0,"16":0,"17":0,"18":0,"19":0,"20":0,"21":0,"22":0,"23":0,"24":0,"25":0,"26":0,"27":0,"28":0,"29":0,"30":0,"31":0,"32":0,"33":0,"34":0,"35":0,"36":0,"37":0,"38":0,"39":0,"40":0,"41":0,"42":0,"43":0,"44":0,"45":0,"46":0,"47":0,"48":0,"49":0,"50":0,"51":0,"52":0,"53":0,"54":0,"55":0,"56":0,"57":0,"58":0,"59":0,"60":0,"61":0,"62":0,"63":0,"64":0,"65":0,"66":0,"67":0,"68":0,"69":0,"70":0,"71":0,"72":0,"73":0,"74":0,"75":0},"f":{"0":0,"1":0,"2":0,"3":0,"4":0,"5":0,"6":0,"7":0,"8":0,"9":0,"10":0,"11":0,"12":0,"13":0,"14":0,"15":0},"b":{"0":[0,0],"1":[0,0],"2":[0,0],"3":[0,0],"4":[0,0],"5":[0,0],"6":[0,0],"7":[0,0],"8":[0,0],"9":[0,0],"10":[0,0,0],"11":[0,0],"12":[0,0],"13":[0,0],"14":[0,0],"15":[0,0],"16":[0,0],"17":[0,0],"18":[0,0],"19":[0,0],"20":[0,0],"21":[0,0],"22":[0,0]}}
,"/var/home/oplfun/projects/online-picket-line/opl-browser-plugin/test-import.js": {"path":"/var/home/oplfun/projects/online-picket-line/opl-browser-plugin/test-import.js","statementMap":{"0":{"start":{"line":4,"column":0},"end":{"line":4,"column":63}},"1":{"start":{"line":7,"column":0},"end":{"line":11,"column":1}},"2":{"start":{"line":8,"column":2},"end":{"line":8,"column":68}},"3":{"start":{"line":10,"column":2},"end":{"line":10,"column":71}},"4":{"start":{"line":13,"column":0},"end":{"line":13,"column":48}},"5":{"start":{"line":14,"column":0},"end":{"line":20,"column":1}},"6":{"start":{"line":15,"column":2},"end":{"line":15,"column":35}},"7":{"start":{"line":16,"column":2},"end":{"line":16,"column":59}},"8":{"start":{"line":18,"column":2},"end":{"line":18,"column":64}},"9":{"start":{"line":19,"column":2},"end":{"line":19,"column":18}},"10":{"start":{"line":22,"column":0},"end":{"line":22,"column":43}},"11":{"start":{"line":23,"column":0},"end":{"line":30,"column":1}},"12":{"start":{"line":24,"column":21},"end":{"line":24,"column":48}},"13":{"start":{"line":25,"column":2},"end":{"line":25,"column":54}},"14":{"start":{"line":26,"column":2},"end":{"line":26,"column":56}},"15":{"start":{"line":28,"column":2},"end":{"line":28,"column":59}},"16":{"start":{"line":29,"column":2},"end":{"line":29,"column":18}},"17":{"start":{"line":32,"column":0},"end":{"line":32,"column":46}},"18":{"start":{"line":33,"column":0},"end":{"line":41,"column":1}},"19":{"start":{"line":34,"column":24},"end":{"line":34,"column":54}},"20":{"start":{"line":35,"column":2},"end":{"line":35,"column":57}},"21":{"start":{"line":36,"column":2},"end":{"line":36,"column":62}},"22":{"start":{"line":38,"column":2},"end":{"line":38,"column":62}},"23":{"start":{"line":39,"column":2},"end":{"line":39,"column":42}},"24":{"start":{"line":40,"column":2},"end":{"line":40,"column":18}},"25":{"start":{"line":43,"column":0},"end":{"line":43,"column":58}},"26":{"start":{"line":44,"column":0},"end":{"line":44,"column":83}}},"fnMap":{},"branchMap":{"0":{"loc":{"start":{"line":7,"column":0},"end":{"line":11,"column":1}},"type":"if","locations":[{"start":{"line":7,"column":0},"end":{"line":11,"column":1}},{"start":{"line":9,"column":7},"end":{"line":11,"column":1}}],"line":7}},"s":{"0":0,"1":0,"2":0,"3":0,"4":0,"5":0,"6":0,"7":0,"8":0,"9":0,"10":0,"11":0,"12":0,"13":0,"14":0,"15":0,"16":0,"17":0,"18":0,"19":0,"20":0,"21":0,"22":0,"23":0,"24":0,"25":0,"26":0},"f":{},"b":{"0":[0,0]}}
}
