TN:
SF:api-service.js
FN:12,(anonymous_0)
FN:20,(anonymous_1)
FN:30,(anonymous_2)
FN:53,(anonymous_3)
FN:144,(anonymous_4)
FN:171,(anonymous_5)
FN:194,(anonymous_6)
FN:204,(anonymous_7)
FN:221,(anonymous_8)
FN:240,(anonymous_9)
FN:241,(anonymous_10)
FN:242,(anonymous_11)
FN:268,(anonymous_12)
FN:269,(anonymous_13)
FN:280,(anonymous_14)
FN:281,(anonymous_15)
FN:290,(anonymous_16)
FN:291,(anonymous_17)
FN:292,(anonymous_18)
FN:302,(anonymous_19)
FN:303,(anonymous_20)
FNF:21
FNH:19
FNDA:20,(anonymous_0)
FNDA:4,(anonymous_1)
FNDA:1,(anonymous_2)
FNDA:5,(anonymous_3)
FNDA:6,(anonymous_4)
FNDA:21,(anonymous_5)
FNDA:26,(anonymous_6)
FNDA:0,(anonymous_7)
FNDA:0,(anonymous_8)
FNDA:11,(anonymous_9)
FNDA:11,(anonymous_10)
FNDA:11,(anonymous_11)
FNDA:2,(anonymous_12)
FNDA:2,(anonymous_13)
FNDA:1,(anonymous_14)
FNDA:1,(anonymous_15)
FNDA:5,(anonymous_16)
FNDA:5,(anonymous_17)
FNDA:5,(anonymous_18)
FNDA:2,(anonymous_19)
FNDA:2,(anonymous_20)
DA:4,1
DA:5,1
DA:6,1
DA:7,1
DA:8,1
DA:13,20
DA:14,20
DA:22,4
DA:23,4
DA:31,1
DA:54,5
DA:56,5
DA:57,5
DA:58,1
DA:59,1
DA:63,4
DA:66,4
DA:69,4
DA:70,4
DA:71,1
DA:74,4
DA:79,4
DA:84,4
DA:86,1
DA:87,1
DA:88,1
DA:89,1
DA:94,3
DA:95,1
DA:96,1
DA:99,2
DA:100,1
DA:103,1
DA:104,0
DA:107,1
DA:110,1
DA:111,1
DA:112,1
DA:116,1
DA:119,1
DA:121,1
DA:123,1
DA:125,2
DA:128,2
DA:129,2
DA:130,0
DA:131,0
DA:135,2
DA:145,6
DA:146,2
DA:149,4
DA:152,4
DA:154,9
DA:155,3
DA:159,6
DA:161,6
DA:171,21
DA:183,6
DA:186,4
DA:196,26
DA:205,0
DA:207,0
DA:208,0
DA:209,0
DA:210,0
DA:211,0
DA:213,0
DA:222,0
DA:223,0
DA:226,0
DA:227,0
DA:229,0
DA:230,0
DA:241,11
DA:242,11
DA:243,11
DA:244,11
DA:246,11
DA:247,6
DA:248,6
DA:251,5
DA:252,5
DA:254,5
DA:255,2
DA:256,2
DA:259,3
DA:269,2
DA:270,2
DA:281,1
DA:282,1
DA:291,5
DA:292,5
DA:293,5
DA:303,2
DA:304,2
DA:310,1
DA:311,1
LF:97
LH:81
BRDA:57,0,0,1
BRDA:57,0,1,4
BRDA:70,1,0,1
BRDA:70,1,1,3
BRDA:84,2,0,1
BRDA:84,2,1,3
BRDA:88,3,0,1
BRDA:88,3,1,0
BRDA:94,4,0,1
BRDA:94,4,1,2
BRDA:95,5,0,1
BRDA:95,5,1,0
BRDA:99,6,0,1
BRDA:99,6,1,1
BRDA:103,7,0,0
BRDA:103,7,1,1
BRDA:111,8,0,1
BRDA:111,8,1,0
BRDA:129,9,0,0
BRDA:129,9,1,2
BRDA:145,10,0,2
BRDA:145,10,1,4
BRDA:145,11,0,6
BRDA:145,11,1,5
BRDA:154,12,0,3
BRDA:154,12,1,6
BRDA:159,13,0,6
BRDA:159,13,1,0
BRDA:162,14,0,6
BRDA:162,14,1,0
BRDA:163,15,0,6
BRDA:163,15,1,0
BRDA:164,16,0,6
BRDA:164,16,1,0
BRDA:166,17,0,6
BRDA:166,17,1,0
BRDA:168,18,0,6
BRDA:168,18,1,0
BRDA:169,19,0,6
BRDA:169,19,1,0
BRDA:170,20,0,6
BRDA:170,20,1,0
BRDA:170,20,2,0
BRDA:171,21,0,6
BRDA:171,21,1,0
BRDA:172,22,0,6
BRDA:172,22,1,0
BRDA:173,23,0,6
BRDA:173,23,1,0
BRDA:174,24,0,6
BRDA:174,24,1,3
BRDA:174,24,2,3
BRDA:175,25,0,6
BRDA:175,25,1,3
BRDA:175,25,2,3
BRDA:176,26,0,6
BRDA:176,26,1,3
BRDA:178,27,0,6
BRDA:178,27,1,0
BRDA:205,28,0,0
BRDA:205,28,1,0
BRDA:208,29,0,0
BRDA:208,29,1,0
BRDA:209,30,0,0
BRDA:209,30,1,0
BRDA:210,31,0,0
BRDA:210,31,1,0
BRDA:211,32,0,0
BRDA:211,32,1,0
BRDA:240,33,0,6
BRDA:246,34,0,6
BRDA:246,34,1,5
BRDA:246,35,0,11
BRDA:246,35,1,5
BRDA:254,36,0,2
BRDA:254,36,1,3
BRDA:254,37,0,5
BRDA:254,37,1,3
BRDA:293,38,0,5
BRDA:293,38,1,3
BRDA:310,39,0,1
BRDA:310,39,1,0
BRDA:310,40,0,1
BRDA:310,40,1,1
BRF:84
BRH:55
end_of_record
TN:
SF:api-test.js
FN:4,testCurrentAPI
FN:41,testAlternativeEndpoints
FNF:2
FNH:0
FNDA:0,testCurrentAPI
FNDA:0,testAlternativeEndpoints
DA:5,0
DA:7,0
DA:9,0
DA:10,0
DA:17,0
DA:18,0
DA:20,0
DA:21,0
DA:22,0
DA:23,0
DA:24,0
DA:27,0
DA:28,0
DA:31,0
DA:32,0
DA:33,0
DA:36,0
DA:42,0
DA:43,0
DA:51,0
DA:52,0
DA:53,0
DA:54,0
DA:57,0
DA:58,0
DA:59,0
DA:60,0
DA:63,0
DA:69,0
LF:29
LH:0
BRDA:20,0,0,0
BRDA:20,0,1,0
BRDA:23,1,0,0
BRDA:23,1,1,0
BRDA:24,2,0,0
BRDA:24,2,1,0
BRDA:27,3,0,0
BRDA:27,3,1,0
BRDA:27,4,0,0
BRDA:27,4,1,0
BRDA:58,5,0,0
BRDA:58,5,1,0
BRF:12
BRH:0
end_of_record
TN:
SF:background.js
FN:11,(anonymous_0)
FN:16,(anonymous_1)
FN:23,(anonymous_2)
FN:34,refreshLaborActions
FN:80,matchUrlToAction
FN:139,(anonymous_5)
FN:151,(anonymous_6)
FN:155,(anonymous_7)
FN:169,(anonymous_8)
FN:180,(anonymous_9)
FN:188,(anonymous_10)
FN:194,(anonymous_11)
FN:203,(anonymous_12)
FNF:13
FNH:0
FNDA:0,(anonymous_0)
FNDA:0,(anonymous_1)
FNDA:0,(anonymous_2)
FNDA:0,refreshLaborActions
FNDA:0,matchUrlToAction
FNDA:0,(anonymous_5)
FNDA:0,(anonymous_6)
FNDA:0,(anonymous_7)
FNDA:0,(anonymous_8)
FNDA:0,(anonymous_9)
FNDA:0,(anonymous_10)
FNDA:0,(anonymous_11)
FNDA:0,(anonymous_12)
DA:2,0
DA:3,0
DA:5,0
DA:6,0
DA:11,0
DA:12,0
DA:13,0
DA:16,0
DA:17,0
DA:18,0
DA:23,0
DA:24,0
DA:25,0
DA:26,0
DA:35,0
DA:36,0
DA:37,0
DA:40,0
DA:46,0
DA:48,0
DA:51,0
DA:52,0
DA:54,0
DA:58,0
DA:59,0
DA:62,0
DA:64,0
DA:81,0
DA:82,0
DA:85,0
DA:86,0
DA:89,0
DA:91,0
DA:92,0
DA:96,0
DA:97,0
DA:98,0
DA:99,0
DA:100,0
DA:101,0
DA:104,0
DA:105,0
DA:110,0
DA:111,0
DA:113,0
DA:114,0
DA:117,0
DA:118,0
DA:123,0
DA:124,0
DA:125,0
DA:126,0
DA:132,0
DA:135,0
DA:139,0
DA:140,0
DA:142,0
DA:143,0
DA:144,0
DA:145,0
DA:146,0
DA:147,0
DA:151,0
DA:152,0
DA:153,0
DA:155,0
DA:156,0
DA:164,0
DA:165,0
DA:166,0
DA:167,0
DA:169,0
DA:171,0
DA:172,0
DA:173,0
DA:174,0
DA:175,0
DA:176,0
DA:181,0
DA:184,0
DA:185,0
DA:186,0
DA:187,0
DA:188,0
DA:189,0
DA:192,0
DA:193,0
DA:194,0
DA:195,0
DA:196,0
DA:198,0
DA:201,0
DA:202,0
DA:203,0
DA:204,0
DA:206,0
DA:211,0
LF:97
LH:0
BRDA:17,0,0,0
BRDA:17,0,1,0
BRDA:24,1,0,0
BRDA:24,1,1,0
BRDA:46,2,0,0
BRDA:46,2,1,0
BRDA:52,3,0,0
BRDA:52,3,1,0
BRDA:58,4,0,0
BRDA:58,4,1,0
BRDA:81,5,0,0
BRDA:81,5,1,0
BRDA:81,6,0,0
BRDA:81,6,1,0
BRDA:81,6,2,0
BRDA:91,7,0,0
BRDA:91,7,1,0
BRDA:91,8,0,0
BRDA:91,8,1,0
BRDA:96,9,0,0
BRDA:96,9,1,0
BRDA:96,10,0,0
BRDA:96,10,1,0
BRDA:100,11,0,0
BRDA:100,11,1,0
BRDA:111,12,0,0
BRDA:111,12,1,0
BRDA:111,12,2,0
BRDA:111,12,3,0
BRDA:117,13,0,0
BRDA:117,13,1,0
BRDA:117,14,0,0
BRDA:117,14,1,0
BRDA:123,15,0,0
BRDA:123,15,1,0
BRDA:125,16,0,0
BRDA:125,16,1,0
BRDA:140,17,0,0
BRDA:140,17,1,0
BRDA:142,18,0,0
BRDA:142,18,1,0
BRDA:142,19,0,0
BRDA:142,19,1,0
BRDA:144,20,0,0
BRDA:144,20,1,0
BRDA:144,21,0,0
BRDA:144,21,1,0
BRDA:152,22,0,0
BRDA:152,22,1,0
BRDA:158,23,0,0
BRDA:158,23,1,0
BRDA:165,24,0,0
BRDA:165,24,1,0
BRDA:166,25,0,0
BRDA:166,25,1,0
BRDA:173,26,0,0
BRDA:173,26,1,0
BRDA:174,27,0,0
BRDA:174,27,1,0
BRDA:185,28,0,0
BRDA:185,28,1,0
BRDA:186,29,0,0
BRDA:186,29,1,0
BRDA:189,30,0,0
BRDA:189,30,1,0
BRDA:193,31,0,0
BRDA:193,31,1,0
BRDA:195,32,0,0
BRDA:195,32,1,0
BRDA:202,33,0,0
BRDA:202,33,1,0
BRF:71
BRH:0
end_of_record
TN:
SF:block.js
FN:2,(anonymous_0)
FN:12,(anonymous_1)
FN:25,updateUI
FN:91,(anonymous_3)
FN:95,(anonymous_4)
FN:102,(anonymous_5)
FNF:6
FNH:0
FNDA:0,(anonymous_0)
FNDA:0,(anonymous_1)
FNDA:0,updateUI
FNDA:0,(anonymous_3)
FNDA:0,(anonymous_4)
FNDA:0,(anonymous_5)
DA:2,0
DA:3,0
DA:4,0
DA:5,0
DA:6,0
DA:7,0
DA:8,0
DA:9,0
DA:12,0
DA:13,0
DA:14,0
DA:17,0
DA:20,0
DA:21,0
DA:26,0
DA:28,0
DA:29,0
DA:32,0
DA:33,0
DA:36,0
DA:37,0
DA:38,0
DA:42,0
DA:43,0
DA:45,0
DA:46,0
DA:47,0
DA:48,0
DA:50,0
DA:53,0
DA:54,0
DA:55,0
DA:56,0
DA:58,0
DA:61,0
DA:62,0
DA:63,0
DA:64,0
DA:66,0
DA:68,0
DA:69,0
DA:70,0
DA:72,0
DA:75,0
DA:76,0
DA:80,0
DA:81,0
DA:82,0
DA:83,0
DA:85,0
DA:91,0
DA:92,0
DA:93,0
DA:95,0
DA:96,0
DA:102,0
DA:104,0
DA:105,0
DA:107,0
LF:59
LH:0
BRDA:13,0,0,0
BRDA:13,0,1,0
BRDA:26,1,0,0
BRDA:26,1,1,0
BRDA:28,2,0,0
BRDA:28,2,1,0
BRDA:29,3,0,0
BRDA:29,3,1,0
BRDA:32,4,0,0
BRDA:32,4,1,0
BRDA:36,5,0,0
BRDA:36,5,1,0
BRDA:36,6,0,0
BRDA:36,6,1,0
BRDA:37,7,0,0
BRDA:37,7,1,0
BRDA:45,8,0,0
BRDA:45,8,1,0
BRDA:53,9,0,0
BRDA:53,9,1,0
BRDA:53,10,0,0
BRDA:53,10,1,0
BRDA:61,11,0,0
BRDA:61,11,1,0
BRDA:63,12,0,0
BRDA:63,12,1,0
BRDA:75,13,0,0
BRDA:75,13,1,0
BRDA:80,14,0,0
BRDA:80,14,1,0
BRDA:93,15,0,0
BRDA:93,15,1,0
BRDA:104,16,0,0
BRDA:104,16,1,0
BRF:34
BRH:0
end_of_record
TN:
SF:content.js
FN:2,(anonymous_0)
FN:10,checkCurrentPage
FN:18,(anonymous_2)
FN:42,showBanner
FN:82,(anonymous_4)
FN:92,(anonymous_5)
FN:101,blockPage
FN:108,(anonymous_7)
FN:120,escapeHtml
FN:138,(anonymous_9)
FN:149,(anonymous_10)
FN:157,(anonymous_11)
FNF:12
FNH:0
FNDA:0,(anonymous_0)
FNDA:0,checkCurrentPage
FNDA:0,(anonymous_2)
FNDA:0,showBanner
FNDA:0,(anonymous_4)
FNDA:0,(anonymous_5)
FNDA:0,blockPage
FNDA:0,(anonymous_7)
FNDA:0,escapeHtml
FNDA:0,(anonymous_9)
FNDA:0,(anonymous_10)
FNDA:0,(anonymous_11)
DA:2,0
DA:5,0
DA:12,0
DA:13,0
DA:16,0
DA:19,0
DA:20,0
DA:22,0
DA:23,0
DA:26,0
DA:27,0
DA:28,0
DA:30,0
DA:44,0
DA:45,0
DA:49,0
DA:50,0
DA:51,0
DA:53,0
DA:54,0
DA:55,0
DA:56,0
DA:59,0
DA:60,0
DA:61,0
DA:62,0
DA:64,0
DA:81,0
DA:82,0
DA:83,0
DA:84,0
DA:88,0
DA:89,0
DA:92,0
DA:93,0
DA:104,0
DA:110,0
DA:111,0
DA:121,0
DA:122,0
DA:123,0
DA:127,0
DA:128,0
DA:130,0
DA:135,0
DA:138,0
DA:139,0
DA:140,0
DA:141,0
DA:146,0
DA:147,0
DA:149,0
DA:150,0
DA:151,0
DA:152,0
DA:153,0
DA:157,0
DA:158,0
DA:159,0
DA:160,0
DA:161,0
LF:61
LH:0
BRDA:12,0,0,0
BRDA:12,0,1,0
BRDA:19,1,0,0
BRDA:19,1,1,0
BRDA:20,2,0,0
BRDA:20,2,1,0
BRDA:26,3,0,0
BRDA:26,3,1,0
BRDA:27,4,0,0
BRDA:27,4,1,0
BRDA:44,5,0,0
BRDA:44,5,1,0
BRDA:53,6,0,0
BRDA:53,6,1,0
BRDA:54,7,0,0
BRDA:54,7,1,0
BRDA:55,8,0,0
BRDA:55,8,1,0
BRDA:56,9,0,0
BRDA:56,9,1,0
BRDA:56,9,2,0
BRDA:60,10,0,0
BRDA:60,10,1,0
BRDA:60,11,0,0
BRDA:60,11,1,0
BRDA:61,12,0,0
BRDA:61,12,1,0
BRDA:62,13,0,0
BRDA:62,13,1,0
BRDA:72,14,0,0
BRDA:72,14,1,0
BRDA:127,15,0,0
BRDA:127,15,1,0
BRDA:139,16,0,0
BRDA:139,16,1,0
BRDA:151,17,0,0
BRDA:151,17,1,0
BRDA:159,18,0,0
BRDA:159,18,1,0
BRF:39
BRH:0
end_of_record
TN:
SF:migration-helper.js
FN:5,(anonymous_0)
FN:13,(anonymous_1)
FN:45,(anonymous_2)
FN:69,(anonymous_3)
FN:76,(anonymous_4)
FN:77,(anonymous_5)
FN:78,(anonymous_6)
FN:101,(anonymous_7)
FN:115,(anonymous_8)
FN:116,(anonymous_9)
FN:137,(anonymous_10)
FN:171,(anonymous_11)
FN:173,(anonymous_12)
FNF:13
FNH:0
FNDA:0,(anonymous_0)
FNDA:0,(anonymous_1)
FNDA:0,(anonymous_2)
FNDA:0,(anonymous_3)
FNDA:0,(anonymous_4)
FNDA:0,(anonymous_5)
FNDA:0,(anonymous_6)
FNDA:0,(anonymous_7)
FNDA:0,(anonymous_8)
FNDA:0,(anonymous_9)
FNDA:0,(anonymous_10)
FNDA:0,(anonymous_11)
FNDA:0,(anonymous_12)
DA:6,0
DA:7,0
DA:14,0
DA:16,0
DA:18,0
DA:21,0
DA:29,0
DA:30,0
DA:31,0
DA:33,0
DA:34,0
DA:38,0
DA:46,0
DA:47,0
DA:51,0
DA:52,0
DA:59,0
DA:60,0
DA:62,0
DA:70,0
DA:73,0
DA:74,0
DA:76,0
DA:77,0
DA:78,0
DA:80,0
DA:81,0
DA:84,0
DA:85,0
DA:88,0
DA:89,0
DA:92,0
DA:93,0
DA:102,0
DA:103,0
DA:104,0
DA:107,0
DA:109,0
DA:110,0
DA:112,0
DA:113,0
DA:115,0
DA:116,0
DA:118,0
DA:119,0
DA:122,0
DA:123,0
DA:127,0
DA:128,0
DA:129,0
DA:130,0
DA:138,0
DA:139,0
DA:141,0
DA:144,0
DA:153,0
DA:162,0
DA:171,0
DA:172,0
DA:173,0
DA:174,0
DA:185,0
LF:62
LH:0
BRDA:33,0,0,0
BRDA:33,0,1,0
BRDA:33,1,0,0
BRDA:33,1,1,0
BRDA:51,2,0,0
BRDA:51,2,1,0
BRDA:80,3,0,0
BRDA:80,3,1,0
BRDA:84,4,0,0
BRDA:84,4,1,0
BRDA:88,5,0,0
BRDA:88,5,1,0
BRDA:92,6,0,0
BRDA:92,6,1,0
BRDA:92,7,0,0
BRDA:92,7,1,0
BRDA:102,8,0,0
BRDA:102,8,1,0
BRDA:102,9,0,0
BRDA:102,9,1,0
BRDA:118,10,0,0
BRDA:118,10,1,0
BRDA:122,11,0,0
BRDA:122,11,1,0
BRDA:127,12,0,0
BRDA:127,12,1,0
BRDA:127,13,0,0
BRDA:127,13,1,0
BRF:28
BRH:0
end_of_record
TN:
SF:popup.js
FN:6,(anonymous_0)
FN:15,(anonymous_1)
FN:30,(anonymous_2)
FN:46,(anonymous_3)
FN:53,(anonymous_4)
FN:65,showStatus
FN:70,(anonymous_6)
FN:79,loadStats
FN:80,(anonymous_8)
FN:92,(anonymous_9)
FN:93,(anonymous_10)
FN:124,enableTestMode
FN:125,(anonymous_12)
FN:127,(anonymous_13)
FN:180,(anonymous_14)
FN:188,(anonymous_15)
FNF:16
FNH:0
FNDA:0,(anonymous_0)
FNDA:0,(anonymous_1)
FNDA:0,(anonymous_2)
FNDA:0,(anonymous_3)
FNDA:0,(anonymous_4)
FNDA:0,showStatus
FNDA:0,(anonymous_6)
FNDA:0,loadStats
FNDA:0,(anonymous_8)
FNDA:0,(anonymous_9)
FNDA:0,(anonymous_10)
FNDA:0,enableTestMode
FNDA:0,(anonymous_12)
FNDA:0,(anonymous_13)
FNDA:0,(anonymous_14)
FNDA:0,(anonymous_15)
DA:6,0
DA:7,0
DA:8,0
DA:9,0
DA:10,0
DA:11,0
DA:12,0
DA:15,0
DA:16,0
DA:17,0
DA:18,0
DA:20,0
DA:25,0
DA:28,0
DA:29,0
DA:30,0
DA:31,0
DA:33,0
DA:34,0
DA:37,0
DA:39,0
DA:40,0
DA:46,0
DA:47,0
DA:48,0
DA:49,0
DA:53,0
DA:54,0
DA:55,0
DA:56,0
DA:66,0
DA:67,0
DA:69,0
DA:70,0
DA:71,0
DA:80,0
DA:81,0
DA:82,0
DA:85,0
DA:86,0
DA:87,0
DA:88,0
DA:89,0
DA:92,0
DA:93,0
DA:94,0
DA:95,0
DA:96,0
DA:98,0
DA:99,0
DA:100,0
DA:101,0
DA:103,0
DA:104,0
DA:105,0
DA:106,0
DA:108,0
DA:110,0
DA:111,0
DA:112,0
DA:115,0
DA:117,0
DA:125,0
DA:127,0
DA:128,0
DA:131,0
DA:180,0
DA:181,0
DA:184,0
DA:189,0
DA:190,0
DA:193,0
DA:194,0
LF:73
LH:0
BRDA:16,0,0,0
BRDA:16,0,1,0
BRDA:17,1,0,0
BRDA:17,1,1,0
BRDA:29,2,0,0
BRDA:29,2,1,0
BRDA:47,3,0,0
BRDA:47,3,1,0
BRDA:54,4,0,0
BRDA:54,4,1,0
BRDA:69,5,0,0
BRDA:69,5,1,0
BRDA:81,6,0,0
BRDA:81,6,1,0
BRDA:85,7,0,0
BRDA:85,7,1,0
BRDA:86,8,0,0
BRDA:86,8,1,0
BRDA:86,9,0,0
BRDA:86,9,1,0
BRDA:92,10,0,0
BRDA:92,10,1,0
BRDA:92,10,2,0
BRDA:93,11,0,0
BRDA:93,11,1,0
BRDA:94,12,0,0
BRDA:94,12,1,0
BRDA:95,13,0,0
BRDA:95,13,1,0
BRDA:96,14,0,0
BRDA:96,14,1,0
BRDA:98,15,0,0
BRDA:98,15,1,0
BRDA:103,16,0,0
BRDA:103,16,1,0
BRDA:104,17,0,0
BRDA:104,17,1,0
BRDA:105,18,0,0
BRDA:105,18,1,0
BRDA:106,19,0,0
BRDA:106,19,1,0
BRDA:111,20,0,0
BRDA:111,20,1,0
BRDA:128,21,0,0
BRDA:128,21,1,0
BRDA:189,22,0,0
BRDA:189,22,1,0
BRF:47
BRH:0
end_of_record
TN:
SF:test-import.js
FNF:0
FNH:0
DA:4,0
DA:7,0
DA:8,0
DA:10,0
DA:13,0
DA:14,0
DA:15,0
DA:16,0
DA:18,0
DA:19,0
DA:22,0
DA:23,0
DA:24,0
DA:25,0
DA:26,0
DA:28,0
DA:29,0
DA:32,0
DA:33,0
DA:34,0
DA:35,0
DA:36,0
DA:38,0
DA:39,0
DA:40,0
DA:43,0
DA:44,0
LF:27
LH:0
BRDA:7,0,0,0
BRDA:7,0,1,0
BRF:2
BRH:0
end_of_record
